#
# A fatal error has been detected by the Java Runtime Environment:
#
#  EXCEPTION_ACCESS_VIOLATION (0xc0000005) at pc=0x000000000c3a415e, pid=1436, tid=8632
#
# JRE version: Java(TM) SE Runtime Environment (8.0_45-b14) (build 1.8.0_45-b14)
# Java VM: Java HotSpot(TM) 64-Bit Server VM (25.45-b02 mixed mode windows-amd64 compressed oops)
# Problematic frame:
# C  [avcodec-56.dll+0x35415e]
#
# Failed to write core dump. Minidumps are not enabled by default on client versions of Windows
#
# If you would like to submit a bug report, please visit:
#   http://bugreport.java.com/bugreport/crash.jsp
# The crash happened outside the Java Virtual Machine in native code.
# See problematic frame for where to report the bug.
#

---------------  T H R E A D  ---------------

Current thread (0x000000000b34b800):  JavaThread "Thread-1587" [_thread_in_native, id=8632, stack(0x000000000ba40000,0x000000000bb40000)]

siginfo: ExceptionCode=0xc0000005, reading address 0x0000000000000140

Registers:
RAX=0x0000000000000001, RBX=0x0000000000000140, RCX=0x000000000c002620, RDX=0x0000000000000140
RSP=0x000000000bb3e880, RBP=0x000000001e0100a0, RSI=0x0000000000000140, RDI=0x000000000c002620
R8 =0x0000000000000140, R9 =0x0000000002547440, R10=0x0000000000000000, R11=0x0000000000000001
R12=0x000000000c002620, R13=0x000000000c00e660, R14=0x000000000ae67cf0, R15=0x0000000000000319
RIP=0x000000000c3a415e, EFLAGS=0x0000000000010202

Top of Stack: (sp=0x000000000bb3e880)
0x000000000bb3e880:   00000000000000f0 000000000bb3ea30
0x000000000bb3e890:   00000000773703d0 0000000000000000
0x000000000bb3e8a0:   0000000000000010 0000000002620000
0x000000000bb3e8b0:   0000000000000000 000000000ae67cf0
0x000000000bb3e8c0:   0000000002547440 000000000c3addd9
0x000000000bb3e8d0:   0000000000000000 0000000000000004
0x000000000bb3e8e0:   000003bcffff0000 0000000002500470
0x000000000bb3e8f0:   0000000000000140 00000000000000a0
0x000000000bb3e900:   00000000000003c0 000000001e0ca400
0x000000000bb3e910:   0000000000000000 000000000bb3ea10
0x000000000bb3e920:   000000000bb3ea30 0000000000000000
0x000000000bb3e930:   0000000000000318 000000000c00e660
0x000000000bb3e940:   000000001e0c4680 0000000000000000
0x000000000bb3e950:   0000000000000001 0000000000000000
0x000000000bb3e960:   0000000000000000 0000000000000000
0x000000000bb3e970:   00000000000000f0 000000000bb3ea30 

Instructions: (pc=0x000000000c3a415e)
0x000000000c3a413e:   00 00 83 c0 01 49 81 c0 40 01 00 00 48 81 fa 00
0x000000000c3a414e:   2d 00 00 74 9f 4d 39 d0 48 89 d6 4c 89 c3 74 db
0x000000000c3a415e:   4d 8b 08 49 83 b9 d0 01 00 00 00 75 b9 41 8b 90
0x000000000c3a416e:   f4 00 00 00 85 d2 75 0a 48 83 c4 30 5b 5e 5f c3 


Register to memory mapping:

RAX=0x0000000000000001 is an unknown value
RBX=0x0000000000000140 is an unknown value
RCX=0x000000000c002620 is an unknown value
RDX=0x0000000000000140 is an unknown value
RSP=0x000000000bb3e880 is pointing into the stack for thread: 0x000000000b34b800
RBP=0x000000001e0100a0 is an unknown value
RSI=0x0000000000000140 is an unknown value
RDI=0x000000000c002620 is an unknown value
R8 =0x0000000000000140 is an unknown value
R9 =0x0000000002547440 is an unknown value
R10=0x0000000000000000 is an unknown value
R11=0x0000000000000001 is an unknown value
R12=0x000000000c002620 is an unknown value
R13=0x000000000c00e660 is an unknown value
R14=0x000000000ae67cf0 is an unknown value
R15=0x0000000000000319 is an unknown value


Stack: [0x000000000ba40000,0x000000000bb40000],  sp=0x000000000bb3e880,  free space=1018k
Native frames: (J=compiled Java code, j=interpreted, Vv=VM code, C=native code)
C  [avcodec-56.dll+0x35415e]
C  [avcodec-56.dll+0x35ddd9]
C  [avcodec-56.dll+0x49194c]
C  [jniavcodec.dll+0x34d4b]
C  0x000000000f14c79e

Java frames: (J=compiled Java code, j=interpreted, Vv=VM code)
J 1119  org.bytedeco.javacpp.avcodec.avcodec_encode_video2(Lorg/bytedeco/javacpp/avcodec$AVCodecContext;Lorg/bytedeco/javacpp/avcodec$AVPacket;Lorg/bytedeco/javacpp/avutil$AVFrame;[I)I (0 bytes) @ 0x000000000f14c718 [0x000000000f14c680+0x98]
J 1112 C1 org.bytedeco.javacv.FFmpegFrameRecorder.recordImage(IIIIII[Ljava/nio/Buffer;)Z (1156 bytes) @ 0x000000000f3fabfc [0x000000000f3f86e0+0x251c]
J 1111 C1 org.bytedeco.javacv.FFmpegFrameRecorder.record(Lorg/bytedeco/javacv/Frame;)V (104 bytes) @ 0x000000000f3f2b24 [0x000000000f3f2960+0x1c4]
J 1110 C1 JolleeB.BachelorT.DeEnCoding.DynamicVideoCreator.lambda$2([B)V (147 bytes) @ 0x000000000f40dc14 [0x000000000f40d1a0+0xa74]
J 1109 C1 JolleeB.BachelorT.DeEnCoding.DynamicVideoCreator$$Lambda$1.run()V (12 bytes) @ 0x000000000f379d0c [0x000000000f379c80+0x8c]
J 998 C1 java.lang.Thread.run()V (17 bytes) @ 0x000000000f44f304 [0x000000000f44f1c0+0x144]
v  ~StubRoutines::call_stub

---------------  P R O C E S S  ---------------

Java Threads: ( => current thread )
  0x000000000262f800 JavaThread "DestroyJavaVM" [_thread_blocked, id=8108, stack(0x0000000002990000,0x0000000002a90000)]
=>0x000000000b34b800 JavaThread "Thread-1587" [_thread_in_native, id=8632, stack(0x000000000ba40000,0x000000000bb40000)]
  0x0000000009ef1000 JavaThread "Service Thread" daemon [_thread_blocked, id=8948, stack(0x000000000a9e0000,0x000000000aae0000)]
  0x0000000008a1a000 JavaThread "C1 CompilerThread2" daemon [_thread_blocked, id=8692, stack(0x000000000a840000,0x000000000a940000)]
  0x0000000008a19800 JavaThread "C2 CompilerThread1" daemon [_thread_blocked, id=8744, stack(0x000000000a560000,0x000000000a660000)]
  0x0000000009e7b800 JavaThread "C2 CompilerThread0" daemon [_thread_blocked, id=5684, stack(0x0000000009b30000,0x0000000009c30000)]
  0x0000000009e74000 JavaThread "Attach Listener" daemon [_thread_blocked, id=8028, stack(0x000000000a420000,0x000000000a520000)]
  0x0000000009e72800 JavaThread "Signal Dispatcher" daemon [_thread_blocked, id=4808, stack(0x000000000a270000,0x000000000a370000)]
  0x00000000089b8800 JavaThread "Finalizer" daemon [_thread_blocked, id=7672, stack(0x0000000009d70000,0x0000000009e70000)]
  0x00000000089b1800 JavaThread "Reference Handler" daemon [_thread_blocked, id=6756, stack(0x0000000009c70000,0x0000000009d70000)]

Other Threads:
  0x00000000089ab800 VMThread [stack: 0x0000000009990000,0x0000000009a90000] [id=2736]
  0x0000000009ef2000 WatcherThread [stack: 0x000000000ab50000,0x000000000ac50000] [id=6424]

VM state:not at safepoint (normal execution)

VM Mutex/Monitor currently owned by a thread: None

Heap:
 PSYoungGen      total 45056K, used 20522K [0x00000000d5f80000, 0x00000000d8f00000, 0x0000000100000000)
  eden space 41472K, 44% used [0x00000000d5f80000,0x00000000d71707a8,0x00000000d8800000)
  from space 3584K, 60% used [0x00000000d8b80000,0x00000000d8d9a430,0x00000000d8f00000)
  to   space 3584K, 0% used [0x00000000d8800000,0x00000000d8800000,0x00000000d8b80000)
 ParOldGen       total 50176K, used 26051K [0x0000000081e00000, 0x0000000084f00000, 0x00000000d5f80000)
  object space 50176K, 51% used [0x0000000081e00000,0x0000000083770ca0,0x0000000084f00000)
 Metaspace       used 8637K, capacity 8772K, committed 8960K, reserved 1056768K
  class space    used 921K, capacity 984K, committed 1024K, reserved 1048576K

Card table byte_map: [0x0000000003120000,0x0000000003520000] byte_map_base: 0x0000000002d11000

Marking Bits: (ParMarkBitMap*) 0x0000000062a74040
 Begin Bits: [0x0000000003d10000, 0x0000000005c98000)
 End Bits:   [0x0000000005c98000, 0x0000000007c20000)

Polling page: 0x0000000000220000

CodeCache: size=245760Kb used=4277Kb max_used=4461Kb free=241482Kb
 bounds [0x000000000f010000, 0x000000000f480000, 0x000000001e010000]
 total_blobs=1482 nmethods=1023 adapters=372
 compilation: enabled

Compilation events (10 events):
Event: 113.806 Thread 0x0000000008a19800 1142       4       java.awt.image.ComponentSampleModel::getNumDataElements (5 bytes)
Event: 113.806 Thread 0x0000000008a19800 nmethod 1142 0x000000000f136550 code [0x000000000f136680, 0x000000000f1366d8]
Event: 150.488 Thread 0x0000000008a1a000 1143       1       java.lang.reflect.Field::getName (5 bytes)
Event: 150.488 Thread 0x0000000008a1a000 nmethod 1143 0x000000000f3f7610 code [0x000000000f3f7760, 0x000000000f3f7870]
Event: 151.420 Thread 0x0000000008a1a000 1144       3       sun.misc.FDBigInteger::mult (64 bytes)
Event: 151.421 Thread 0x0000000008a1a000 nmethod 1144 0x000000000f13e210 code [0x000000000f13e380, 0x000000000f13e610]
Event: 151.421 Thread 0x0000000008a1a000 1145       3       sun.misc.FDBigInteger::<init> (30 bytes)
Event: 151.421 Thread 0x0000000008a1a000 nmethod 1145 0x000000000f2924d0 code [0x000000000f292640, 0x000000000f292848]
Event: 151.421 Thread 0x0000000008a1a000 1146       3       sun.misc.FDBigInteger::trimLeadingZeros (57 bytes)
Event: 151.421 Thread 0x0000000008a1a000 nmethod 1146 0x000000000f291f10 code [0x000000000f292080, 0x000000000f2923b0]

GC Heap History (10 events):
Event: 149.904 GC heap before
{Heap before GC invocations=831 (full 7):
 PSYoungGen      total 33280K, used 33156K [0x00000000d5f80000, 0x00000000d8a00000, 0x0000000100000000)
  eden space 32256K, 100% used [0x00000000d5f80000,0x00000000d7f00000,0x00000000d7f00000)
  from space 1024K, 87% used [0x00000000d8500000,0x00000000d85e1010,0x00000000d8600000)
  to   space 3584K, 0% used [0x00000000d8680000,0x00000000d8680000,0x00000000d8a00000)
 ParOldGen       total 50176K, used 23777K [0x0000000081e00000, 0x0000000084f00000, 0x00000000d5f80000)
  object space 50176K, 47% used [0x0000000081e00000,0x0000000083538460,0x0000000084f00000)
 Metaspace       used 8578K, capacity 8708K, committed 8960K, reserved 1056768K
  class space    used 915K, capacity 984K, committed 1024K, reserved 1048576K
Event: 149.905 GC heap after
Heap after GC invocations=831 (full 7):
 PSYoungGen      total 34304K, used 2089K [0x00000000d5f80000, 0x00000000d8900000, 0x0000000100000000)
  eden space 31744K, 0% used [0x00000000d5f80000,0x00000000d5f80000,0x00000000d7e80000)
  from space 2560K, 81% used [0x00000000d8680000,0x00000000d888a430,0x00000000d8900000)
  to   space 3584K, 0% used [0x00000000d8200000,0x00000000d8200000,0x00000000d8580000)
 ParOldGen       total 50176K, used 23777K [0x0000000081e00000, 0x0000000084f00000, 0x00000000d5f80000)
  object space 50176K, 47% used [0x0000000081e00000,0x0000000083538460,0x0000000084f00000)
 Metaspace       used 8578K, capacity 8708K, committed 8960K, reserved 1056768K
  class space    used 915K, capacity 984K, committed 1024K, reserved 1048576K
}
Event: 150.087 GC heap before
{Heap before GC invocations=832 (full 7):
 PSYoungGen      total 34304K, used 33833K [0x00000000d5f80000, 0x00000000d8900000, 0x0000000100000000)
  eden space 31744K, 100% used [0x00000000d5f80000,0x00000000d7e80000,0x00000000d7e80000)
  from space 2560K, 81% used [0x00000000d8680000,0x00000000d888a430,0x00000000d8900000)
  to   space 3584K, 0% used [0x00000000d8200000,0x00000000d8200000,0x00000000d8580000)
 ParOldGen       total 50176K, used 23777K [0x0000000081e00000, 0x0000000084f00000, 0x00000000d5f80000)
  object space 50176K, 47% used [0x0000000081e00000,0x0000000083538460,0x0000000084f00000)
 Metaspace       used 8578K, capacity 8708K, committed 8960K, reserved 1056768K
  class space    used 915K, capacity 984K, committed 1024K, reserved 1048576K
Event: 150.089 GC heap after
Heap after GC invocations=832 (full 7):
 PSYoungGen      total 33792K, used 2089K [0x00000000d5f80000, 0x00000000d8700000, 0x0000000100000000)
  eden space 31232K, 0% used [0x00000000d5f80000,0x00000000d5f80000,0x00000000d7e00000)
  from space 2560K, 81% used [0x00000000d8200000,0x00000000d840a430,0x00000000d8480000)
  to   space 2560K, 0% used [0x00000000d8480000,0x00000000d8480000,0x00000000d8700000)
 ParOldGen       total 50176K, used 23777K [0x0000000081e00000, 0x0000000084f00000, 0x00000000d5f80000)
  object space 50176K, 47% used [0x0000000081e00000,0x0000000083538460,0x0000000084f00000)
 Metaspace       used 8578K, capacity 8708K, committed 8960K, reserved 1056768K
  class space    used 915K, capacity 984K, committed 1024K, reserved 1048576K
}
Event: 150.266 GC heap before
{Heap before GC invocations=833 (full 7):
 PSYoungGen      total 33792K, used 33321K [0x00000000d5f80000, 0x00000000d8700000, 0x0000000100000000)
  eden space 31232K, 100% used [0x00000000d5f80000,0x00000000d7e00000,0x00000000d7e00000)
  from space 2560K, 81% used [0x00000000d8200000,0x00000000d840a430,0x00000000d8480000)
  to   space 2560K, 0% used [0x00000000d8480000,0x00000000d8480000,0x00000000d8700000)
 ParOldGen       total 50176K, used 23777K [0x0000000081e00000, 0x0000000084f00000, 0x00000000d5f80000)
  object space 50176K, 47% used [0x0000000081e00000,0x0000000083538460,0x0000000084f00000)
 Metaspace       used 8578K, capacity 8708K, committed 8960K, reserved 1056768K
  class space    used 915K, capacity 984K, committed 1024K, reserved 1048576K
Event: 150.272 GC heap after
Heap after GC invocations=833 (full 7):
 PSYoungGen      total 36864K, used 2121K [0x00000000d5f80000, 0x00000000d8b80000, 0x0000000100000000)
  eden space 34304K, 0% used [0x00000000d5f80000,0x00000000d5f80000,0x00000000d8100000)
  from space 2560K, 82% used [0x00000000d8480000,0x00000000d8692430,0x00000000d8700000)
  to   space 3584K, 0% used [0x00000000d8100000,0x00000000d8100000,0x00000000d8480000)
 ParOldGen       total 50176K, used 24010K [0x0000000081e00000, 0x0000000084f00000, 0x00000000d5f80000)
  object space 50176K, 47% used [0x0000000081e00000,0x0000000083572870,0x0000000084f00000)
 Metaspace       used 8578K, capacity 8708K, committed 8960K, reserved 1056768K
  class space    used 915K, capacity 984K, committed 1024K, reserved 1048576K
}
Event: 150.328 GC heap before
{Heap before GC invocations=834 (full 7):
 PSYoungGen      total 36864K, used 36425K [0x00000000d5f80000, 0x00000000d8b80000, 0x0000000100000000)
  eden space 34304K, 100% used [0x00000000d5f80000,0x00000000d8100000,0x00000000d8100000)
  from space 2560K, 82% used [0x00000000d8480000,0x00000000d8692430,0x00000000d8700000)
  to   space 3584K, 0% used [0x00000000d8100000,0x00000000d8100000,0x00000000d8480000)
 ParOldGen       total 50176K, used 24010K [0x0000000081e00000, 0x0000000084f00000, 0x00000000d5f80000)
  object space 50176K, 47% used [0x0000000081e00000,0x0000000083572870,0x0000000084f00000)
 Metaspace       used 8578K, capacity 8708K, committed 8960K, reserved 1056768K
  class space    used 915K, capacity 984K, committed 1024K, reserved 1048576K
Event: 150.329 GC heap after
Heap after GC invocations=834 (full 7):
 PSYoungGen      total 37888K, used 32K [0x00000000d5f80000, 0x00000000d8f00000, 0x0000000100000000)
  eden space 34304K, 0% used [0x00000000d5f80000,0x00000000d5f80000,0x00000000d8100000)
  from space 3584K, 0% used [0x00000000d8100000,0x00000000d8108000,0x00000000d8480000)
  to   space 3584K, 0% used [0x00000000d8b80000,0x00000000d8b80000,0x00000000d8f00000)
 ParOldGen       total 50176K, used 26051K [0x0000000081e00000, 0x0000000084f00000, 0x00000000d5f80000)
  object space 50176K, 51% used [0x0000000081e00000,0x0000000083770ca0,0x0000000084f00000)
 Metaspace       used 8578K, capacity 8708K, committed 8960K, reserved 1056768K
  class space    used 915K, capacity 984K, committed 1024K, reserved 1048576K
}
Event: 151.254 GC heap before
{Heap before GC invocations=835 (full 7):
 PSYoungGen      total 37888K, used 34336K [0x00000000d5f80000, 0x00000000d8f00000, 0x0000000100000000)
  eden space 34304K, 100% used [0x00000000d5f80000,0x00000000d8100000,0x00000000d8100000)
  from space 3584K, 0% used [0x00000000d8100000,0x00000000d8108000,0x00000000d8480000)
  to   space 3584K, 0% used [0x00000000d8b80000,0x00000000d8b80000,0x00000000d8f00000)
 ParOldGen       total 50176K, used 26051K [0x0000000081e00000, 0x0000000084f00000, 0x00000000d5f80000)
  object space 50176K, 51% used [0x0000000081e00000,0x0000000083770ca0,0x0000000084f00000)
 Metaspace       used 8584K, capacity 8772K, committed 8960K, reserved 1056768K
  class space    used 916K, capacity 984K, committed 1024K, reserved 1048576K
Event: 151.255 GC heap after
Heap after GC invocations=835 (full 7):
 PSYoungGen      total 45056K, used 2153K [0x00000000d5f80000, 0x00000000d8f00000, 0x0000000100000000)
  eden space 41472K, 0% used [0x00000000d5f80000,0x00000000d5f80000,0x00000000d8800000)
  from space 3584K, 60% used [0x00000000d8b80000,0x00000000d8d9a430,0x00000000d8f00000)
  to   space 3584K, 0% used [0x00000000d8800000,0x00000000d8800000,0x00000000d8b80000)
 ParOldGen       total 50176K, used 26051K [0x0000000081e00000, 0x0000000084f00000, 0x00000000d5f80000)
  object space 50176K, 51% used [0x0000000081e00000,0x0000000083770ca0,0x0000000084f00000)
 Metaspace       used 8584K, capacity 8772K, committed 8960K, reserved 1056768K
  class space    used 916K, capacity 984K, committed 1024K, reserved 1048576K
}

Deoptimization events (10 events):
Event: 2.418 Thread 0x000000000262f800 Uncommon trap: reason=unstable_if action=reinterpret pc=0x000000000f37dd38 method=JolleeB.BachelorT.Algorithmen.MOGAnalyzerMRF.leastWeighted(I)I @ 24
Event: 2.470 Thread 0x000000000262f800 Uncommon trap: reason=unstable_if action=reinterpret pc=0x000000000f37e6f4 method=java.lang.StrictMath.floorOrCeil(DDDD)D @ 14
Event: 2.477 Thread 0x000000000262f800 Uncommon trap: reason=unstable_if action=reinterpret pc=0x000000000f397e3c method=JolleeB.BachelorT.Algorithmen.MOGAnalyzerMRF.convertImage([B)[B @ 536
Event: 2.488 Thread 0x000000000262f800 Uncommon trap: reason=unstable_if action=reinterpret pc=0x000000000f40d388 method=java.lang.StrictMath.floorOrCeil(DDDD)D @ 14
Event: 2.488 Thread 0x000000000262f800 Uncommon trap: reason=unstable_if action=reinterpret pc=0x000000000f404f1c method=JolleeB.BachelorT.Algorithmen.MOGAnalyzerMRF.leastWeighted(I)I @ 24
Event: 2.488 Thread 0x000000000262f800 Uncommon trap: reason=unstable_if action=reinterpret pc=0x000000000f38e468 method=java.lang.StrictMath.floorOrCeil(DDDD)D @ 14
Event: 2.591 Thread 0x000000000262f800 Uncommon trap: reason=predicate action=maybe_recompile pc=0x000000000f39cc94 method=JolleeB.BachelorT.Algorithmen.MRFOptimizer.optimizeRandomFieldHardAssign([B[FIII)[F @ 83
Event: 2.704 Thread 0x000000000262f800 Uncommon trap: reason=unstable_if action=reinterpret pc=0x000000000f414e44 method=JolleeB.BachelorT.Algorithmen.MOGAnalyzerMRF.convertImage([B)[B @ 526
Event: 2.705 Thread 0x000000000262f800 Uncommon trap: reason=unstable_if action=reinterpret pc=0x000000000f419270 method=JolleeB.BachelorT.Algorithmen.MOGAnalyzerMRF.convertImage([B)[B @ 526
Event: 2.707 Thread 0x000000000262f800 Uncommon trap: reason=unstable_if action=reinterpret pc=0x000000000f41d858 method=JolleeB.BachelorT.Algorithmen.MOGAnalyzerMRF.convertImage([B)[B @ 526

Internal exceptions (10 events):
Event: 0.541 Thread 0x000000000262f800 Exception <a 'java/security/PrivilegedActionException'> (0x00000000d6bbbc78) thrown at [C:\re\workspace\8-2-build-windows-amd64-cygwin\jdk8u45\3457\hotspot\src\share\vm\prims\jvm.cpp, line 1382]
Event: 0.541 Thread 0x000000000262f800 Exception <a 'java/security/PrivilegedActionException'> (0x00000000d6bbd0c0) thrown at [C:\re\workspace\8-2-build-windows-amd64-cygwin\jdk8u45\3457\hotspot\src\share\vm\prims\jvm.cpp, line 1382]
Event: 0.541 Thread 0x000000000262f800 Exception <a 'java/security/PrivilegedActionException'> (0x00000000d6bbd278) thrown at [C:\re\workspace\8-2-build-windows-amd64-cygwin\jdk8u45\3457\hotspot\src\share\vm\prims\jvm.cpp, line 1382]
Event: 0.541 Thread 0x000000000262f800 Exception <a 'java/security/PrivilegedActionException'> (0x00000000d6bbe5f0) thrown at [C:\re\workspace\8-2-build-windows-amd64-cygwin\jdk8u45\3457\hotspot\src\share\vm\prims\jvm.cpp, line 1382]
Event: 0.541 Thread 0x000000000262f800 Exception <a 'java/security/PrivilegedActionException'> (0x00000000d6bbe7a8) thrown at [C:\re\workspace\8-2-build-windows-amd64-cygwin\jdk8u45\3457\hotspot\src\share\vm\prims\jvm.cpp, line 1382]
Event: 0.541 Thread 0x000000000262f800 Exception <a 'java/security/PrivilegedActionException'> (0x00000000d6bbfa88) thrown at [C:\re\workspace\8-2-build-windows-amd64-cygwin\jdk8u45\3457\hotspot\src\share\vm\prims\jvm.cpp, line 1382]
Event: 0.541 Thread 0x000000000262f800 Exception <a 'java/security/PrivilegedActionException'> (0x00000000d6bbfc40) thrown at [C:\re\workspace\8-2-build-windows-amd64-cygwin\jdk8u45\3457\hotspot\src\share\vm\prims\jvm.cpp, line 1382]
Event: 0.942 Thread 0x000000000aea7000 Exception <a 'java/io/FileNotFoundException'> (0x00000000d6f5ef80) thrown at [C:\re\workspace\8-2-build-windows-amd64-cygwin\jdk8u45\3457\hotspot\src\share\vm\prims\jni.cpp, line 709]
Event: 2.395 Thread 0x000000000262f800 Exception <a 'java/lang/NoSuchFieldError': method resolution failed> (0x00000000d6b196b0) thrown at [C:\re\workspace\8-2-build-windows-amd64-cygwin\jdk8u45\3457\hotspot\src\share\vm\prims\methodHandles.cpp, line 1125]
Event: 2.396 Thread 0x000000000262f800 Exception <a 'java/lang/NoSuchFieldError': method resolution failed> (0x00000000d6b27d98) thrown at [C:\re\workspace\8-2-build-windows-amd64-cygwin\jdk8u45\3457\hotspot\src\share\vm\prims\methodHandles.cpp, line 1125]

Events (10 events):
Event: 151.420 loading class sun/misc/FloatingDecimal$1
Event: 151.420 loading class sun/misc/FloatingDecimal$1 done
Event: 151.420 loading class sun/misc/FloatingDecimal$PreparedASCIIToBinaryBuffer
Event: 151.420 loading class sun/misc/FloatingDecimal$ASCIIToBinaryConverter
Event: 151.420 loading class sun/misc/FloatingDecimal$ASCIIToBinaryConverter done
Event: 151.420 loading class sun/misc/FloatingDecimal$PreparedASCIIToBinaryBuffer done
Event: 151.420 loading class sun/misc/FDBigInteger
Event: 151.420 loading class sun/misc/FDBigInteger done
Event: 151.421 Thread 0x000000000262f800 Thread exited: 0x000000000262f800
Event: 151.421 Thread 0x000000000262f800 Thread added: 0x000000000262f800


Dynamic libraries:
0x000000013fe70000 - 0x000000013fea7000 	B:\Program Files\Java\jdk1.8.0_45\bin\javaw.exe
0x0000000077260000 - 0x0000000077408000 	C:\Windows\SYSTEM32\ntdll.dll
0x0000000077140000 - 0x000000007725f000 	C:\Windows\system32\kernel32.dll
0x000007fefd300000 - 0x000007fefd36c000 	C:\Windows\system32\KERNELBASE.dll
0x000007feff410000 - 0x000007feff4eb000 	C:\Windows\system32\ADVAPI32.dll
0x000007fefdcd0000 - 0x000007fefdd6f000 	C:\Windows\system32\msvcrt.dll
0x000007fefefd0000 - 0x000007fefefef000 	C:\Windows\SYSTEM32\sechost.dll
0x000007feff0a0000 - 0x000007feff1cd000 	C:\Windows\system32\RPCRT4.dll
0x0000000077040000 - 0x000000007713a000 	C:\Windows\system32\USER32.dll
0x000007fefddc0000 - 0x000007fefde27000 	C:\Windows\system32\GDI32.dll
0x000007feff090000 - 0x000007feff09e000 	C:\Windows\system32\LPK.dll
0x000007fefedd0000 - 0x000007fefee99000 	C:\Windows\system32\USP10.dll
0x000007fefb8e0000 - 0x000007fefbad4000 	C:\Windows\WinSxS\amd64_microsoft.windows.common-controls_6595b64144ccf1df_6.0.7601.18837_none_fa3b1e3d17594757\COMCTL32.dll
0x000007feff2f0000 - 0x000007feff361000 	C:\Windows\system32\SHLWAPI.dll
0x000007fefdd90000 - 0x000007fefddbe000 	C:\Windows\system32\IMM32.DLL
0x000007feff1e0000 - 0x000007feff2e9000 	C:\Windows\system32\MSCTF.dll
0x000007fefcf30000 - 0x000007fefcf76000 	C:\Windows\system32\nvinitx.dll
0x000000000f000000 - 0x000000000f006000 	C:\Program Files\NVIDIA Corporation\CoProcManager\_etoured.dll
0x000007fef94a0000 - 0x000007fef94f5000 	C:\Program Files\NVIDIA Corporation\CoProcManager\nvd3d9wrapx.dll
0x000007fefd560000 - 0x000007fefd737000 	C:\Windows\system32\SETUPAPI.dll
0x000007fefd2b0000 - 0x000007fefd2e6000 	C:\Windows\system32\CFGMGR32.dll
0x000007fefeef0000 - 0x000007fefefc7000 	C:\Windows\system32\OLEAUT32.dll
0x000007fefde30000 - 0x000007fefe033000 	C:\Windows\system32\ole32.dll
0x000007fefd030000 - 0x000007fefd04a000 	C:\Windows\system32\DEVOBJ.dll
0x000007fef9420000 - 0x000007fef945d000 	C:\Program Files\NVIDIA Corporation\CoProcManager\nvdxgiwrapx.dll
0x0000000058c00000 - 0x0000000058cd2000 	B:\Program Files\Java\jdk1.8.0_45\jre\bin\msvcr100.dll
0x0000000062270000 - 0x0000000062af3000 	B:\Program Files\Java\jdk1.8.0_45\jre\bin\server\jvm.dll
0x000007fef3d00000 - 0x000007fef3d09000 	C:\Windows\system32\WSOCK32.dll
0x000007fefeea0000 - 0x000007fefeeed000 	C:\Windows\system32\WS2_32.dll
0x000007feff1d0000 - 0x000007feff1d8000 	C:\Windows\system32\NSI.dll
0x000007fef9460000 - 0x000007fef949b000 	C:\Windows\system32\WINMM.dll
0x000007fefbee0000 - 0x000007fefbeec000 	C:\Windows\system32\VERSION.dll
0x0000000077420000 - 0x0000000077427000 	C:\Windows\system32\PSAPI.DLL
0x0000000074050000 - 0x000000007405f000 	B:\Program Files\Java\jdk1.8.0_45\jre\bin\verify.dll
0x0000000066330000 - 0x0000000066359000 	B:\Program Files\Java\jdk1.8.0_45\jre\bin\java.dll
0x0000000066310000 - 0x0000000066326000 	B:\Program Files\Java\jdk1.8.0_45\jre\bin\zip.dll
0x000007fefe040000 - 0x000007fefedc9000 	C:\Windows\system32\SHELL32.dll
0x000007fefd020000 - 0x000007fefd02f000 	C:\Windows\system32\profapi.dll
0x0000000058b20000 - 0x0000000058bf1000 	C:\Users\Jolly94\AppData\Local\Temp\javacpp57264018630954\msvcr100.dll
0x0000000058a80000 - 0x0000000058b18000 	C:\Users\Jolly94\AppData\Local\Temp\javacpp57264018630954\msvcp100.dll
0x000007feed4d0000 - 0x000007feed750000 	C:\Users\Jolly94\AppData\Local\Temp\javacpp57264018630954\opencv_core2411.dll
0x000007feed2d0000 - 0x000007feed4c2000 	C:\Users\Jolly94\AppData\Local\Temp\javacpp57264018630954\jniopencv_core.dll
0x000007feecb30000 - 0x000007feecdf1000 	C:\Users\Jolly94\AppData\Local\Temp\javacpp57264018630954\opencv_imgproc2411.dll
0x000007fef3000000 - 0x000007fef30a8000 	C:\Users\Jolly94\AppData\Local\Temp\javacpp57264018630954\jniopencv_imgproc.dll
0x0000000066840000 - 0x00000000676b4000 	C:\Users\Jolly94\AppData\Local\Temp\javacpp57264018630954\opencv_ffmpeg2411_64.dll
0x000007feed080000 - 0x000007feed2ce000 	C:\Users\Jolly94\AppData\Local\Temp\javacpp57264018630954\opencv_highgui2411.dll
0x000007fef9cf0000 - 0x000007fef9d0f000 	C:\Windows\system32\AVIFIL32.dll
0x000007fef3b80000 - 0x000007fef3b98000 	C:\Windows\system32\MSACM32.dll
0x000007fef3e40000 - 0x000007fef3e69000 	C:\Windows\system32\MSVFW32.dll
0x000007fef9de0000 - 0x000007fef9df7000 	C:\Windows\system32\AVICAP32.dll
0x000007fef2fa0000 - 0x000007fef2ff1000 	C:\Users\Jolly94\AppData\Local\Temp\javacpp57264018630954\jniopencv_highgui.dll
0x0000000057de0000 - 0x0000000057f78000 	B:\Program Files\Java\jdk1.8.0_45\jre\bin\awt.dll
0x00000000589f0000 - 0x0000000058a7d000 	C:\Users\Jolly94\AppData\Local\Temp\javacpp57264018630954\avutil-54.dll
0x000007fef1e90000 - 0x000007fef1f13000 	C:\Users\Jolly94\AppData\Local\Temp\javacpp57264018630954\jniavutil.dll
0x0000000061460000 - 0x00000000614be000 	C:\Users\Jolly94\AppData\Local\Temp\javacpp57264018630954\swresample-1.dll
0x000007fef9f20000 - 0x000007fef9f2f000 	C:\Users\Jolly94\AppData\Local\Temp\javacpp57264018630954\jniswresample.dll
0x000000000c050000 - 0x000000000dd6a000 	C:\Users\Jolly94\AppData\Local\Temp\javacpp57264018630954\avcodec-56.dll
0x000007fef1e00000 - 0x000007fef1e8a000 	C:\Users\Jolly94\AppData\Local\Temp\javacpp57264018630954\jniavcodec.dll
0x0000000057760000 - 0x0000000057dd8000 	C:\Users\Jolly94\AppData\Local\Temp\javacpp57264018630954\avformat-56.dll
0x000007fefd070000 - 0x000007fefd1dd000 	C:\Windows\system32\CRYPT32.dll
0x000007fefd010000 - 0x000007fefd01f000 	C:\Windows\system32\MSASN1.dll
0x000007fef2f30000 - 0x000007fef2fa0000 	C:\Users\Jolly94\AppData\Local\Temp\javacpp57264018630954\jniavformat.dll
0x0000000058960000 - 0x00000000589e3000 	C:\Users\Jolly94\AppData\Local\Temp\javacpp57264018630954\swscale-3.dll
0x000007fef37f0000 - 0x000007fef3805000 	C:\Users\Jolly94\AppData\Local\Temp\javacpp57264018630954\jniswscale.dll
0x000007fefc800000 - 0x000007fefc818000 	C:\Windows\system32\CRYPTSP.dll
0x000007fefc500000 - 0x000007fefc547000 	C:\Windows\system32\rsaenh.dll
0x000007fefce60000 - 0x000007fefce6f000 	C:\Windows\system32\CRYPTBASE.dll
0x000007fef61d0000 - 0x000007fef62f5000 	C:\Windows\system32\dbghelp.dll

VM Arguments:
jvm_args: -Dfile.encoding=UTF-8 
java_command: JolleeB.BachelorT.UI.App
java_class_path (initial): B:\DevStff\BachelorThesis\Java\BachelorT\target\classes;C:\Users\Jolly94\.m2\repository\xuggle\xuggle-xuggler\5.4\xuggle-xuggler-5.4.jar;C:\Users\Jolly94\.m2\repository\org\slf4j\slf4j-api\1.6.4\slf4j-api-1.6.4.jar;C:\Users\Jolly94\.m2\repository\commons-cli\commons-cli\1.1\commons-cli-1.1.jar;C:\Users\Jolly94\.m2\repository\ch\qos\logback\logback-core\1.0.0\logback-core-1.0.0.jar;C:\Users\Jolly94\.m2\repository\ch\qos\logback\logback-classic\1.0.0\logback-classic-1.0.0.jar;C:\Users\Jolly94\.m2\repository\org\bytedeco\javacv\0.11\javacv-0.11.jar;C:\Users\Jolly94\.m2\repository\org\bytedeco\javacpp\0.11\javacpp-0.11.jar;C:\Users\Jolly94\.m2\repository\org\bytedeco\javacpp-presets\opencv\2.4.11-0.11\opencv-2.4.11-0.11.jar;C:\Users\Jolly94\.m2\repository\org\bytedeco\javacpp-presets\opencv\2.4.11-0.11\opencv-2.4.11-0.11-windows-x86_64.jar;C:\Users\Jolly94\.m2\repository\org\bytedeco\javacpp-presets\ffmpeg\2.6.1-0.11\ffmpeg-2.6.1-0.11.jar;C:\Users\Jolly94\.m2\repository\org\bytedeco\javacpp-presets\ffmpeg\2.6.1-0.11\ffmpeg-2.6.1-0.11-windows-x86_64.jar;C:\Users\Jolly94\.m2\repository\org\bytedeco\javacpp-presets\flycapture\2.7.3.19-0.11\flycapture-2.7.3.19-0.11.jar;C:\Users\Jolly94\.m2\repository\org\bytedeco\javacpp-presets\flycapture\2.7.3.19-0.11\flycapture-2.7.3.19-0.11-windows-x86_64.jar;C:\Users\Jolly94\.m2\repository\org\bytedeco\javacpp-presets\libdc1394\2.2.3-0.11\libdc1394-2.2.3-0.11.jar;C:\Users\Jolly94\.m2\repository\org\bytedeco\javacpp-presets\libdc1394\2.2.3-0.11\libdc1394-2.2.3-0.11-windows-x86_64.jar;C:\Users\Jolly94\.m2\repository\org\bytedeco\javacpp-presets\libfreenect\0.5.2-0.11\libfreenect-0.5.2-0.11.jar;C:\Users\Jolly94\.m2\repository\org\bytedeco\javacpp-presets\libfreenect\0.5.2-0.11\libfreenect-0.5.2-0.11-windows-x86_64.jar;C:\Users\Jolly94\.m2\repository\org\bytedeco\javacpp-presets\videoinput\0.200-0.11\videoinput-0.200-0.11.jar;C:\Users\Jolly94\.m2\repository\org\bytedeco\javacpp-presets\videoinput\0.200-0.11\vid
Launcher Type: SUN_STANDARD

Environment Variables:
PATH=B:/Program Files/Java/jdk1.8.0_45/bin/../jre/bin/server;B:/Program Files/Java/jdk1.8.0_45/bin/../jre/bin;B:/Program Files/Java/jdk1.8.0_45/bin/../jre/lib/amd64;C:\ProgramData\Oracle\Java\javapath;C:\Program Files (x86)\NVIDIA Corporation\PhysX\Common;C:\Program Files (x86)\Intel\iCLS Client\;C:\Program Files\Intel\iCLS Client\;C:\Windows\system32;C:\Windows;C:\Windows\System32\Wbem;C:\Windows\System32\WindowsPowerShell\v1.0\;C:\Program Files\Intel\Intel(R) Management Engine Components\DAL;C:\Program Files\Intel\Intel(R) Management Engine Components\IPT;C:\Program Files (x86)\Intel\Intel(R) Management Engine Components\DAL;C:\Program Files (x86)\Intel\Intel(R) Management Engine Components\IPT;C:\Program Files (x86)\Intel\OpenCL SDK\3.0\bin\x86;C:\Program Files (x86)\Intel\OpenCL SDK\3.0\bin\x64;C:\Program Files (x86)\Autodesk\Backburner\;C:\Program Files\Microsoft SQL Server\110\Tools\Binn\;C:\Program Files (x86)\Microsoft SDKs\TypeScript\1.0\;C:\Program Files\Microsoft\Web Platform Installer\;B:\Program Files (x86)\nodejs\;C:\Program Files (x86)\Skype\Phone\;C:\Program Files (x86)\MySQL\MySQL Fabric 1.5.4 & MySQL Utilities 1.5.4 1.5\;C:\Program Files (x86)\MySQL\MySQL Fabric 1.5.4 & MySQL Utilities 1.5.4 1.5\Doctrine extensions for PHP\;B:\RailsInstaller\Git\cmd;B:\RailsInstaller\Ruby1.9.3\bin;C:\Users\Jolly94\AppData\Roaming\npm;B:\Program Files\Java\jdk1.7.0_40\bin;B:\Program Files\MySQL\MySQL Server 5.6\bin;.;;.;;C:\Users\Jolly94\java\eclipse;
USERNAME=Jolly94
OS=Windows_NT
PROCESSOR_IDENTIFIER=Intel64 Family 6 Model 60 Stepping 3, GenuineIntel



---------------  S Y S T E M  ---------------

OS: Windows 7 , 64 bit Build 7601 (6.1.7601.18847)

CPU:total 4 (4 cores per cpu, 1 threads per core) family 6 model 60 stepping 3, cmov, cx8, fxsr, mmx, sse, sse2, sse3, ssse3, sse4.1, sse4.2, popcnt, avx, avx2, aes, clmul, erms, rtm, lzcnt, tsc, tscinvbit, bmi1, bmi2

Memory: 4k page, physical 8264692k(3479152k free), swap 16527532k(10750212k free)

vm_info: Java HotSpot(TM) 64-Bit Server VM (25.45-b02) for windows-amd64 JRE (1.8.0_45-b14), built on Apr 10 2015 10:34:15 by "java_re" with MS VC++ 10.0 (VS2010)

time: Sat Jul 11 01:21:32 2015
elapsed time: 151 seconds (0d 0h 2m 31s)

