#
# A fatal error has been detected by the Java Runtime Environment:
#
#  EXCEPTION_ACCESS_VIOLATION (0xc0000005) at pc=0x000007fee143d970, pid=7484, tid=7508
#
# JRE version: Java(TM) SE Runtime Environment (8.0_45-b14) (build 1.8.0_45-b14)
# Java VM: Java HotSpot(TM) 64-Bit Server VM (25.45-b02 mixed mode windows-amd64 compressed oops)
# Problematic frame:
# C  [opencv_imgproc2411.dll+0x1d970]
#
# Failed to write core dump. Minidumps are not enabled by default on client versions of Windows
#
# If you would like to submit a bug report, please visit:
#   http://bugreport.java.com/bugreport/crash.jsp
# The crash happened outside the Java Virtual Machine in native code.
# See problematic frame for where to report the bug.
#

---------------  T H R E A D  ---------------

Current thread (0x0000000002439000):  JavaThread "main" [_thread_in_native, id=7508, stack(0x0000000003140000,0x0000000003240000)]

siginfo: ExceptionCode=0xc0000005, reading address 0x000000000b79a362

Registers:
RAX=0x0000000003239c50, RBX=0x000000000df9d380, RCX=0x00000000032399d8, RDX=0x0000000003239c00
RSP=0x0000000003239488, RBP=0x0000000000000003, RSI=0x000000000b79a360, RDI=0x0000000000000190
R8 =0x000000000b79a361, R9 =0x0000000000000000, R10=0x000000000323dfe0, R11=0x0000000000000356
R12=0x00000000032399d8, R13=0x00000000032394d0, R14=0x00000000032398c8, R15=0x0000000000000003
RIP=0x000007fee143d970, EFLAGS=0x0000000000010206

Top of Stack: (sp=0x0000000003239488)
0x0000000003239488:   0000000000000001 0000000003239870
0x0000000003239498:   000007fee1a4283c 00000000032394f0
0x00000000032394a8:   0000000003239980 0000000000000005
0x00000000032394b8:   0000000000000006 0000000000000005
0x00000000032394c8:   000007fee1a42ecf 000001e000000190
0x00000000032394d8:   0000000003239898 000000000c31a5a0
0x00000000032394e8:   0000000000000000 0000000000000000
0x00000000032394f8:   000000000c50aa00 000000000000000f
0x0000000003239508:   0000000059e75d1c 0000000000000000
0x0000000003239518:   0000000000000000 000000000c50aa00
0x0000000003239528:   00000000032398c8 000000000000000f
0x0000000003239538:   0000000000000000 fffffffffffffffe
0x0000000003239548:   0000000000000200 000000000c50aa00
0x0000000003239558:   000007fefd2e133c 0000000000000000
0x0000000003239568:   000092d528bd48c2 000000000c4fd5e0
0x0000000003239578:   000000000c50aa00 0000000000000000 

Instructions: (pc=0x000007fee143d970)
0x000007fee143d950:   4d 63 5b 0c 4d 8b 54 24 18 45 33 c9 4d 85 db 7e
0x000007fee143d960:   45 49 63 2a 4c 8d 46 01 0f 1f 84 00 00 00 00 00
0x000007fee143d970:   41 0f b6 40 01 41 0f b6 48 ff 49 ff c1 41 8b 94
0x000007fee143d980:   82 04 08 00 00 41 0f b6 00 4c 03 c5 41 03 54 8a 


Register to memory mapping:

RAX=0x0000000003239c50 is pointing into the stack for thread: 0x0000000002439000
RBX=0x000000000df9d380 is an unknown value
RCX=0x00000000032399d8 is pointing into the stack for thread: 0x0000000002439000
RDX=0x0000000003239c00 is pointing into the stack for thread: 0x0000000002439000
RSP=0x0000000003239488 is pointing into the stack for thread: 0x0000000002439000
RBP=0x0000000000000003 is an unknown value
RSI=0x000000000b79a360 is an unknown value
RDI=0x0000000000000190 is an unknown value
R8 =0x000000000b79a361 is an unknown value
R9 =0x0000000000000000 is an unknown value
R10=0x000000000323dfe0 is pointing into the stack for thread: 0x0000000002439000
R11=0x0000000000000356 is an unknown value
R12=0x00000000032399d8 is pointing into the stack for thread: 0x0000000002439000
R13=0x00000000032394d0 is pointing into the stack for thread: 0x0000000002439000
R14=0x00000000032398c8 is pointing into the stack for thread: 0x0000000002439000
R15=0x0000000000000003 is an unknown value


Stack: [0x0000000003140000,0x0000000003240000],  sp=0x0000000003239488,  free space=997k
Native frames: (J=compiled Java code, j=interpreted, Vv=VM code, C=native code)
C  [opencv_imgproc2411.dll+0x1d970]
C  [opencv_core2411.dll+0x15283c]
C  [opencv_core2411.dll+0x152ecf]
C  [msvcr100.dll+0x16265]
C  [opencv_core2411.dll+0x152e15]
C  [opencv_core2411.dll+0x153351]
C  [opencv_core2411.dll+0x15363a]
C  [opencv_imgproc2411.dll+0x2900d]
C  [opencv_imgproc2411.dll+0x3458c]
C  [opencv_features2d2411.dll+0x37d26]
C  [opencv_features2d2411.dll+0x37ade]
C  [opencv_videostab2411.dll+0x225d4]
C  [jniopencv_videostab.dll+0xe40f]
C  0x000000000f02dfcc

Java frames: (J=compiled Java code, j=interpreted, Vv=VM code)
j  org.bytedeco.javacpp.opencv_videostab$PyrLkRobustMotionEstimator.estimate(Lorg/bytedeco/javacpp/opencv_core$Mat;Lorg/bytedeco/javacpp/opencv_core$Mat;)Lorg/bytedeco/javacpp/opencv_core$Mat;+0
j  JolleeB.BachelorT.OpticalFlowCV.test(Ljava/util/ArrayList;)Ljava/util/ArrayList;+103
j  JolleeB.BachelorT.App.main([Ljava/lang/String;)V+67
v  ~StubRoutines::call_stub

---------------  P R O C E S S  ---------------

Java Threads: ( => current thread )
  0x000000000a91c800 JavaThread "Service Thread" daemon [_thread_blocked, id=7948, stack(0x000000000bb80000,0x000000000bc80000)]
  0x000000000a898000 JavaThread "C1 CompilerThread2" daemon [_thread_blocked, id=7372, stack(0x000000000b190000,0x000000000b290000)]
  0x000000000a895000 JavaThread "C2 CompilerThread1" daemon [_thread_blocked, id=608, stack(0x000000000b9b0000,0x000000000bab0000)]
  0x000000000a891800 JavaThread "C2 CompilerThread0" daemon [_thread_blocked, id=8044, stack(0x000000000a200000,0x000000000a300000)]
  0x000000000a882800 JavaThread "JDWP Command Reader" daemon [_thread_in_native, id=8032, stack(0x000000000b7e0000,0x000000000b8e0000)]
  0x000000000a881800 JavaThread "JDWP Event Helper Thread" daemon [_thread_blocked, id=2444, stack(0x000000000b5a0000,0x000000000b6a0000)]
  0x000000000a879800 JavaThread "JDWP Transport Listener: dt_socket" daemon [_thread_blocked, id=6916, stack(0x000000000b3d0000,0x000000000b4d0000)]
  0x00000000093f8800 JavaThread "Attach Listener" daemon [_thread_blocked, id=7540, stack(0x000000000a770000,0x000000000a870000)]
  0x00000000093f5800 JavaThread "Signal Dispatcher" daemon [_thread_blocked, id=7180, stack(0x000000000a570000,0x000000000a670000)]
  0x0000000009398800 JavaThread "Finalizer" daemon [_thread_blocked, id=1740, stack(0x000000000a430000,0x000000000a530000)]
  0x0000000009391800 JavaThread "Reference Handler" daemon [_thread_blocked, id=8016, stack(0x000000000a300000,0x000000000a400000)]
=>0x0000000002439000 JavaThread "main" [_thread_in_native, id=7508, stack(0x0000000003140000,0x0000000003240000)]

Other Threads:
  0x000000000938c000 VMThread [stack: 0x000000000a0f0000,0x000000000a1f0000] [id=3504]
  0x000000000a91f800 WatcherThread [stack: 0x000000000bd60000,0x000000000be60000] [id=5052]

VM state:not at safepoint (normal execution)

VM Mutex/Monitor currently owned by a thread: None

Heap:
 PSYoungGen      total 38400K, used 32151K [0x00000000d5f80000, 0x00000000d8a00000, 0x0000000100000000)
  eden space 33280K, 96% used [0x00000000d5f80000,0x00000000d7ee5e60,0x00000000d8000000)
  from space 5120K, 0% used [0x00000000d8500000,0x00000000d8500000,0x00000000d8a00000)
  to   space 5120K, 0% used [0x00000000d8000000,0x00000000d8000000,0x00000000d8500000)
 ParOldGen       total 87552K, used 0K [0x0000000081e00000, 0x0000000087380000, 0x00000000d5f80000)
  object space 87552K, 0% used [0x0000000081e00000,0x0000000081e00000,0x0000000087380000)
 Metaspace       used 7682K, capacity 8300K, committed 8448K, reserved 1056768K
  class space    used 891K, capacity 914K, committed 1024K, reserved 1048576K

Card table byte_map: [0x00000000038d0000,0x0000000003cd0000] byte_map_base: 0x00000000034c1000

Marking Bits: (ParMarkBitMap*) 0x0000000002dd4040
 Begin Bits: [0x00000000046f0000, 0x0000000006678000)
 End Bits:   [0x0000000006678000, 0x0000000008600000)

Polling page: 0x0000000000220000

CodeCache: size=245760Kb used=3665Kb max_used=3678Kb free=242094Kb
 bounds [0x000000000f010000, 0x000000000f3b0000, 0x000000001e010000]
 total_blobs=1182 nmethods=693 adapters=410
 compilation: enabled

Compilation events (10 events):
Event: 3.310 Thread 0x000000000a898000  686       3       java.net.URI::appendAuthority (278 bytes)
Event: 3.312 Thread 0x000000000a898000 nmethod 686 0x000000000f3a0350 code [0x000000000f3a0800, 0x000000000f3a4628]
Event: 3.312 Thread 0x000000000a898000  687       3       java.net.URI::appendFragment (27 bytes)
Event: 3.312 Thread 0x000000000a898000 nmethod 687 0x000000000f395a50 code [0x000000000f395c20, 0x000000000f396608]
Event: 3.312 Thread 0x000000000a898000  688       3       java.net.URI::checkPath (37 bytes)
Event: 3.312 Thread 0x000000000a898000 nmethod 688 0x000000000f3925d0 code [0x000000000f392780, 0x000000000f392d58]
Event: 3.313 Thread 0x000000000a891800  690       4       java.net.URI$Parser::scan (50 bytes)
Event: 3.314 Thread 0x000000000a895000  692       4       java.util.HashMap::putVal (300 bytes)
Event: 3.318 Thread 0x000000000a891800 nmethod 690 0x000000000f3a8650 code [0x000000000f3a87a0, 0x000000000f3a8e38]
Event: 3.322 Thread 0x000000000a895000 nmethod 692 0x000000000f3a7510 code [0x000000000f3a76c0, 0x000000000f3a7ff0]

GC Heap History (0 events):
No events

Deoptimization events (0 events):
No events

Internal exceptions (10 events):
Event: 1.740 Thread 0x0000000002439000 Exception <a 'java/security/PrivilegedActionException'> (0x00000000d6c3dca8) thrown at [C:\re\workspace\8-2-build-windows-amd64-cygwin\jdk8u45\3457\hotspot\src\share\vm\prims\jvm.cpp, line 1382]
Event: 1.740 Thread 0x0000000002439000 Exception <a 'java/security/PrivilegedActionException'> (0x00000000d6c3de60) thrown at [C:\re\workspace\8-2-build-windows-amd64-cygwin\jdk8u45\3457\hotspot\src\share\vm\prims\jvm.cpp, line 1382]
Event: 1.740 Thread 0x0000000002439000 Exception <a 'java/security/PrivilegedActionException'> (0x00000000d6c3f238) thrown at [C:\re\workspace\8-2-build-windows-amd64-cygwin\jdk8u45\3457\hotspot\src\share\vm\prims\jvm.cpp, line 1382]
Event: 1.740 Thread 0x0000000002439000 Exception <a 'java/security/PrivilegedActionException'> (0x00000000d6c3f3f0) thrown at [C:\re\workspace\8-2-build-windows-amd64-cygwin\jdk8u45\3457\hotspot\src\share\vm\prims\jvm.cpp, line 1382]
Event: 1.740 Thread 0x0000000002439000 Exception <a 'java/security/PrivilegedActionException'> (0x00000000d6c40838) thrown at [C:\re\workspace\8-2-build-windows-amd64-cygwin\jdk8u45\3457\hotspot\src\share\vm\prims\jvm.cpp, line 1382]
Event: 1.740 Thread 0x0000000002439000 Exception <a 'java/security/PrivilegedActionException'> (0x00000000d6c409f0) thrown at [C:\re\workspace\8-2-build-windows-amd64-cygwin\jdk8u45\3457\hotspot\src\share\vm\prims\jvm.cpp, line 1382]
Event: 1.740 Thread 0x0000000002439000 Exception <a 'java/security/PrivilegedActionException'> (0x00000000d6c41d68) thrown at [C:\re\workspace\8-2-build-windows-amd64-cygwin\jdk8u45\3457\hotspot\src\share\vm\prims\jvm.cpp, line 1382]
Event: 1.740 Thread 0x0000000002439000 Exception <a 'java/security/PrivilegedActionException'> (0x00000000d6c41f20) thrown at [C:\re\workspace\8-2-build-windows-amd64-cygwin\jdk8u45\3457\hotspot\src\share\vm\prims\jvm.cpp, line 1382]
Event: 1.741 Thread 0x0000000002439000 Exception <a 'java/security/PrivilegedActionException'> (0x00000000d6c43200) thrown at [C:\re\workspace\8-2-build-windows-amd64-cygwin\jdk8u45\3457\hotspot\src\share\vm\prims\jvm.cpp, line 1382]
Event: 1.741 Thread 0x0000000002439000 Exception <a 'java/security/PrivilegedActionException'> (0x00000000d6c433b8) thrown at [C:\re\workspace\8-2-build-windows-amd64-cygwin\jdk8u45\3457\hotspot\src\share\vm\prims\jvm.cpp, line 1382]

Events (10 events):
Event: 3.311 Thread 0x0000000002439000 DEOPT PACKING pc=0x000000000f2e1f94 sp=0x000000000323ea70
Event: 3.311 Thread 0x0000000002439000 DEOPT UNPACKING pc=0x000000000f05787f sp=0x000000000323e998 mode 1
Event: 3.313 loading class org/bytedeco/javacv/OpenCVFrameConverter$ToMat
Event: 3.313 loading class org/bytedeco/javacv/OpenCVFrameConverter$ToMat done
Event: 3.313 Thread 0x0000000002439000 DEOPT PACKING pc=0x000000000f1d9f01 sp=0x000000000323e100
Event: 3.313 Thread 0x0000000002439000 DEOPT UNPACKING pc=0x000000000f05787f sp=0x000000000323de50 mode 1
Event: 3.313 Thread 0x0000000002439000 DEOPT PACKING pc=0x000000000f1c18bc sp=0x000000000323e180
Event: 3.313 Thread 0x0000000002439000 DEOPT UNPACKING pc=0x000000000f05787f sp=0x000000000323dfa0 mode 1
Event: 3.313 Thread 0x0000000002439000 DEOPT PACKING pc=0x000000000f1c1654 sp=0x000000000323e310
Event: 3.313 Thread 0x0000000002439000 DEOPT UNPACKING pc=0x000000000f05787f sp=0x000000000323e130 mode 1


Dynamic libraries:
0x000000013f7a0000 - 0x000000013f7d7000 	B:\Program Files\Java\jdk1.8.0_45\bin\javaw.exe
0x00000000774f0000 - 0x0000000077698000 	C:\Windows\SYSTEM32\ntdll.dll
0x00000000772d0000 - 0x00000000773ef000 	C:\Windows\system32\kernel32.dll
0x000007fefd2e0000 - 0x000007fefd34c000 	C:\Windows\system32\KERNELBASE.dll
0x000007fefeae0000 - 0x000007fefebbb000 	C:\Windows\system32\ADVAPI32.dll
0x000007fefed40000 - 0x000007fefeddf000 	C:\Windows\system32\msvcrt.dll
0x000007fefecd0000 - 0x000007fefecef000 	C:\Windows\SYSTEM32\sechost.dll
0x000007feff640000 - 0x000007feff76d000 	C:\Windows\system32\RPCRT4.dll
0x00000000773f0000 - 0x00000000774ea000 	C:\Windows\system32\USER32.dll
0x000007fefec40000 - 0x000007fefeca7000 	C:\Windows\system32\GDI32.dll
0x000007feff770000 - 0x000007feff77e000 	C:\Windows\system32\LPK.dll
0x000007fefe760000 - 0x000007fefe829000 	C:\Windows\system32\USP10.dll
0x000007fefbbb0000 - 0x000007fefbda4000 	C:\Windows\WinSxS\amd64_microsoft.windows.common-controls_6595b64144ccf1df_6.0.7601.18807_none_fa381d5f175bfb52\COMCTL32.dll
0x000007fefebc0000 - 0x000007fefec31000 	C:\Windows\system32\SHLWAPI.dll
0x000007fefd670000 - 0x000007fefd69e000 	C:\Windows\system32\IMM32.DLL
0x000007fefe8d0000 - 0x000007fefe9d9000 	C:\Windows\system32\MSCTF.dll
0x000007fefd1d0000 - 0x000007fefd216000 	C:\Windows\system32\nvinitx.dll
0x000000000f000000 - 0x000000000f006000 	C:\Program Files\NVIDIA Corporation\CoProcManager\_etoured.dll
0x000007fef94b0000 - 0x000007fef9505000 	C:\Program Files\NVIDIA Corporation\CoProcManager\nvd3d9wrapx.dll
0x000007feff190000 - 0x000007feff367000 	C:\Windows\system32\SETUPAPI.dll
0x000007fefd630000 - 0x000007fefd666000 	C:\Windows\system32\CFGMGR32.dll
0x000007fefd8f0000 - 0x000007fefd9c7000 	C:\Windows\system32\OLEAUT32.dll
0x000007fefede0000 - 0x000007fefefe3000 	C:\Windows\system32\ole32.dll
0x000007fefd600000 - 0x000007fefd61a000 	C:\Windows\system32\DEVOBJ.dll
0x000007fef9350000 - 0x000007fef938d000 	C:\Program Files\NVIDIA Corporation\CoProcManager\nvdxgiwrapx.dll
0x0000000059e70000 - 0x0000000059f42000 	B:\Program Files\Java\jdk1.8.0_45\bin\msvcr100.dll
0x00000000025d0000 - 0x0000000002e53000 	B:\Program Files\Java\jdk1.8.0_45\bin\server\jvm.dll
0x000007fef7230000 - 0x000007fef7239000 	C:\Windows\system32\WSOCK32.dll
0x000007fefecf0000 - 0x000007fefed3d000 	C:\Windows\system32\WS2_32.dll
0x000007feff180000 - 0x000007feff188000 	C:\Windows\system32\NSI.dll
0x000007fef9510000 - 0x000007fef954b000 	C:\Windows\system32\WINMM.dll
0x000007fefc180000 - 0x000007fefc18c000 	C:\Windows\system32\VERSION.dll
0x00000000776b0000 - 0x00000000776b7000 	C:\Windows\system32\PSAPI.DLL
0x000000005fa90000 - 0x000000005fa9f000 	B:\Program Files\Java\jdk1.8.0_45\bin\verify.dll
0x000000005f4c0000 - 0x000000005f4e9000 	B:\Program Files\Java\jdk1.8.0_45\bin\java.dll
0x000000005a630000 - 0x000000005a665000 	B:\Program Files\Java\jdk1.8.0_45\bin\jdwp.dll
0x000000005c480000 - 0x000000005c488000 	B:\Program Files\Java\jdk1.8.0_45\bin\npt.dll
0x000000005d560000 - 0x000000005d576000 	B:\Program Files\Java\jdk1.8.0_45\bin\zip.dll
0x000007fefd9d0000 - 0x000007fefe759000 	C:\Windows\system32\SHELL32.dll
0x000007fefd2c0000 - 0x000007fefd2cf000 	C:\Windows\system32\profapi.dll
0x000000005c490000 - 0x000000005c499000 	B:\Program Files\Java\jdk1.8.0_45\bin\dt_socket.dll
0x000007fef9d40000 - 0x000007fef9d55000 	C:\Windows\system32\NLAapi.dll
0x000007fef5a40000 - 0x000007fef5a55000 	C:\Windows\system32\napinsp.dll
0x000007fef5a60000 - 0x000007fef5a79000 	C:\Windows\system32\pnrpnsp.dll
0x000007fefca00000 - 0x000007fefca55000 	C:\Windows\System32\mswsock.dll
0x000007fefc880000 - 0x000007fefc8db000 	C:\Windows\system32\DNSAPI.dll
0x000007fef1c70000 - 0x000007fef1c7b000 	C:\Windows\System32\winrnr.dll
0x000007fef9b60000 - 0x000007fef9b87000 	C:\Windows\system32\IPHLPAPI.DLL
0x000007fef9b50000 - 0x000007fef9b5b000 	C:\Windows\system32\WINNSI.DLL
0x000007fef9a10000 - 0x000007fef9a63000 	C:\Windows\System32\fwpuclnt.dll
0x000007fef8410000 - 0x000007fef8418000 	C:\Windows\system32\rasadhlp.dll
0x000007fefc400000 - 0x000007fefc407000 	C:\Windows\System32\wshtcpip.dll
0x0000000078f40000 - 0x0000000079011000 	C:\Users\Jolly94\AppData\Local\Temp\javacpp10305900954585\msvcr100.dll
0x0000000059d50000 - 0x0000000059de8000 	C:\Users\Jolly94\AppData\Local\Temp\javacpp10305900954585\msvcp100.dll
0x000007fee18f0000 - 0x000007fee1b70000 	C:\Users\Jolly94\AppData\Local\Temp\javacpp10305900954585\opencv_core2411.dll
0x000007fee16f0000 - 0x000007fee18e2000 	C:\Users\Jolly94\AppData\Local\Temp\javacpp10305900954585\jniopencv_core.dll
0x000007fee1420000 - 0x000007fee16e1000 	C:\Users\Jolly94\AppData\Local\Temp\javacpp10305900954585\opencv_imgproc2411.dll
0x000007fef2350000 - 0x000007fef23f8000 	C:\Users\Jolly94\AppData\Local\Temp\javacpp10305900954585\jniopencv_imgproc.dll
0x0000000066840000 - 0x00000000676b4000 	C:\Users\Jolly94\AppData\Local\Temp\javacpp10305900954585\opencv_ffmpeg2411_64.dll
0x000007fee11d0000 - 0x000007fee141e000 	C:\Users\Jolly94\AppData\Local\Temp\javacpp10305900954585\opencv_highgui2411.dll
0x000007fef2a50000 - 0x000007fef2a6f000 	C:\Windows\system32\AVIFIL32.dll
0x000007fef5de0000 - 0x000007fef5df8000 	C:\Windows\system32\MSACM32.dll
0x000007fef26e0000 - 0x000007fef2709000 	C:\Windows\system32\MSVFW32.dll
0x000007fef2a70000 - 0x000007fef2a87000 	C:\Windows\system32\AVICAP32.dll
0x000007fef25b0000 - 0x000007fef2601000 	C:\Users\Jolly94\AppData\Local\Temp\javacpp10305900954585\jniopencv_highgui.dll
0x000007fef22b0000 - 0x000007fef2348000 	C:\Users\Jolly94\AppData\Local\Temp\javacpp10305900954585\opencv_flann2411.dll
0x000007fef1810000 - 0x000007fef182c000 	C:\Users\Jolly94\AppData\Local\Temp\javacpp10305900954585\jniopencv_flann.dll
0x000007fee4880000 - 0x000007fee495a000 	C:\Users\Jolly94\AppData\Local\Temp\javacpp10305900954585\opencv_features2d2411.dll
0x000007fee4810000 - 0x000007fee4875000 	C:\Users\Jolly94\AppData\Local\Temp\javacpp10305900954585\jniopencv_features2d.dll
0x000007fee1090000 - 0x000007fee11c5000 	C:\Users\Jolly94\AppData\Local\Temp\javacpp10305900954585\opencv_calib3d2411.dll
0x000007fef17c0000 - 0x000007fef180b000 	C:\Users\Jolly94\AppData\Local\Temp\javacpp10305900954585\jniopencv_calib3d.dll
0x000007fee0fc0000 - 0x000007fee108b000 	C:\Users\Jolly94\AppData\Local\Temp\javacpp10305900954585\opencv_objdetect2411.dll
0x000007fee4610000 - 0x000007fee467d000 	C:\Users\Jolly94\AppData\Local\Temp\javacpp10305900954585\jniopencv_objdetect.dll
0x000007fee4b10000 - 0x000007fee4b4f000 	C:\Users\Jolly94\AppData\Local\Temp\javacpp10305900954585\opencv_photo2411.dll
0x000007fef2b70000 - 0x000007fef2b7d000 	C:\Users\Jolly94\AppData\Local\Temp\javacpp10305900954585\jniopencv_photo.dll
0x000007fee3f50000 - 0x000007fee3fe6000 	C:\Users\Jolly94\AppData\Local\Temp\javacpp10305900954585\opencv_ml2411.dll
0x000007fee0f20000 - 0x000007fee0fbe000 	C:\Users\Jolly94\AppData\Local\Temp\javacpp10305900954585\jniopencv_ml.dll
0x000007fee0ea0000 - 0x000007fee0f13000 	C:\Users\Jolly94\AppData\Local\Temp\javacpp10305900954585\opencv_video2411.dll
0x000007fee7030000 - 0x000007fee7058000 	C:\Users\Jolly94\AppData\Local\Temp\javacpp10305900954585\jniopencv_video.dll
0x000007fee0d30000 - 0x000007fee0ea0000 	C:\Users\Jolly94\AppData\Local\Temp\javacpp10305900954585\opencv_legacy2411.dll
0x000007fee0bb0000 - 0x000007fee0d2a000 	C:\Users\Jolly94\AppData\Local\Temp\javacpp10305900954585\jniopencv_legacy.dll
0x000007fee0b30000 - 0x000007fee0bad000 	C:\Users\Jolly94\AppData\Local\Temp\javacpp10305900954585\opencv_gpu2411.dll
0x000007fee0830000 - 0x000007fee0b25000 	C:\Users\Jolly94\AppData\Local\Temp\javacpp10305900954585\opencv_ocl2411.dll
0x000007fee0780000 - 0x000007fee0826000 	C:\Users\Jolly94\AppData\Local\Temp\javacpp10305900954585\opencv_nonfree2411.dll
0x000007fee54c0000 - 0x000007fee54d1000 	C:\Users\Jolly94\AppData\Local\Temp\javacpp10305900954585\jniopencv_nonfree.dll
0x000007fee06d0000 - 0x000007fee0772000 	C:\Users\Jolly94\AppData\Local\Temp\javacpp10305900954585\opencv_videostab2411.dll
0x000007fee47d0000 - 0x000007fee4804000 	C:\Users\Jolly94\AppData\Local\Temp\javacpp10305900954585\jniopencv_videostab.dll
0x000007fef7390000 - 0x000007fef74b5000 	C:\Windows\system32\dbghelp.dll

VM Arguments:
jvm_args: -agentlib:jdwp=transport=dt_socket,suspend=y,address=localhost:51515 -Dfile.encoding=UTF-8 
java_command: JolleeB.BachelorT.App
java_class_path (initial): B:\DevStff\BachelorThesis\Java\BachelorT\target\classes;C:\Users\Jolly94\.m2\repository\xuggle\xuggle-xuggler\5.4\xuggle-xuggler-5.4.jar;C:\Users\Jolly94\.m2\repository\org\slf4j\slf4j-api\1.6.4\slf4j-api-1.6.4.jar;C:\Users\Jolly94\.m2\repository\commons-cli\commons-cli\1.1\commons-cli-1.1.jar;C:\Users\Jolly94\.m2\repository\ch\qos\logback\logback-core\1.0.0\logback-core-1.0.0.jar;C:\Users\Jolly94\.m2\repository\ch\qos\logback\logback-classic\1.0.0\logback-classic-1.0.0.jar;C:\Users\Jolly94\.m2\repository\org\bytedeco\javacv\0.11\javacv-0.11.jar;C:\Users\Jolly94\.m2\repository\org\bytedeco\javacpp\0.11\javacpp-0.11.jar;C:\Users\Jolly94\.m2\repository\org\bytedeco\javacpp-presets\opencv\2.4.11-0.11\opencv-2.4.11-0.11.jar;C:\Users\Jolly94\.m2\repository\org\bytedeco\javacpp-presets\opencv\2.4.11-0.11\opencv-2.4.11-0.11-windows-x86_64.jar;C:\Users\Jolly94\.m2\repository\org\bytedeco\javacpp-presets\ffmpeg\2.6.1-0.11\ffmpeg-2.6.1-0.11.jar;C:\Users\Jolly94\.m2\repository\org\bytedeco\javacpp-presets\ffmpeg\2.6.1-0.11\ffmpeg-2.6.1-0.11-windows-x86_64.jar;C:\Users\Jolly94\.m2\repository\org\bytedeco\javacpp-presets\flycapture\2.7.3.19-0.11\flycapture-2.7.3.19-0.11.jar;C:\Users\Jolly94\.m2\repository\org\bytedeco\javacpp-presets\flycapture\2.7.3.19-0.11\flycapture-2.7.3.19-0.11-windows-x86_64.jar;C:\Users\Jolly94\.m2\repository\org\bytedeco\javacpp-presets\libdc1394\2.2.3-0.11\libdc1394-2.2.3-0.11.jar;C:\Users\Jolly94\.m2\repository\org\bytedeco\javacpp-presets\libdc1394\2.2.3-0.11\libdc1394-2.2.3-0.11-windows-x86_64.jar;C:\Users\Jolly94\.m2\repository\org\bytedeco\javacpp-presets\libfreenect\0.5.2-0.11\libfreenect-0.5.2-0.11.jar;C:\Users\Jolly94\.m2\repository\org\bytedeco\javacpp-presets\libfreenect\0.5.2-0.11\libfreenect-0.5.2-0.11-windows-x86_64.jar;C:\Users\Jolly94\.m2\repository\org\bytedeco\javacpp-presets\videoinput\0.200-0.11\videoinput-0.200-0.11.jar;C:\Users\Jolly94\.m2\repository\org\bytedeco\javacpp-presets\videoinput\0.200-0.11\vid
Launcher Type: SUN_STANDARD

Environment Variables:
PATH=B:/Program Files/Java/jdk1.8.0_45/bin/server;B:/Program Files/Java/jdk1.8.0_45/bin;B:/Program Files/Java/jdk1.8.0_45/lib/amd64;C:\ProgramData\Oracle\Java\javapath;C:\Program Files (x86)\NVIDIA Corporation\PhysX\Common;C:\Program Files (x86)\Intel\iCLS Client\;C:\Program Files\Intel\iCLS Client\;C:\Windows\system32;C:\Windows;C:\Windows\System32\Wbem;C:\Windows\System32\WindowsPowerShell\v1.0\;C:\Program Files\Intel\Intel(R) Management Engine Components\DAL;C:\Program Files\Intel\Intel(R) Management Engine Components\IPT;C:\Program Files (x86)\Intel\Intel(R) Management Engine Components\DAL;C:\Program Files (x86)\Intel\Intel(R) Management Engine Components\IPT;C:\Program Files (x86)\Intel\OpenCL SDK\3.0\bin\x86;C:\Program Files (x86)\Intel\OpenCL SDK\3.0\bin\x64;C:\Program Files (x86)\Autodesk\Backburner\;C:\Program Files\Microsoft SQL Server\110\Tools\Binn\;C:\Program Files (x86)\Microsoft SDKs\TypeScript\1.0\;C:\Program Files\Microsoft\Web Platform Installer\;B:\Program Files (x86)\nodejs\;C:\Program Files (x86)\Skype\Phone\;B:\RailsInstaller\Git\cmd;B:\RailsInstaller\Ruby1.9.3\bin;C:\Users\Jolly94\AppData\Roaming\npm;.;;.;;C:\Users\Jolly94\java\eclipse;
USERNAME=Jolly94
OS=Windows_NT
PROCESSOR_IDENTIFIER=Intel64 Family 6 Model 60 Stepping 3, GenuineIntel



---------------  S Y S T E M  ---------------

OS: Windows 7 , 64 bit Build 7601 (6.1.7601.18798)

CPU:total 4 (4 cores per cpu, 1 threads per core) family 6 model 60 stepping 3, cmov, cx8, fxsr, mmx, sse, sse2, sse3, ssse3, sse4.1, sse4.2, popcnt, avx, avx2, aes, clmul, erms, rtm, lzcnt, tsc, tscinvbit, bmi1, bmi2

Memory: 4k page, physical 8264692k(2982688k free), swap 16527532k(10474088k free)

vm_info: Java HotSpot(TM) 64-Bit Server VM (25.45-b02) for windows-amd64 JRE (1.8.0_45-b14), built on Apr 10 2015 10:34:15 by "java_re" with MS VC++ 10.0 (VS2010)

time: Wed May 20 09:55:21 2015
elapsed time: 3 seconds (0d 0h 0m 3s)

