#
# A fatal error has been detected by the Java Runtime Environment:
#
#  EXCEPTION_ACCESS_VIOLATION (0xc0000005) at pc=0x000000005c0cd56d, pid=6076, tid=2068
#
# JRE version: Java(TM) SE Runtime Environment (8.0_45-b14) (build 1.8.0_45-b14)
# Java VM: Java HotSpot(TM) 64-Bit Server VM (25.45-b02 mixed mode windows-amd64 compressed oops)
# Problematic frame:
# C  [swscale-3.dll+0x3d56d]
#
# Failed to write core dump. Minidumps are not enabled by default on client versions of Windows
#
# If you would like to submit a bug report, please visit:
#   http://bugreport.java.com/bugreport/crash.jsp
# The crash happened outside the Java Virtual Machine in native code.
# See problematic frame for where to report the bug.
#

---------------  T H R E A D  ---------------

Current thread (0x000000000aefb800):  JavaThread "Thread-3" [_thread_in_native, id=2068, stack(0x0000000020140000,0x0000000020240000)]

siginfo: ExceptionCode=0xc0000005, reading address 0x000000002036d000

Registers:
RAX=0x000000000dc8a200, RBX=0x0000000000000168, RCX=0x000000000b8983ac, RDX=0x000000000b898aac
RSP=0x000000002023eb20, RBP=0x000000000b898400, RSI=0x0000000000000008, RDI=0x000000000dc84480
R8 =0x000000002036c78d, R9 =0x000000002036cfe5, R10=0x000000002036c78d, R11=0xfffffffffffffee4
R12=0x000000002023ef20, R13=0x000000002023ef00, R14=0x0000000000000168, R15=0x0000000000000004
RIP=0x000000005c0cd56d, EFLAGS=0x0000000000010286

Top of Stack: (sp=0x000000002023eb20)
0x000000002023eb20:   000000042023ef40 000000000b7f35f8
0x000000002023eb30:   000000000dca2b80 000000b200000002
0x000000002023eb40:   000000000012cf00 0000000000000000
0x000000002023eb50:   0000000027ef9e83 0000000000000000
0x000000002023eb60:   000000000012c3c0 0000000000000000
0x000000002023eb70:   000000000012c3c0 0000000000000000
0x000000002023eb80:   3ff0000000000000 0000000000000000
0x000000002023eb90:   0000000000000165 000000005c0baa04
0x000000002023eba0:   00000000ffffffff 0000000000000000
0x000000002023ebb0:   3ff0000000000000 0000000000000000
0x000000002023ebc0:   000000002036c78d 0000000000000356
0x000000002023ebd0:   000000000dc8a200 00000000080366d0
0x000000002023ebe0:   00009d9873b13d0a 0000000050477188
0x000000002023ebf0:   000000002023ed50 00000000505789cc
0x000000002023ec00:   000000002023ed50 000000000b897d00
0x000000002023ec10:   000000000dc931c0 0000036000000001 

Instructions: (pc=0x000000005c0cd56d)
0x000000005c0cd54d:   63 9c 24 a8 00 00 00 4d 01 db 4c 01 d9 4c 01 da
0x000000005c0cd55d:   49 f7 db c5 f9 6f 35 a8 0a 03 00 c4 c1 7a 6f 01
0x000000005c0cd56d:   c4 c1 7a 6f 61 0c c4 c2 79 00 cc c4 e2 79 00 c7
0x000000005c0cd57d:   c4 c1 79 f5 d2 c4 c1 71 f5 db c4 c1 79 f5 c0 c4 


Register to memory mapping:

RAX=0x000000000dc8a200 is an unknown value
RBX=0x0000000000000168 is an unknown value
RCX=0x000000000b8983ac is an unknown value
RDX=0x000000000b898aac is an unknown value
RSP=0x000000002023eb20 is pointing into the stack for thread: 0x000000000aefb800
RBP=0x000000000b898400 is an unknown value
RSI=0x0000000000000008 is an unknown value
RDI=0x000000000dc84480 is an unknown value
R8 =0x000000002036c78d is an unknown value
R9 =0x000000002036cfe5 is an unknown value
R10=0x000000002036c78d is an unknown value
R11=0xfffffffffffffee4 is an unknown value
R12=0x000000002023ef20 is pointing into the stack for thread: 0x000000000aefb800
R13=0x000000002023ef00 is pointing into the stack for thread: 0x000000000aefb800
R14=0x0000000000000168 is an unknown value
R15=0x0000000000000004 is an unknown value


Stack: [0x0000000020140000,0x0000000020240000],  sp=0x000000002023eb20,  free space=1018k
Native frames: (J=compiled Java code, j=interpreted, Vv=VM code, C=native code)
C  [swscale-3.dll+0x3d56d]

Java frames: (J=compiled Java code, j=interpreted, Vv=VM code)
j  org.bytedeco.javacpp.swscale.sws_scale(Lorg/bytedeco/javacpp/swscale$SwsContext;Lorg/bytedeco/javacpp/PointerPointer;Lorg/bytedeco/javacpp/IntPointer;IILorg/bytedeco/javacpp/PointerPointer;Lorg/bytedeco/javacpp/IntPointer;)I+0
j  org.bytedeco.javacv.FFmpegFrameRecorder.recordImage(IIIIII[Ljava/nio/Buffer;)Z+570
j  org.bytedeco.javacv.FFmpegFrameRecorder.record(Lorg/bytedeco/javacv/Frame;)V+70
j  JolleeB.BachelorT.DynamicVideoCreator.lambda$2([B)V+99
j  JolleeB.BachelorT.DynamicVideoCreator$$Lambda$1.run()V+8
j  java.lang.Thread.run()V+11
v  ~StubRoutines::call_stub

---------------  P R O C E S S  ---------------

Java Threads: ( => current thread )
  0x000000000af01800 JavaThread "Thread-23" [_thread_in_native, id=3276, stack(0x00000000227d0000,0x00000000228d0000)]
  0x000000000aefc000 JavaThread "Thread-22" [_thread_blocked, id=5076, stack(0x00000000204b0000,0x00000000205b0000)]
  0x000000000aefd000 JavaThread "Thread-21" [_thread_in_Java, id=4164, stack(0x0000000020ac0000,0x0000000020bc0000)]
  0x000000000af00000 JavaThread "Thread-19" [_thread_in_Java, id=3944, stack(0x0000000020cb0000,0x0000000020db0000)]
  0x000000000aefd800 JavaThread "Thread-17" [_thread_in_Java, id=4532, stack(0x0000000020e50000,0x0000000020f50000)]
  0x000000000aeff000 JavaThread "Thread-11" [_thread_in_native, id=5880, stack(0x00000000208b0000,0x00000000209b0000)]
  0x000000000aefe800 JavaThread "Thread-9" [_thread_in_native, id=6224, stack(0x00000000209c0000,0x0000000020ac0000)]
=>0x000000000aefb800 JavaThread "Thread-3" [_thread_in_native, id=2068, stack(0x0000000020140000,0x0000000020240000)]
  0x000000000a0a2000 JavaThread "Service Thread" daemon [_thread_blocked, id=8072, stack(0x000000000a7f0000,0x000000000a8f0000)]
  0x000000000a025000 JavaThread "C1 CompilerThread2" daemon [_thread_blocked, id=2556, stack(0x000000000a5c0000,0x000000000a6c0000)]
  0x000000000a023800 JavaThread "C2 CompilerThread1" daemon [_thread_in_native, id=7944, stack(0x000000000a4c0000,0x000000000a5c0000)]
  0x0000000008a1e000 JavaThread "C2 CompilerThread0" daemon [_thread_blocked, id=6292, stack(0x0000000009f20000,0x000000000a020000)]
  0x0000000008a1c000 JavaThread "Attach Listener" daemon [_thread_blocked, id=6672, stack(0x0000000009a50000,0x0000000009b50000)]
  0x0000000008a19000 JavaThread "Signal Dispatcher" daemon [_thread_blocked, id=4228, stack(0x0000000009e00000,0x0000000009f00000)]
  0x00000000089ba800 JavaThread "Finalizer" daemon [_thread_blocked, id=7132, stack(0x0000000009c90000,0x0000000009d90000)]
  0x00000000089b4000 JavaThread "Reference Handler" daemon [_thread_blocked, id=1012, stack(0x0000000009b90000,0x0000000009c90000)]
  0x000000000034f800 JavaThread "main" [_thread_blocked, id=848, stack(0x0000000002750000,0x0000000002850000)]

Other Threads:
  0x00000000089ac800 VMThread [stack: 0x0000000009950000,0x0000000009a50000] [id=8916]
  0x000000000a0a6000 WatcherThread [stack: 0x0000000009820000,0x0000000009920000] [id=4932]

VM state:not at safepoint (normal execution)

VM Mutex/Monitor currently owned by a thread: None

Heap:
 PSYoungGen      total 38400K, used 10174K [0x00000000d5f80000, 0x00000000d8a00000, 0x0000000100000000)
  eden space 33280K, 15% used [0x00000000d5f80000,0x00000000d6476990,0x00000000d8000000)
  from space 5120K, 99% used [0x00000000d8000000,0x00000000d84f8f40,0x00000000d8500000)
  to   space 5120K, 0% used [0x00000000d8500000,0x00000000d8500000,0x00000000d8a00000)
 ParOldGen       total 87552K, used 2890K [0x0000000081e00000, 0x0000000087380000, 0x00000000d5f80000)
  object space 87552K, 3% used [0x0000000081e00000,0x00000000820d2978,0x0000000087380000)
 Metaspace       used 8239K, capacity 8396K, committed 8448K, reserved 1056768K
  class space    used 915K, capacity 984K, committed 1024K, reserved 1048576K

Card table byte_map: [0x0000000002ee0000,0x00000000032e0000] byte_map_base: 0x0000000002ad1000

Marking Bits: (ParMarkBitMap*) 0x0000000050c54040
 Begin Bits: [0x0000000003d10000, 0x0000000005c98000)
 End Bits:   [0x0000000005c98000, 0x0000000007c20000)

Polling page: 0x0000000000220000

CodeCache: size=245760Kb used=3810Kb max_used=3819Kb free=241949Kb
 bounds [0x000000000f010000, 0x000000000f3d0000, 0x000000001e010000]
 total_blobs=1308 nmethods=853 adapters=368
 compilation: enabled

Compilation events (10 events):
Event: 4.223 Thread 0x0000000008a1e000 nmethod 838 0x000000000f3b43d0 code [0x000000000f3b4500, 0x000000000f3b45d8]
Event: 4.223 Thread 0x0000000008a1e000  839       4       java.nio.DirectByteBuffer::put (17 bytes)
Event: 4.223 Thread 0x0000000008a1e000 nmethod 839 0x000000000f3b4f50 code [0x000000000f3b5080, 0x000000000f3b5138]
Event: 4.226 Thread 0x000000000a025000  840       1       java.nio.Buffer::capacity (5 bytes)
Event: 4.226 Thread 0x000000000a025000 nmethod 840 0x000000000f3b4110 code [0x000000000f3b4260, 0x000000000f3b4370]
Event: 4.232 Thread 0x000000000a023800 nmethod 837 0x000000000f3b8290 code [0x000000000f3b8420, 0x000000000f3b8e58]
Event: 4.232 Thread 0x000000000a023800  841 %     4       org.bytedeco.javacv.Java2DFrameConverter::flipCopyWithGamma @ 484 (608 bytes)
Event: 4.239 Thread 0x000000000a023800 nmethod 841% 0x000000000f3b95d0 code [0x000000000f3b9780, 0x000000000f3ba758]
Event: 4.239 Thread 0x000000000a025000  842       1       java.nio.Buffer::remaining (10 bytes)
Event: 4.239 Thread 0x000000000a025000 nmethod 842 0x000000000f3b3e50 code [0x000000000f3b3fa0, 0x000000000f3b40b0]

GC Heap History (2 events):
Event: 4.240 GC heap before
{Heap before GC invocations=1 (full 0):
 PSYoungGen      total 38400K, used 33280K [0x00000000d5f80000, 0x00000000d8a00000, 0x0000000100000000)
  eden space 33280K, 100% used [0x00000000d5f80000,0x00000000d8000000,0x00000000d8000000)
  from space 5120K, 0% used [0x00000000d8500000,0x00000000d8500000,0x00000000d8a00000)
  to   space 5120K, 0% used [0x00000000d8000000,0x00000000d8000000,0x00000000d8500000)
 ParOldGen       total 87552K, used 0K [0x0000000081e00000, 0x0000000087380000, 0x00000000d5f80000)
  object space 87552K, 0% used [0x0000000081e00000,0x0000000081e00000,0x0000000087380000)
 Metaspace       used 8224K, capacity 8396K, committed 8448K, reserved 1056768K
  class space    used 912K, capacity 984K, committed 1024K, reserved 1048576K
Event: 4.243 GC heap after
Heap after GC invocations=1 (full 0):
 PSYoungGen      total 38400K, used 5091K [0x00000000d5f80000, 0x00000000d8a00000, 0x0000000100000000)
  eden space 33280K, 0% used [0x00000000d5f80000,0x00000000d5f80000,0x00000000d8000000)
  from space 5120K, 99% used [0x00000000d8000000,0x00000000d84f8f40,0x00000000d8500000)
  to   space 5120K, 0% used [0x00000000d8500000,0x00000000d8500000,0x00000000d8a00000)
 ParOldGen       total 87552K, used 2890K [0x0000000081e00000, 0x0000000087380000, 0x00000000d5f80000)
  object space 87552K, 3% used [0x0000000081e00000,0x00000000820d2978,0x0000000087380000)
 Metaspace       used 8224K, capacity 8396K, committed 8448K, reserved 1056768K
  class space    used 912K, capacity 984K, committed 1024K, reserved 1048576K
}

Deoptimization events (9 events):
Event: 4.221 Thread 0x000000000aefd000 Uncommon trap: reason=predicate action=maybe_recompile pc=0x000000000f29979c method=org.bytedeco.javacv.Java2DFrameConverter.flipCopyWithGamma(Ljava/nio/ByteBuffer;ILjava/nio/ByteBuffer;IZDZI)V @ 491
Event: 4.221 Thread 0x000000000aefb800 Uncommon trap: reason=predicate action=maybe_recompile pc=0x000000000f29979c method=org.bytedeco.javacv.Java2DFrameConverter.flipCopyWithGamma(Ljava/nio/ByteBuffer;ILjava/nio/ByteBuffer;IZDZI)V @ 491
Event: 4.222 Thread 0x000000000aefd000 Uncommon trap: reason=class_check action=maybe_recompile pc=0x000000000f29b410 method=org.bytedeco.javacv.Java2DFrameConverter.flipCopyWithGamma(Ljava/nio/ByteBuffer;ILjava/nio/ByteBuffer;IZDZI)V @ 492
Event: 4.222 Thread 0x000000000aefb800 Uncommon trap: reason=class_check action=maybe_recompile pc=0x000000000f29b410 method=org.bytedeco.javacv.Java2DFrameConverter.flipCopyWithGamma(Ljava/nio/ByteBuffer;ILjava/nio/ByteBuffer;IZDZI)V @ 492
Event: 4.222 Thread 0x000000000aefb800 Uncommon trap: reason=class_check action=maybe_recompile pc=0x000000000f29b410 method=org.bytedeco.javacv.Java2DFrameConverter.flipCopyWithGamma(Ljava/nio/ByteBuffer;ILjava/nio/ByteBuffer;IZDZI)V @ 492
Event: 4.222 Thread 0x000000000aefb800 Uncommon trap: reason=class_check action=maybe_recompile pc=0x000000000f29b410 method=org.bytedeco.javacv.Java2DFrameConverter.flipCopyWithGamma(Ljava/nio/ByteBuffer;ILjava/nio/ByteBuffer;IZDZI)V @ 492
Event: 4.247 Thread 0x000000000aefe800 Uncommon trap: reason=speculate_class_check action=maybe_recompile pc=0x000000000f3b8a70 method=org.bytedeco.javacv.Java2DFrameConverter.flipCopyWithGamma(Ljava/nio/ByteBuffer;ILjava/nio/ByteBuffer;IZDZI)V @ 492
Event: 4.252 Thread 0x000000000af00800 Uncommon trap: reason=speculate_class_check action=maybe_recompile pc=0x000000000f3b8a70 method=org.bytedeco.javacv.Java2DFrameConverter.flipCopyWithGamma(Ljava/nio/ByteBuffer;ILjava/nio/ByteBuffer;IZDZI)V @ 492
Event: 4.259 Thread 0x000000000aeff000 Uncommon trap: reason=speculate_class_check action=maybe_recompile pc=0x000000000f3b8a70 method=org.bytedeco.javacv.Java2DFrameConverter.flipCopyWithGamma(Ljava/nio/ByteBuffer;ILjava/nio/ByteBuffer;IZDZI)V @ 492

Internal exceptions (10 events):
Event: 0.496 Thread 0x000000000034f800 Exception <a 'java/security/PrivilegedActionException'> (0x00000000d6bb06d0) thrown at [C:\re\workspace\8-2-build-windows-amd64-cygwin\jdk8u45\3457\hotspot\src\share\vm\prims\jvm.cpp, line 1382]
Event: 0.496 Thread 0x000000000034f800 Exception <a 'java/security/PrivilegedActionException'> (0x00000000d6bb1b18) thrown at [C:\re\workspace\8-2-build-windows-amd64-cygwin\jdk8u45\3457\hotspot\src\share\vm\prims\jvm.cpp, line 1382]
Event: 0.496 Thread 0x000000000034f800 Exception <a 'java/security/PrivilegedActionException'> (0x00000000d6bb1cd0) thrown at [C:\re\workspace\8-2-build-windows-amd64-cygwin\jdk8u45\3457\hotspot\src\share\vm\prims\jvm.cpp, line 1382]
Event: 0.496 Thread 0x000000000034f800 Exception <a 'java/security/PrivilegedActionException'> (0x00000000d6bb3048) thrown at [C:\re\workspace\8-2-build-windows-amd64-cygwin\jdk8u45\3457\hotspot\src\share\vm\prims\jvm.cpp, line 1382]
Event: 0.496 Thread 0x000000000034f800 Exception <a 'java/security/PrivilegedActionException'> (0x00000000d6bb3200) thrown at [C:\re\workspace\8-2-build-windows-amd64-cygwin\jdk8u45\3457\hotspot\src\share\vm\prims\jvm.cpp, line 1382]
Event: 0.496 Thread 0x000000000034f800 Exception <a 'java/security/PrivilegedActionException'> (0x00000000d6bb44e0) thrown at [C:\re\workspace\8-2-build-windows-amd64-cygwin\jdk8u45\3457\hotspot\src\share\vm\prims\jvm.cpp, line 1382]
Event: 0.496 Thread 0x000000000034f800 Exception <a 'java/security/PrivilegedActionException'> (0x00000000d6bb4698) thrown at [C:\re\workspace\8-2-build-windows-amd64-cygwin\jdk8u45\3457\hotspot\src\share\vm\prims\jvm.cpp, line 1382]
Event: 3.151 Thread 0x000000000a149800 Exception <a 'java/io/FileNotFoundException'> (0x00000000d6ff0d20) thrown at [C:\re\workspace\8-2-build-windows-amd64-cygwin\jdk8u45\3457\hotspot\src\share\vm\prims\jni.cpp, line 709]
Event: 4.209 Thread 0x000000000034f800 Exception <a 'java/lang/NoSuchFieldError': method resolution failed> (0x00000000d7bc49f0) thrown at [C:\re\workspace\8-2-build-windows-amd64-cygwin\jdk8u45\3457\hotspot\src\share\vm\prims\methodHandles.cpp, line 1125]
Event: 4.210 Thread 0x000000000034f800 Exception <a 'java/lang/NoSuchFieldError': method resolution failed> (0x00000000d7bd3060) thrown at [C:\re\workspace\8-2-build-windows-amd64-cygwin\jdk8u45\3457\hotspot\src\share\vm\prims\methodHandles.cpp, line 1125]

Events (10 events):
Event: 4.252 Thread 0x000000000af00800 Uncommon trap: trap_request=0xffffff76 fr.pc=0x000000000f3b8a70
Event: 4.252 Thread 0x000000000af00800 DEOPT PACKING pc=0x000000000f3b8a70 sp=0x0000000020f9ed20
Event: 4.252 Thread 0x000000000af00800 DEOPT UNPACKING pc=0x000000000f05582a sp=0x0000000020f9ecc8 mode 2
Event: 4.259 Thread 0x000000000aeff000 Uncommon trap: trap_request=0xffffff76 fr.pc=0x000000000f3b8a70
Event: 4.259 Thread 0x000000000aeff000 DEOPT PACKING pc=0x000000000f3b8a70 sp=0x00000000209af200
Event: 4.259 Thread 0x000000000aeff000 DEOPT UNPACKING pc=0x000000000f05582a sp=0x00000000209af1a8 mode 2
Event: 4.266 Executing VM operation: RevokeBias
Event: 4.266 Executing VM operation: RevokeBias done
Event: 4.266 Thread 0x000000000aefc000 Thread exited: 0x000000000aefc000
Event: 4.266 Thread 0x000000000af00000 Thread exited: 0x000000000af00000


Dynamic libraries:
0x000000013f750000 - 0x000000013f787000 	B:\Program Files\Java\jdk1.8.0_45\bin\javaw.exe
0x0000000077420000 - 0x00000000775c8000 	C:\Windows\SYSTEM32\ntdll.dll
0x0000000077300000 - 0x000000007741f000 	C:\Windows\system32\kernel32.dll
0x000007fefd310000 - 0x000007fefd37c000 	C:\Windows\system32\KERNELBASE.dll
0x000007fefdf90000 - 0x000007fefe06b000 	C:\Windows\system32\ADVAPI32.dll
0x000007fefe250000 - 0x000007fefe2ef000 	C:\Windows\system32\msvcrt.dll
0x000007fefe4d0000 - 0x000007fefe4ef000 	C:\Windows\SYSTEM32\sechost.dll
0x000007fefe4f0000 - 0x000007fefe61d000 	C:\Windows\system32\RPCRT4.dll
0x0000000077200000 - 0x00000000772fa000 	C:\Windows\system32\USER32.dll
0x000007fefd5c0000 - 0x000007fefd627000 	C:\Windows\system32\GDI32.dll
0x000007fefe170000 - 0x000007fefe17e000 	C:\Windows\system32\LPK.dll
0x000007fefe180000 - 0x000007fefe249000 	C:\Windows\system32\USP10.dll
0x000007fefbae0000 - 0x000007fefbcd4000 	C:\Windows\WinSxS\amd64_microsoft.windows.common-controls_6595b64144ccf1df_6.0.7601.18807_none_fa381d5f175bfb52\COMCTL32.dll
0x000007fefe070000 - 0x000007fefe0e1000 	C:\Windows\system32\SHLWAPI.dll
0x000007fefdf60000 - 0x000007fefdf8e000 	C:\Windows\system32\IMM32.DLL
0x000007fefdb60000 - 0x000007fefdc69000 	C:\Windows\system32\MSCTF.dll
0x000007fefd100000 - 0x000007fefd146000 	C:\Windows\system32\nvinitx.dll
0x000000000f000000 - 0x000000000f006000 	C:\Program Files\NVIDIA Corporation\CoProcManager\_etoured.dll
0x000007fefa250000 - 0x000007fefa2a5000 	C:\Program Files\NVIDIA Corporation\CoProcManager\nvd3d9wrapx.dll
0x000007fefe2f0000 - 0x000007fefe4c7000 	C:\Windows\system32\SETUPAPI.dll
0x000007fefd2d0000 - 0x000007fefd306000 	C:\Windows\system32\CFGMGR32.dll
0x000007fefd680000 - 0x000007fefd757000 	C:\Windows\system32\OLEAUT32.dll
0x000007fefd950000 - 0x000007fefdb53000 	C:\Windows\system32\ole32.dll
0x000007fefd260000 - 0x000007fefd27a000 	C:\Windows\system32\DEVOBJ.dll
0x000007fef9590000 - 0x000007fef95cd000 	C:\Program Files\NVIDIA Corporation\CoProcManager\nvdxgiwrapx.dll
0x000000005ec80000 - 0x000000005ed52000 	B:\Program Files\Java\jdk1.8.0_45\bin\msvcr100.dll
0x0000000050450000 - 0x0000000050cd3000 	B:\Program Files\Java\jdk1.8.0_45\bin\server\jvm.dll
0x000007fef4570000 - 0x000007fef4579000 	C:\Windows\system32\WSOCK32.dll
0x000007fefd630000 - 0x000007fefd67d000 	C:\Windows\system32\WS2_32.dll
0x000007feff450000 - 0x000007feff458000 	C:\Windows\system32\NSI.dll
0x000007fef9550000 - 0x000007fef958b000 	C:\Windows\system32\WINMM.dll
0x000007fefc0b0000 - 0x000007fefc0bc000 	C:\Windows\system32\VERSION.dll
0x00000000775f0000 - 0x00000000775f7000 	C:\Windows\system32\PSAPI.DLL
0x000000005f000000 - 0x000000005f00f000 	B:\Program Files\Java\jdk1.8.0_45\bin\verify.dll
0x000000005ef90000 - 0x000000005efb9000 	B:\Program Files\Java\jdk1.8.0_45\bin\java.dll
0x000000005ef70000 - 0x000000005ef86000 	B:\Program Files\Java\jdk1.8.0_45\bin\zip.dll
0x000007fefe6c0000 - 0x000007feff449000 	C:\Windows\system32\SHELL32.dll
0x000007fefd1e0000 - 0x000007fefd1ef000 	C:\Windows\system32\profapi.dll
0x000000005e990000 - 0x000000005ea61000 	C:\Users\Jolly94\AppData\Local\Temp\javacpp92506447116118\msvcr100.dll
0x000000005ee60000 - 0x000000005eef8000 	C:\Users\Jolly94\AppData\Local\Temp\javacpp92506447116118\msvcp100.dll
0x000007feef4a0000 - 0x000007feef720000 	C:\Users\Jolly94\AppData\Local\Temp\javacpp92506447116118\opencv_core2411.dll
0x000007feed830000 - 0x000007feeda22000 	C:\Users\Jolly94\AppData\Local\Temp\javacpp92506447116118\jniopencv_core.dll
0x000007feed560000 - 0x000007feed821000 	C:\Users\Jolly94\AppData\Local\Temp\javacpp92506447116118\opencv_imgproc2411.dll
0x000007fef9ff0000 - 0x000007fefa098000 	C:\Users\Jolly94\AppData\Local\Temp\javacpp92506447116118\jniopencv_imgproc.dll
0x0000000066840000 - 0x00000000676b4000 	C:\Users\Jolly94\AppData\Local\Temp\javacpp92506447116118\opencv_ffmpeg2411_64.dll
0x000007fee9ae0000 - 0x000007fee9d2e000 	C:\Users\Jolly94\AppData\Local\Temp\javacpp92506447116118\opencv_highgui2411.dll
0x000007fefa0b0000 - 0x000007fefa0cf000 	C:\Windows\system32\AVIFIL32.dll
0x000007fef3a70000 - 0x000007fef3a88000 	C:\Windows\system32\MSACM32.dll
0x000007fef9ee0000 - 0x000007fef9f09000 	C:\Windows\system32\MSVFW32.dll
0x000007fefa0d0000 - 0x000007fefa0e7000 	C:\Windows\system32\AVICAP32.dll
0x000007fef9840000 - 0x000007fef9891000 	C:\Users\Jolly94\AppData\Local\Temp\javacpp92506447116118\jniopencv_highgui.dll
0x000000005b780000 - 0x000000005b918000 	B:\Program Files\Java\jdk1.8.0_45\bin\awt.dll
0x000000005e900000 - 0x000000005e98d000 	C:\Users\Jolly94\AppData\Local\Temp\javacpp92506447116118\avutil-54.dll
0x000007fef96c0000 - 0x000007fef9743000 	C:\Users\Jolly94\AppData\Local\Temp\javacpp92506447116118\jniavutil.dll
0x000000005d730000 - 0x000000005d78e000 	C:\Users\Jolly94\AppData\Local\Temp\javacpp92506447116118\swresample-1.dll
0x000007fef9fe0000 - 0x000007fef9fef000 	C:\Users\Jolly94\AppData\Local\Temp\javacpp92506447116118\jniswresample.dll
0x000000001e010000 - 0x000000001fd2a000 	C:\Users\Jolly94\AppData\Local\Temp\javacpp92506447116118\avcodec-56.dll
0x000007fef9630000 - 0x000007fef96ba000 	C:\Users\Jolly94\AppData\Local\Temp\javacpp92506447116118\jniavcodec.dll
0x0000000058ae0000 - 0x0000000059158000 	C:\Users\Jolly94\AppData\Local\Temp\javacpp92506447116118\avformat-56.dll
0x000007fefd430000 - 0x000007fefd59d000 	C:\Windows\system32\CRYPT32.dll
0x000007fefd1f0000 - 0x000007fefd1ff000 	C:\Windows\system32\MSASN1.dll
0x000007fef97d0000 - 0x000007fef9840000 	C:\Users\Jolly94\AppData\Local\Temp\javacpp92506447116118\jniavformat.dll
0x000000005c090000 - 0x000000005c113000 	C:\Users\Jolly94\AppData\Local\Temp\javacpp92506447116118\swscale-3.dll
0x000007fef9ea0000 - 0x000007fef9eb5000 	C:\Users\Jolly94\AppData\Local\Temp\javacpp92506447116118\jniswscale.dll
0x000007fefc990000 - 0x000007fefc9a8000 	C:\Windows\system32\CRYPTSP.dll
0x000007fefc690000 - 0x000007fefc6d7000 	C:\Windows\system32\rsaenh.dll
0x000007fefd030000 - 0x000007fefd03f000 	C:\Windows\system32\CRYPTBASE.dll
0x000007fef75f0000 - 0x000007fef7715000 	C:\Windows\system32\dbghelp.dll

VM Arguments:
jvm_args: -Dfile.encoding=UTF-8 
java_command: JolleeB.BachelorT.App
java_class_path (initial): B:\DevStff\BachelorThesis\Java\BachelorT\target\classes;C:\Users\Jolly94\.m2\repository\xuggle\xuggle-xuggler\5.4\xuggle-xuggler-5.4.jar;C:\Users\Jolly94\.m2\repository\org\slf4j\slf4j-api\1.6.4\slf4j-api-1.6.4.jar;C:\Users\Jolly94\.m2\repository\commons-cli\commons-cli\1.1\commons-cli-1.1.jar;C:\Users\Jolly94\.m2\repository\ch\qos\logback\logback-core\1.0.0\logback-core-1.0.0.jar;C:\Users\Jolly94\.m2\repository\ch\qos\logback\logback-classic\1.0.0\logback-classic-1.0.0.jar;C:\Users\Jolly94\.m2\repository\org\bytedeco\javacv\0.11\javacv-0.11.jar;C:\Users\Jolly94\.m2\repository\org\bytedeco\javacpp\0.11\javacpp-0.11.jar;C:\Users\Jolly94\.m2\repository\org\bytedeco\javacpp-presets\opencv\2.4.11-0.11\opencv-2.4.11-0.11.jar;C:\Users\Jolly94\.m2\repository\org\bytedeco\javacpp-presets\opencv\2.4.11-0.11\opencv-2.4.11-0.11-windows-x86_64.jar;C:\Users\Jolly94\.m2\repository\org\bytedeco\javacpp-presets\ffmpeg\2.6.1-0.11\ffmpeg-2.6.1-0.11.jar;C:\Users\Jolly94\.m2\repository\org\bytedeco\javacpp-presets\ffmpeg\2.6.1-0.11\ffmpeg-2.6.1-0.11-windows-x86_64.jar;C:\Users\Jolly94\.m2\repository\org\bytedeco\javacpp-presets\flycapture\2.7.3.19-0.11\flycapture-2.7.3.19-0.11.jar;C:\Users\Jolly94\.m2\repository\org\bytedeco\javacpp-presets\flycapture\2.7.3.19-0.11\flycapture-2.7.3.19-0.11-windows-x86_64.jar;C:\Users\Jolly94\.m2\repository\org\bytedeco\javacpp-presets\libdc1394\2.2.3-0.11\libdc1394-2.2.3-0.11.jar;C:\Users\Jolly94\.m2\repository\org\bytedeco\javacpp-presets\libdc1394\2.2.3-0.11\libdc1394-2.2.3-0.11-windows-x86_64.jar;C:\Users\Jolly94\.m2\repository\org\bytedeco\javacpp-presets\libfreenect\0.5.2-0.11\libfreenect-0.5.2-0.11.jar;C:\Users\Jolly94\.m2\repository\org\bytedeco\javacpp-presets\libfreenect\0.5.2-0.11\libfreenect-0.5.2-0.11-windows-x86_64.jar;C:\Users\Jolly94\.m2\repository\org\bytedeco\javacpp-presets\videoinput\0.200-0.11\videoinput-0.200-0.11.jar;C:\Users\Jolly94\.m2\repository\org\bytedeco\javacpp-presets\videoinput\0.200-0.11\vid
Launcher Type: SUN_STANDARD

Environment Variables:
PATH=B:/Program Files/Java/jdk1.8.0_45/bin/server;B:/Program Files/Java/jdk1.8.0_45/bin;B:/Program Files/Java/jdk1.8.0_45/lib/amd64;C:\ProgramData\Oracle\Java\javapath;C:\Program Files (x86)\NVIDIA Corporation\PhysX\Common;C:\Program Files (x86)\Intel\iCLS Client\;C:\Program Files\Intel\iCLS Client\;C:\Windows\system32;C:\Windows;C:\Windows\System32\Wbem;C:\Windows\System32\WindowsPowerShell\v1.0\;C:\Program Files\Intel\Intel(R) Management Engine Components\DAL;C:\Program Files\Intel\Intel(R) Management Engine Components\IPT;C:\Program Files (x86)\Intel\Intel(R) Management Engine Components\DAL;C:\Program Files (x86)\Intel\Intel(R) Management Engine Components\IPT;C:\Program Files (x86)\Intel\OpenCL SDK\3.0\bin\x86;C:\Program Files (x86)\Intel\OpenCL SDK\3.0\bin\x64;C:\Program Files (x86)\Autodesk\Backburner\;C:\Program Files\Microsoft SQL Server\110\Tools\Binn\;C:\Program Files (x86)\Microsoft SDKs\TypeScript\1.0\;C:\Program Files\Microsoft\Web Platform Installer\;B:\Program Files (x86)\nodejs\;C:\Program Files (x86)\Skype\Phone\;B:\RailsInstaller\Git\cmd;B:\RailsInstaller\Ruby1.9.3\bin;C:\Users\Jolly94\AppData\Roaming\npm;B:\Program Files\Java\jdk1.7.0_40\bin;.;;.;;C:\Users\Jolly94\java\eclipse;
USERNAME=Jolly94
OS=Windows_NT
PROCESSOR_IDENTIFIER=Intel64 Family 6 Model 60 Stepping 3, GenuineIntel



---------------  S Y S T E M  ---------------

OS: Windows 7 , 64 bit Build 7601 (6.1.7601.18798)

CPU:total 4 (4 cores per cpu, 1 threads per core) family 6 model 60 stepping 3, cmov, cx8, fxsr, mmx, sse, sse2, sse3, ssse3, sse4.1, sse4.2, popcnt, avx, avx2, aes, clmul, erms, rtm, lzcnt, tsc, tscinvbit, bmi1, bmi2

Memory: 4k page, physical 8264692k(4994880k free), swap 14218592k(8684800k free)

vm_info: Java HotSpot(TM) 64-Bit Server VM (25.45-b02) for windows-amd64 JRE (1.8.0_45-b14), built on Apr 10 2015 10:34:15 by "java_re" with MS VC++ 10.0 (VS2010)

time: Wed Jun 03 10:58:25 2015
elapsed time: 4 seconds (0d 0h 0m 4s)

