#
# A fatal error has been detected by the Java Runtime Environment:
#
#  EXCEPTION_ACCESS_VIOLATION (0xc0000005) at pc=0x00000000634f6c50, pid=6388, tid=3048
#
# JRE version: Java(TM) SE Runtime Environment (8.0_45-b14) (build 1.8.0_45-b14)
# Java VM: Java HotSpot(TM) 64-Bit Server VM (25.45-b02 mixed mode windows-amd64 compressed oops)
# Problematic frame:
# C  [swscale-3.dll+0x46c50]
#
# Failed to write core dump. Minidumps are not enabled by default on client versions of Windows
#
# If you would like to submit a bug report, please visit:
#   http://bugreport.java.com/bugreport/crash.jsp
# The crash happened outside the Java Virtual Machine in native code.
# See problematic frame for where to report the bug.
#

---------------  T H R E A D  ---------------

Current thread (0x000000000ae4e800):  JavaThread "Thread-1587" [_thread_in_native, id=3048, stack(0x000000000bb70000,0x000000000bc70000)]

siginfo: ExceptionCode=0xc0000005, writing address 0x000000005e0ac5b0

Registers:
RAX=0xffffffffffffffb0, RBX=0x000000005e0ca920, RCX=0x000000000c1e7540, RDX=0xffffffffffffff28
RSP=0x000000000bc6ea40, RBP=0x0000000000000780, RSI=0x000000005e0ba660, RDI=0x00000000000000a0
R8 =0x000000000c1e7540, R9 =0x000000005e0ac600, R10=0x000000005e0bf160, R11=0x000000000000004e
R12=0x00000000000003c0, R13=0xfffffffffffffec0, R14=0x000000000c1e7180, R15=0x000000005e0ac4c0
RIP=0x00000000634f6c50, EFLAGS=0x0000000000010286

Top of Stack: (sp=0x000000000bc6ea40)
0x000000000bc6ea40:   0000000000000000 0000000000000000
0x000000000bc6ea50:   0000000000000000 0000000000000000
0x000000000bc6ea60:   0000000000000140 0000000000000002
0x000000000bc6ea70:   0000000000000140 00000000000000a0
0x000000000bc6ea80:   00000000000003c0 000000005e0ca920
0x000000000bc6ea90:   0000000000000280 0000000000000140
0x000000000bc6eaa0:   ffffffffffffff60 000000000c1d4d00
0x000000000bc6eab0:   000000005e0a6340 000000005e0b8d60
0x000000000bc6eac0:   000000005e0bd860 000000ee000000ec
0x000000000bc6ead0:   0000014000000140 000003c0000000a0
0x000000000bc6eae0:   0000000000000000 0000000000000000
0x000000000bc6eaf0:   00000000000000f0 000000000bc6eca0
0x000000000bc6eb00:   000000005e0c4ba0 000000000bc6ec70
0x000000000bc6eb10:   000000005e0ca920 0000000000000000
0x000000000bc6eb20:   0000000000000000 00000000634e72ea
0x000000000bc6eb30:   0000000000000000 0000000000000000 

Instructions: (pc=0x00000000634f6c50)
0x00000000634f6c30:   6b e1 0f 6b d3 0f f5 e5 0f f5 d5 48 83 c2 18 0f
0x00000000634f6c40:   6b e2 0f 71 e4 07 0f 67 c4 0f dc 05 48 53 02 00
0x00000000634f6c50:   41 0f e7 04 01 48 83 c0 08 0f 88 41 ff ff ff 48
0x00000000634f6c60:   8b 44 24 58 4d 8d 34 0c 4e 8d 3c 08 4c 89 e8 0f 


Register to memory mapping:

RAX=0xffffffffffffffb0 is an unknown value
RBX=0x000000005e0ca920 is an unknown value
RCX=0x000000000c1e7540 is an unknown value
RDX=0xffffffffffffff28 is an unknown value
RSP=0x000000000bc6ea40 is pointing into the stack for thread: 0x000000000ae4e800
RBP=0x0000000000000780 is an unknown value
RSI=0x000000005e0ba660 is an unknown value
RDI=0x00000000000000a0 is an unknown value
R8 =0x000000000c1e7540 is an unknown value
R9 =0x000000005e0ac600 is an unknown value
R10=0x000000005e0bf160 is an unknown value
R11=0x000000000000004e is an unknown value
R12=0x00000000000003c0 is an unknown value
R13=0xfffffffffffffec0 is an unknown value
R14=0x000000000c1e7180 is an unknown value
R15=0x000000005e0ac4c0 is an unknown value


Stack: [0x000000000bb70000,0x000000000bc70000],  sp=0x000000000bc6ea40,  free space=1018k
Native frames: (J=compiled Java code, j=interpreted, Vv=VM code, C=native code)
C  [swscale-3.dll+0x46c50]
C  [swscale-3.dll+0x372ea]
C  [swscale-3.dll+0x2c685]
C  [jniswscale.dll+0x52cf]
C  0x000000000f384501

Java frames: (J=compiled Java code, j=interpreted, Vv=VM code)
J 1127  org.bytedeco.javacpp.swscale.sws_scale(Lorg/bytedeco/javacpp/swscale$SwsContext;Lorg/bytedeco/javacpp/PointerPointer;Lorg/bytedeco/javacpp/IntPointer;IILorg/bytedeco/javacpp/PointerPointer;Lorg/bytedeco/javacpp/IntPointer;)I (0 bytes) @ 0x000000000f38447b [0x000000000f3843c0+0xbb]
J 1123 C1 org.bytedeco.javacv.FFmpegFrameRecorder.recordImage(IIIIII[Ljava/nio/Buffer;)Z (1156 bytes) @ 0x000000000f43b1f4 [0x000000000f439960+0x1894]
J 1122 C1 org.bytedeco.javacv.FFmpegFrameRecorder.record(Lorg/bytedeco/javacv/Frame;)V (104 bytes) @ 0x000000000f190064 [0x000000000f18fea0+0x1c4]
J 1121 C1 JolleeB.BachelorT.DeEnCoding.DynamicVideoCreator.lambda$2([B)V (136 bytes) @ 0x000000000f39cf2c [0x000000000f39c4e0+0xa4c]
J 1120 C1 JolleeB.BachelorT.DeEnCoding.DynamicVideoCreator$$Lambda$1.run()V (12 bytes) @ 0x000000000f29a2cc [0x000000000f29a240+0x8c]
J 1043 C1 java.lang.Thread.run()V (17 bytes) @ 0x000000000f1186bc [0x000000000f118580+0x13c]
v  ~StubRoutines::call_stub

---------------  P R O C E S S  ---------------

Java Threads: ( => current thread )
  0x000000000015f800 JavaThread "DestroyJavaVM" [_thread_blocked, id=5940, stack(0x00000000029e0000,0x0000000002ae0000)]
=>0x000000000ae4e800 JavaThread "Thread-1587" [_thread_in_native, id=3048, stack(0x000000000bb70000,0x000000000bc70000)]
  0x000000000a400000 JavaThread "Service Thread" daemon [_thread_blocked, id=2220, stack(0x000000000a1a0000,0x000000000a2a0000)]
  0x000000000a3ff800 JavaThread "C1 CompilerThread2" daemon [_thread_blocked, id=7396, stack(0x000000000a8a0000,0x000000000a9a0000)]
  0x000000000896d000 JavaThread "C2 CompilerThread1" daemon [_thread_blocked, id=6584, stack(0x000000000a2a0000,0x000000000a3a0000)]
  0x000000000896a800 JavaThread "C2 CompilerThread0" daemon [_thread_blocked, id=7152, stack(0x000000000a010000,0x000000000a110000)]
  0x0000000008967000 JavaThread "Attach Listener" daemon [_thread_blocked, id=7196, stack(0x0000000009f00000,0x000000000a000000)]
  0x0000000008965000 JavaThread "Signal Dispatcher" daemon [_thread_blocked, id=6644, stack(0x0000000009d90000,0x0000000009e90000)]
  0x0000000008902800 JavaThread "Finalizer" daemon [_thread_blocked, id=6324, stack(0x0000000009be0000,0x0000000009ce0000)]
  0x0000000008901800 JavaThread "Reference Handler" daemon [_thread_blocked, id=5420, stack(0x0000000009910000,0x0000000009a10000)]

Other Threads:
  0x00000000088fb800 VMThread [stack: 0x0000000009a40000,0x0000000009b40000] [id=6504]
  0x000000000a408000 WatcherThread [stack: 0x000000000aaa0000,0x000000000aba0000] [id=7108]

VM state:not at safepoint (normal execution)

VM Mutex/Monitor currently owned by a thread: None

Heap:
 PSYoungGen      total 53248K, used 44483K [0x00000000d5f80000, 0x00000000daa80000, 0x0000000100000000)
  eden space 52736K, 83% used [0x00000000d5f80000,0x00000000d8aa0878,0x00000000d9300000)
  from space 512K, 62% used [0x00000000da680000,0x00000000da6d0410,0x00000000da700000)
  to   space 3584K, 0% used [0x00000000da700000,0x00000000da700000,0x00000000daa80000)
 ParOldGen       total 50176K, used 27104K [0x0000000081e00000, 0x0000000084f00000, 0x00000000d5f80000)
  object space 50176K, 54% used [0x0000000081e00000,0x00000000838780e0,0x0000000084f00000)
 Metaspace       used 8658K, capacity 8836K, committed 8960K, reserved 1056768K
  class space    used 921K, capacity 984K, committed 1024K, reserved 1048576K

Card table byte_map: [0x0000000003170000,0x0000000003570000] byte_map_base: 0x0000000002d61000

Marking Bits: (ParMarkBitMap*) 0x0000000062a74040
 Begin Bits: [0x0000000003c60000, 0x0000000005be8000)
 End Bits:   [0x0000000005be8000, 0x0000000007b70000)

Polling page: 0x0000000000120000

CodeCache: size=245760Kb used=4225Kb max_used=4577Kb free=241534Kb
 bounds [0x000000000f010000, 0x000000000f4a0000, 0x000000001e010000]
 total_blobs=1473 nmethods=1015 adapters=371
 compilation: enabled

Compilation events (10 events):
Event: 79.617 Thread 0x000000000a3ff800 1152       1       java.lang.reflect.Field::getName (5 bytes)
Event: 79.617 Thread 0x000000000a3ff800 nmethod 1152 0x000000000f179250 code [0x000000000f1793a0, 0x000000000f1794b0]
Event: 82.261 Thread 0x000000000896a800 1153  s    4       java.util.Vector::elementAt (48 bytes)
Event: 82.262 Thread 0x000000000896a800 nmethod 1153 0x000000000f431a10 code [0x000000000f431b60, 0x000000000f431db8]
Event: 82.263 Thread 0x000000000a3ff800 1154       3       sun.misc.FDBigInteger::mult (64 bytes)
Event: 82.263 Thread 0x000000000a3ff800 nmethod 1154 0x000000000f3e8090 code [0x000000000f3e8200, 0x000000000f3e8490]
Event: 82.263 Thread 0x000000000a3ff800 1155       3       sun.misc.FDBigInteger::<init> (30 bytes)
Event: 82.263 Thread 0x000000000a3ff800 nmethod 1155 0x000000000f431550 code [0x000000000f4316c0, 0x000000000f4318c8]
Event: 82.263 Thread 0x000000000a3ff800 1156       3       sun.misc.FDBigInteger::trimLeadingZeros (57 bytes)
Event: 82.263 Thread 0x000000000a3ff800 nmethod 1156 0x000000000f14bdd0 code [0x000000000f14bf40, 0x000000000f14c270]

GC Heap History (10 events):
Event: 79.028 GC heap before
{Heap before GC invocations=595 (full 2):
 PSYoungGen      total 61952K, used 61605K [0x00000000d5f80000, 0x00000000db080000, 0x0000000100000000)
  eden space 60416K, 100% used [0x00000000d5f80000,0x00000000d9a80000,0x00000000d9a80000)
  from space 1536K, 77% used [0x00000000daf00000,0x00000000db029420,0x00000000db080000)
  to   space 3584K, 0% used [0x00000000da980000,0x00000000da980000,0x00000000dad00000)
 ParOldGen       total 50176K, used 27096K [0x0000000081e00000, 0x0000000084f00000, 0x00000000d5f80000)
  object space 50176K, 54% used [0x0000000081e00000,0x00000000838760e0,0x0000000084f00000)
 Metaspace       used 8600K, capacity 8772K, committed 8960K, reserved 1056768K
  class space    used 915K, capacity 984K, committed 1024K, reserved 1048576K
Event: 79.030 GC heap after
Heap after GC invocations=595 (full 2):
 PSYoungGen      total 61440K, used 2089K [0x00000000d5f80000, 0x00000000daf80000, 0x0000000100000000)
  eden space 58880K, 0% used [0x00000000d5f80000,0x00000000d5f80000,0x00000000d9900000)
  from space 2560K, 81% used [0x00000000da980000,0x00000000dab8a430,0x00000000dac00000)
  to   space 3584K, 0% used [0x00000000dac00000,0x00000000dac00000,0x00000000daf80000)
 ParOldGen       total 50176K, used 27096K [0x0000000081e00000, 0x0000000084f00000, 0x00000000d5f80000)
  object space 50176K, 54% used [0x0000000081e00000,0x00000000838760e0,0x0000000084f00000)
 Metaspace       used 8600K, capacity 8772K, committed 8960K, reserved 1056768K
  class space    used 915K, capacity 984K, committed 1024K, reserved 1048576K
}
Event: 79.190 GC heap before
{Heap before GC invocations=596 (full 2):
 PSYoungGen      total 61440K, used 60969K [0x00000000d5f80000, 0x00000000daf80000, 0x0000000100000000)
  eden space 58880K, 100% used [0x00000000d5f80000,0x00000000d9900000,0x00000000d9900000)
  from space 2560K, 81% used [0x00000000da980000,0x00000000dab8a430,0x00000000dac00000)
  to   space 3584K, 0% used [0x00000000dac00000,0x00000000dac00000,0x00000000daf80000)
 ParOldGen       total 50176K, used 27096K [0x0000000081e00000, 0x0000000084f00000, 0x00000000d5f80000)
  object space 50176K, 54% used [0x0000000081e00000,0x00000000838760e0,0x0000000084f00000)
 Metaspace       used 8600K, capacity 8772K, committed 8960K, reserved 1056768K
  class space    used 915K, capacity 984K, committed 1024K, reserved 1048576K
Event: 79.191 GC heap after
Heap after GC invocations=596 (full 2):
 PSYoungGen      total 59904K, used 2089K [0x00000000d5f80000, 0x00000000dae80000, 0x0000000100000000)
  eden space 57344K, 0% used [0x00000000d5f80000,0x00000000d5f80000,0x00000000d9780000)
  from space 2560K, 81% used [0x00000000dac00000,0x00000000dae0a430,0x00000000dae80000)
  to   space 3584K, 0% used [0x00000000da780000,0x00000000da780000,0x00000000dab00000)
 ParOldGen       total 50176K, used 27096K [0x0000000081e00000, 0x0000000084f00000, 0x00000000d5f80000)
  object space 50176K, 54% used [0x0000000081e00000,0x00000000838760e0,0x0000000084f00000)
 Metaspace       used 8600K, capacity 8772K, committed 8960K, reserved 1056768K
  class space    used 915K, capacity 984K, committed 1024K, reserved 1048576K
}
Event: 79.307 GC heap before
{Heap before GC invocations=597 (full 2):
 PSYoungGen      total 59904K, used 59433K [0x00000000d5f80000, 0x00000000dae80000, 0x0000000100000000)
  eden space 57344K, 100% used [0x00000000d5f80000,0x00000000d9780000,0x00000000d9780000)
  from space 2560K, 81% used [0x00000000dac00000,0x00000000dae0a430,0x00000000dae80000)
  to   space 3584K, 0% used [0x00000000da780000,0x00000000da780000,0x00000000dab00000)
 ParOldGen       total 50176K, used 27096K [0x0000000081e00000, 0x0000000084f00000, 0x00000000d5f80000)
  object space 50176K, 54% used [0x0000000081e00000,0x00000000838760e0,0x0000000084f00000)
 Metaspace       used 8600K, capacity 8772K, committed 8960K, reserved 1056768K
  class space    used 915K, capacity 984K, committed 1024K, reserved 1048576K
Event: 79.309 GC heap after
Heap after GC invocations=597 (full 2):
 PSYoungGen      total 58368K, used 2089K [0x00000000d5f80000, 0x00000000dac80000, 0x0000000100000000)
  eden space 55808K, 0% used [0x00000000d5f80000,0x00000000d5f80000,0x00000000d9600000)
  from space 2560K, 81% used [0x00000000da780000,0x00000000da98a430,0x00000000daa00000)
  to   space 2560K, 0% used [0x00000000daa00000,0x00000000daa00000,0x00000000dac80000)
 ParOldGen       total 50176K, used 27096K [0x0000000081e00000, 0x0000000084f00000, 0x00000000d5f80000)
  object space 50176K, 54% used [0x0000000081e00000,0x00000000838760e0,0x0000000084f00000)
 Metaspace       used 8600K, capacity 8772K, committed 8960K, reserved 1056768K
  class space    used 915K, capacity 984K, committed 1024K, reserved 1048576K
}
Event: 79.424 GC heap before
{Heap before GC invocations=598 (full 2):
 PSYoungGen      total 58368K, used 57897K [0x00000000d5f80000, 0x00000000dac80000, 0x0000000100000000)
  eden space 55808K, 100% used [0x00000000d5f80000,0x00000000d9600000,0x00000000d9600000)
  from space 2560K, 81% used [0x00000000da780000,0x00000000da98a430,0x00000000daa00000)
  to   space 2560K, 0% used [0x00000000daa00000,0x00000000daa00000,0x00000000dac80000)
 ParOldGen       total 50176K, used 27096K [0x0000000081e00000, 0x0000000084f00000, 0x00000000d5f80000)
  object space 50176K, 54% used [0x0000000081e00000,0x00000000838760e0,0x0000000084f00000)
 Metaspace       used 8600K, capacity 8772K, committed 8960K, reserved 1056768K
  class space    used 915K, capacity 984K, committed 1024K, reserved 1048576K
Event: 79.425 GC heap after
Heap after GC invocations=598 (full 2):
 PSYoungGen      total 56832K, used 2089K [0x00000000d5f80000, 0x00000000dac80000, 0x0000000100000000)
  eden space 54272K, 0% used [0x00000000d5f80000,0x00000000d5f80000,0x00000000d9480000)
  from space 2560K, 81% used [0x00000000daa00000,0x00000000dac0a430,0x00000000dac80000)
  to   space 3072K, 0% used [0x00000000da680000,0x00000000da680000,0x00000000da980000)
 ParOldGen       total 50176K, used 27096K [0x0000000081e00000, 0x0000000084f00000, 0x00000000d5f80000)
  object space 50176K, 54% used [0x0000000081e00000,0x00000000838760e0,0x0000000084f00000)
 Metaspace       used 8600K, capacity 8772K, committed 8960K, reserved 1056768K
  class space    used 915K, capacity 984K, committed 1024K, reserved 1048576K
}
Event: 82.159 GC heap before
{Heap before GC invocations=599 (full 2):
 PSYoungGen      total 56832K, used 55584K [0x00000000d5f80000, 0x00000000dac80000, 0x0000000100000000)
  eden space 54272K, 98% used [0x00000000d5f80000,0x00000000d93bdf38,0x00000000d9480000)
  from space 2560K, 81% used [0x00000000daa00000,0x00000000dac0a430,0x00000000dac80000)
  to   space 3072K, 0% used [0x00000000da680000,0x00000000da680000,0x00000000da980000)
 ParOldGen       total 50176K, used 27096K [0x0000000081e00000, 0x0000000084f00000, 0x00000000d5f80000)
  object space 50176K, 54% used [0x0000000081e00000,0x00000000838760e0,0x0000000084f00000)
 Metaspace       used 8606K, capacity 8772K, committed 8960K, reserved 1056768K
  class space    used 916K, capacity 984K, committed 1024K, reserved 1048576K
Event: 82.160 GC heap after
Heap after GC invocations=599 (full 2):
 PSYoungGen      total 53248K, used 321K [0x00000000d5f80000, 0x00000000daa80000, 0x0000000100000000)
  eden space 52736K, 0% used [0x00000000d5f80000,0x00000000d5f80000,0x00000000d9300000)
  from space 512K, 62% used [0x00000000da680000,0x00000000da6d0410,0x00000000da700000)
  to   space 3584K, 0% used [0x00000000da700000,0x00000000da700000,0x00000000daa80000)
 ParOldGen       total 50176K, used 27104K [0x0000000081e00000, 0x0000000084f00000, 0x00000000d5f80000)
  object space 50176K, 54% used [0x0000000081e00000,0x00000000838780e0,0x0000000084f00000)
 Metaspace       used 8606K, capacity 8772K, committed 8960K, reserved 1056768K
  class space    used 916K, capacity 984K, committed 1024K, reserved 1048576K
}

Deoptimization events (10 events):
Event: 2.503 Thread 0x000000000015f800 Uncommon trap: reason=unstable_if action=reinterpret pc=0x000000000f402850 method=java.lang.StrictMath.floorOrCeil(DDDD)D @ 14
Event: 2.601 Thread 0x000000000015f800 Uncommon trap: reason=unstable_if action=reinterpret pc=0x000000000f3fe65c method=java.lang.StrictMath.floorOrCeil(DDDD)D @ 90
Event: 2.602 Thread 0x000000000015f800 Uncommon trap: reason=unstable_if action=reinterpret pc=0x000000000f40e7ec method=java.lang.StrictMath.floorOrCeil(DDDD)D @ 90
Event: 2.703 Thread 0x000000000015f800 Uncommon trap: reason=unstable_if action=reinterpret pc=0x000000000f3f7838 method=java.lang.StrictMath.floorOrCeil(DDDD)D @ 90
Event: 2.703 Thread 0x000000000015f800 Uncommon trap: reason=unstable_if action=reinterpret pc=0x000000000f39f880 method=java.lang.StrictMath.floorOrCeil(DDDD)D @ 90
Event: 2.704 Thread 0x000000000015f800 Uncommon trap: reason=unstable_if action=reinterpret pc=0x000000000f3a149c method=java.lang.StrictMath.floorOrCeil(DDDD)D @ 90
Event: 2.757 Thread 0x000000000015f800 Uncommon trap: reason=unstable_if action=reinterpret pc=0x000000000f429a0c method=JolleeB.BachelorT.Algorithmen.MOGAnalyzerMRF.convertImage([B)[B @ 621
Event: 2.757 Thread 0x000000000015f800 Uncommon trap: reason=unstable_if action=reinterpret pc=0x000000000f385628 method=JolleeB.BachelorT.Algorithmen.MOGAnalyzerMRF.convertImage([B)[B @ 621
Event: 2.856 Thread 0x000000000015f800 Uncommon trap: reason=unstable_if action=reinterpret pc=0x000000000f42dbc0 method=JolleeB.BachelorT.Algorithmen.MOGAnalyzerMRF.convertImage([B)[B @ 621
Event: 2.939 Thread 0x000000000015f800 Uncommon trap: reason=unstable_if action=reinterpret pc=0x000000000f422ed8 method=JolleeB.BachelorT.Algorithmen.MOGAnalyzerMRF.convertImage([B)[B @ 621

Internal exceptions (10 events):
Event: 0.636 Thread 0x000000000015f800 Exception <a 'java/security/PrivilegedActionException'> (0x00000000d6b18cc8) thrown at [C:\re\workspace\8-2-build-windows-amd64-cygwin\jdk8u45\3457\hotspot\src\share\vm\prims\jvm.cpp, line 1382]
Event: 0.636 Thread 0x000000000015f800 Exception <a 'java/security/PrivilegedActionException'> (0x00000000d6b1a110) thrown at [C:\re\workspace\8-2-build-windows-amd64-cygwin\jdk8u45\3457\hotspot\src\share\vm\prims\jvm.cpp, line 1382]
Event: 0.636 Thread 0x000000000015f800 Exception <a 'java/security/PrivilegedActionException'> (0x00000000d6b1a2c8) thrown at [C:\re\workspace\8-2-build-windows-amd64-cygwin\jdk8u45\3457\hotspot\src\share\vm\prims\jvm.cpp, line 1382]
Event: 0.636 Thread 0x000000000015f800 Exception <a 'java/security/PrivilegedActionException'> (0x00000000d6b1b640) thrown at [C:\re\workspace\8-2-build-windows-amd64-cygwin\jdk8u45\3457\hotspot\src\share\vm\prims\jvm.cpp, line 1382]
Event: 0.636 Thread 0x000000000015f800 Exception <a 'java/security/PrivilegedActionException'> (0x00000000d6b1b7f8) thrown at [C:\re\workspace\8-2-build-windows-amd64-cygwin\jdk8u45\3457\hotspot\src\share\vm\prims\jvm.cpp, line 1382]
Event: 0.636 Thread 0x000000000015f800 Exception <a 'java/security/PrivilegedActionException'> (0x00000000d6b1cad8) thrown at [C:\re\workspace\8-2-build-windows-amd64-cygwin\jdk8u45\3457\hotspot\src\share\vm\prims\jvm.cpp, line 1382]
Event: 0.636 Thread 0x000000000015f800 Exception <a 'java/security/PrivilegedActionException'> (0x00000000d6b1cc90) thrown at [C:\re\workspace\8-2-build-windows-amd64-cygwin\jdk8u45\3457\hotspot\src\share\vm\prims\jvm.cpp, line 1382]
Event: 1.063 Thread 0x000000000ae67800 Exception <a 'java/io/FileNotFoundException'> (0x00000000d6eb7820) thrown at [C:\re\workspace\8-2-build-windows-amd64-cygwin\jdk8u45\3457\hotspot\src\share\vm\prims\jni.cpp, line 709]
Event: 2.394 Thread 0x000000000015f800 Exception <a 'java/lang/NoSuchFieldError': method resolution failed> (0x00000000d6957750) thrown at [C:\re\workspace\8-2-build-windows-amd64-cygwin\jdk8u45\3457\hotspot\src\share\vm\prims\methodHandles.cpp, line 1125]
Event: 2.395 Thread 0x000000000015f800 Exception <a 'java/lang/NoSuchFieldError': method resolution failed> (0x00000000d6965dc0) thrown at [C:\re\workspace\8-2-build-windows-amd64-cygwin\jdk8u45\3457\hotspot\src\share\vm\prims\methodHandles.cpp, line 1125]

Events (10 events):
Event: 82.262 loading class sun/misc/FloatingDecimal$1 done
Event: 82.262 loading class sun/misc/FloatingDecimal$PreparedASCIIToBinaryBuffer
Event: 82.262 loading class sun/misc/FloatingDecimal$ASCIIToBinaryConverter
Event: 82.262 loading class sun/misc/FloatingDecimal$ASCIIToBinaryConverter done
Event: 82.262 loading class sun/misc/FloatingDecimal$PreparedASCIIToBinaryBuffer done
Event: 82.262 loading class sun/misc/FDBigInteger
Event: 82.262 loading class sun/misc/FDBigInteger done
Event: 82.263 Thread 0x000000000015f800 Thread exited: 0x000000000015f800
Event: 82.263 Thread 0x000000000a3ff800 flushing nmethod 0x000000000f40a590
Event: 82.263 Thread 0x000000000015f800 Thread added: 0x000000000015f800


Dynamic libraries:
0x000000013fd80000 - 0x000000013fdb7000 	B:\Program Files\Java\jdk1.8.0_45\bin\javaw.exe
0x0000000077260000 - 0x0000000077408000 	C:\Windows\SYSTEM32\ntdll.dll
0x0000000077140000 - 0x000000007725f000 	C:\Windows\system32\kernel32.dll
0x000007fefd300000 - 0x000007fefd36c000 	C:\Windows\system32\KERNELBASE.dll
0x000007feff410000 - 0x000007feff4eb000 	C:\Windows\system32\ADVAPI32.dll
0x000007fefdcd0000 - 0x000007fefdd6f000 	C:\Windows\system32\msvcrt.dll
0x000007fefefd0000 - 0x000007fefefef000 	C:\Windows\SYSTEM32\sechost.dll
0x000007feff0a0000 - 0x000007feff1cd000 	C:\Windows\system32\RPCRT4.dll
0x0000000077040000 - 0x000000007713a000 	C:\Windows\system32\USER32.dll
0x000007fefddc0000 - 0x000007fefde27000 	C:\Windows\system32\GDI32.dll
0x000007feff090000 - 0x000007feff09e000 	C:\Windows\system32\LPK.dll
0x000007fefedd0000 - 0x000007fefee99000 	C:\Windows\system32\USP10.dll
0x000007fefb8e0000 - 0x000007fefbad4000 	C:\Windows\WinSxS\amd64_microsoft.windows.common-controls_6595b64144ccf1df_6.0.7601.18837_none_fa3b1e3d17594757\COMCTL32.dll
0x000007feff2f0000 - 0x000007feff361000 	C:\Windows\system32\SHLWAPI.dll
0x000007fefdd90000 - 0x000007fefddbe000 	C:\Windows\system32\IMM32.DLL
0x000007feff1e0000 - 0x000007feff2e9000 	C:\Windows\system32\MSCTF.dll
0x000007fefcf30000 - 0x000007fefcf76000 	C:\Windows\system32\nvinitx.dll
0x000000000f000000 - 0x000000000f006000 	C:\Program Files\NVIDIA Corporation\CoProcManager\_etoured.dll
0x000007fef94a0000 - 0x000007fef94f5000 	C:\Program Files\NVIDIA Corporation\CoProcManager\nvd3d9wrapx.dll
0x000007fefd560000 - 0x000007fefd737000 	C:\Windows\system32\SETUPAPI.dll
0x000007fefd2b0000 - 0x000007fefd2e6000 	C:\Windows\system32\CFGMGR32.dll
0x000007fefeef0000 - 0x000007fefefc7000 	C:\Windows\system32\OLEAUT32.dll
0x000007fefde30000 - 0x000007fefe033000 	C:\Windows\system32\ole32.dll
0x000007fefd030000 - 0x000007fefd04a000 	C:\Windows\system32\DEVOBJ.dll
0x000007fef9420000 - 0x000007fef945d000 	C:\Program Files\NVIDIA Corporation\CoProcManager\nvdxgiwrapx.dll
0x0000000063870000 - 0x0000000063942000 	B:\Program Files\Java\jdk1.8.0_45\jre\bin\msvcr100.dll
0x0000000062270000 - 0x0000000062af3000 	B:\Program Files\Java\jdk1.8.0_45\jre\bin\server\jvm.dll
0x000007fef3d00000 - 0x000007fef3d09000 	C:\Windows\system32\WSOCK32.dll
0x000007fefeea0000 - 0x000007fefeeed000 	C:\Windows\system32\WS2_32.dll
0x000007feff1d0000 - 0x000007feff1d8000 	C:\Windows\system32\NSI.dll
0x000007fef9460000 - 0x000007fef949b000 	C:\Windows\system32\WINMM.dll
0x000007fefbee0000 - 0x000007fefbeec000 	C:\Windows\system32\VERSION.dll
0x0000000077420000 - 0x0000000077427000 	C:\Windows\system32\PSAPI.DLL
0x0000000074050000 - 0x000000007405f000 	B:\Program Files\Java\jdk1.8.0_45\jre\bin\verify.dll
0x0000000066330000 - 0x0000000066359000 	B:\Program Files\Java\jdk1.8.0_45\jre\bin\java.dll
0x0000000066310000 - 0x0000000066326000 	B:\Program Files\Java\jdk1.8.0_45\jre\bin\zip.dll
0x000007fefe040000 - 0x000007fefedc9000 	C:\Windows\system32\SHELL32.dll
0x000007fefd020000 - 0x000007fefd02f000 	C:\Windows\system32\profapi.dll
0x0000000063950000 - 0x0000000063a21000 	C:\Users\Jolly94\AppData\Local\Temp\javacpp46413845237797\msvcr100.dll
0x00000000637d0000 - 0x0000000063868000 	C:\Users\Jolly94\AppData\Local\Temp\javacpp46413845237797\msvcp100.dll
0x000007feed680000 - 0x000007feed900000 	C:\Users\Jolly94\AppData\Local\Temp\javacpp46413845237797\opencv_core2411.dll
0x000007feed480000 - 0x000007feed672000 	C:\Users\Jolly94\AppData\Local\Temp\javacpp46413845237797\jniopencv_core.dll
0x000007feed1b0000 - 0x000007feed471000 	C:\Users\Jolly94\AppData\Local\Temp\javacpp46413845237797\opencv_imgproc2411.dll
0x000007fef1e70000 - 0x000007fef1f18000 	C:\Users\Jolly94\AppData\Local\Temp\javacpp46413845237797\jniopencv_imgproc.dll
0x0000000066840000 - 0x00000000676b4000 	C:\Users\Jolly94\AppData\Local\Temp\javacpp46413845237797\opencv_ffmpeg2411_64.dll
0x000007feecbb0000 - 0x000007feecdfe000 	C:\Users\Jolly94\AppData\Local\Temp\javacpp46413845237797\opencv_highgui2411.dll
0x000007fef9df0000 - 0x000007fef9e0f000 	C:\Windows\system32\AVIFIL32.dll
0x000007fef3b80000 - 0x000007fef3b98000 	C:\Windows\system32\MSACM32.dll
0x000007fef37e0000 - 0x000007fef3809000 	C:\Windows\system32\MSVFW32.dll
0x000007fef9cf0000 - 0x000007fef9d07000 	C:\Windows\system32\AVICAP32.dll
0x000007fef1e10000 - 0x000007fef1e61000 	C:\Users\Jolly94\AppData\Local\Temp\javacpp46413845237797\jniopencv_highgui.dll
0x0000000063630000 - 0x00000000637c8000 	B:\Program Files\Java\jdk1.8.0_45\jre\bin\awt.dll
0x00000000635a0000 - 0x000000006362d000 	C:\Users\Jolly94\AppData\Local\Temp\javacpp46413845237797\avutil-54.dll
0x000007feedbd0000 - 0x000007feedc53000 	C:\Users\Jolly94\AppData\Local\Temp\javacpp46413845237797\jniavutil.dll
0x0000000063540000 - 0x000000006359e000 	C:\Users\Jolly94\AppData\Local\Temp\javacpp46413845237797\swresample-1.dll
0x000007fef9f20000 - 0x000007fef9f2f000 	C:\Users\Jolly94\AppData\Local\Temp\javacpp46413845237797\jniswresample.dll
0x000000000d0f0000 - 0x000000000ee0a000 	C:\Users\Jolly94\AppData\Local\Temp\javacpp46413845237797\avcodec-56.dll
0x000007feed120000 - 0x000007feed1aa000 	C:\Users\Jolly94\AppData\Local\Temp\javacpp46413845237797\jniavcodec.dll
0x00000000614b0000 - 0x0000000061b28000 	C:\Users\Jolly94\AppData\Local\Temp\javacpp46413845237797\avformat-56.dll
0x000007fefd070000 - 0x000007fefd1dd000 	C:\Windows\system32\CRYPT32.dll
0x000007fefd010000 - 0x000007fefd01f000 	C:\Windows\system32\MSASN1.dll
0x000007feed0b0000 - 0x000007feed120000 	C:\Users\Jolly94\AppData\Local\Temp\javacpp46413845237797\jniavformat.dll
0x00000000634b0000 - 0x0000000063533000 	C:\Users\Jolly94\AppData\Local\Temp\javacpp46413845237797\swscale-3.dll
0x000007fef3e50000 - 0x000007fef3e65000 	C:\Users\Jolly94\AppData\Local\Temp\javacpp46413845237797\jniswscale.dll
0x000007fefc800000 - 0x000007fefc818000 	C:\Windows\system32\CRYPTSP.dll
0x000007fefc500000 - 0x000007fefc547000 	C:\Windows\system32\rsaenh.dll
0x000007fefce60000 - 0x000007fefce6f000 	C:\Windows\system32\CRYPTBASE.dll
0x000007fef61d0000 - 0x000007fef62f5000 	C:\Windows\system32\dbghelp.dll

VM Arguments:
jvm_args: -Dfile.encoding=UTF-8 
java_command: JolleeB.BachelorT.UI.App
java_class_path (initial): B:\DevStff\BachelorThesis\Java\BachelorT\target\classes;C:\Users\Jolly94\.m2\repository\xuggle\xuggle-xuggler\5.4\xuggle-xuggler-5.4.jar;C:\Users\Jolly94\.m2\repository\org\slf4j\slf4j-api\1.6.4\slf4j-api-1.6.4.jar;C:\Users\Jolly94\.m2\repository\commons-cli\commons-cli\1.1\commons-cli-1.1.jar;C:\Users\Jolly94\.m2\repository\ch\qos\logback\logback-core\1.0.0\logback-core-1.0.0.jar;C:\Users\Jolly94\.m2\repository\ch\qos\logback\logback-classic\1.0.0\logback-classic-1.0.0.jar;C:\Users\Jolly94\.m2\repository\org\bytedeco\javacv\0.11\javacv-0.11.jar;C:\Users\Jolly94\.m2\repository\org\bytedeco\javacpp\0.11\javacpp-0.11.jar;C:\Users\Jolly94\.m2\repository\org\bytedeco\javacpp-presets\opencv\2.4.11-0.11\opencv-2.4.11-0.11.jar;C:\Users\Jolly94\.m2\repository\org\bytedeco\javacpp-presets\opencv\2.4.11-0.11\opencv-2.4.11-0.11-windows-x86_64.jar;C:\Users\Jolly94\.m2\repository\org\bytedeco\javacpp-presets\ffmpeg\2.6.1-0.11\ffmpeg-2.6.1-0.11.jar;C:\Users\Jolly94\.m2\repository\org\bytedeco\javacpp-presets\ffmpeg\2.6.1-0.11\ffmpeg-2.6.1-0.11-windows-x86_64.jar;C:\Users\Jolly94\.m2\repository\org\bytedeco\javacpp-presets\flycapture\2.7.3.19-0.11\flycapture-2.7.3.19-0.11.jar;C:\Users\Jolly94\.m2\repository\org\bytedeco\javacpp-presets\flycapture\2.7.3.19-0.11\flycapture-2.7.3.19-0.11-windows-x86_64.jar;C:\Users\Jolly94\.m2\repository\org\bytedeco\javacpp-presets\libdc1394\2.2.3-0.11\libdc1394-2.2.3-0.11.jar;C:\Users\Jolly94\.m2\repository\org\bytedeco\javacpp-presets\libdc1394\2.2.3-0.11\libdc1394-2.2.3-0.11-windows-x86_64.jar;C:\Users\Jolly94\.m2\repository\org\bytedeco\javacpp-presets\libfreenect\0.5.2-0.11\libfreenect-0.5.2-0.11.jar;C:\Users\Jolly94\.m2\repository\org\bytedeco\javacpp-presets\libfreenect\0.5.2-0.11\libfreenect-0.5.2-0.11-windows-x86_64.jar;C:\Users\Jolly94\.m2\repository\org\bytedeco\javacpp-presets\videoinput\0.200-0.11\videoinput-0.200-0.11.jar;C:\Users\Jolly94\.m2\repository\org\bytedeco\javacpp-presets\videoinput\0.200-0.11\vid
Launcher Type: SUN_STANDARD

Environment Variables:
PATH=B:/Program Files/Java/jdk1.8.0_45/bin/../jre/bin/server;B:/Program Files/Java/jdk1.8.0_45/bin/../jre/bin;B:/Program Files/Java/jdk1.8.0_45/bin/../jre/lib/amd64;C:\ProgramData\Oracle\Java\javapath;C:\Program Files (x86)\NVIDIA Corporation\PhysX\Common;C:\Program Files (x86)\Intel\iCLS Client\;C:\Program Files\Intel\iCLS Client\;C:\Windows\system32;C:\Windows;C:\Windows\System32\Wbem;C:\Windows\System32\WindowsPowerShell\v1.0\;C:\Program Files\Intel\Intel(R) Management Engine Components\DAL;C:\Program Files\Intel\Intel(R) Management Engine Components\IPT;C:\Program Files (x86)\Intel\Intel(R) Management Engine Components\DAL;C:\Program Files (x86)\Intel\Intel(R) Management Engine Components\IPT;C:\Program Files (x86)\Intel\OpenCL SDK\3.0\bin\x86;C:\Program Files (x86)\Intel\OpenCL SDK\3.0\bin\x64;C:\Program Files (x86)\Autodesk\Backburner\;C:\Program Files\Microsoft SQL Server\110\Tools\Binn\;C:\Program Files (x86)\Microsoft SDKs\TypeScript\1.0\;C:\Program Files\Microsoft\Web Platform Installer\;B:\Program Files (x86)\nodejs\;C:\Program Files (x86)\Skype\Phone\;C:\Program Files (x86)\MySQL\MySQL Fabric 1.5.4 & MySQL Utilities 1.5.4 1.5\;C:\Program Files (x86)\MySQL\MySQL Fabric 1.5.4 & MySQL Utilities 1.5.4 1.5\Doctrine extensions for PHP\;B:\RailsInstaller\Git\cmd;B:\RailsInstaller\Ruby1.9.3\bin;C:\Users\Jolly94\AppData\Roaming\npm;B:\Program Files\Java\jdk1.7.0_40\bin;B:\Program Files\MySQL\MySQL Server 5.6\bin;.;;.;;C:\Users\Jolly94\java\eclipse;
USERNAME=Jolly94
OS=Windows_NT
PROCESSOR_IDENTIFIER=Intel64 Family 6 Model 60 Stepping 3, GenuineIntel



---------------  S Y S T E M  ---------------

OS: Windows 7 , 64 bit Build 7601 (6.1.7601.18847)

CPU:total 4 (4 cores per cpu, 1 threads per core) family 6 model 60 stepping 3, cmov, cx8, fxsr, mmx, sse, sse2, sse3, ssse3, sse4.1, sse4.2, popcnt, avx, avx2, aes, clmul, erms, rtm, lzcnt, tsc, tscinvbit, bmi1, bmi2

Memory: 4k page, physical 8264692k(3957372k free), swap 16527532k(11408072k free)

vm_info: Java HotSpot(TM) 64-Bit Server VM (25.45-b02) for windows-amd64 JRE (1.8.0_45-b14), built on Apr 10 2015 10:34:15 by "java_re" with MS VC++ 10.0 (VS2010)

time: Fri Jul 10 22:19:32 2015
elapsed time: 82 seconds (0d 0h 1m 22s)

