#
# A fatal error has been detected by the Java Runtime Environment:
#
#  EXCEPTION_ACCESS_VIOLATION (0xc0000005) at pc=0x000000000c8ae89b, pid=6912, tid=6164
#
# JRE version: Java(TM) SE Runtime Environment (8.0_45-b14) (build 1.8.0_45-b14)
# Java VM: Java HotSpot(TM) 64-Bit Server VM (25.45-b02 mixed mode windows-amd64 compressed oops)
# Problematic frame:
# C  [avcodec-56.dll+0x30e89b]
#
# Failed to write core dump. Minidumps are not enabled by default on client versions of Windows
#
# If you would like to submit a bug report, please visit:
#   http://bugreport.java.com/bugreport/crash.jsp
# The crash happened outside the Java Virtual Machine in native code.
# See problematic frame for where to report the bug.
#

---------------  T H R E A D  ---------------

Current thread (0x000000000b099800):  JavaThread "Thread-452" [_thread_in_native, id=6164, stack(0x000000000bab0000,0x000000000bbb0000)]

siginfo: ExceptionCode=0xc0000005, reading address 0x0000000000000000

Registers:
RAX=0x0000000000000000, RBX=0x0000000000000000, RCX=0x0000000002800000, RDX=0x000000000cbbc610
RSP=0x000000000bbaedc0, RBP=0x0000000002800000, RSI=0x0000000000000000, RDI=0x0000000000000000
R8 =0x0000000000000000, R9 =0x00000000000000c0, R10=0x0000000002800000, R11=0x0000000000000000
R12=0x0000000000000000, R13=0x0000000000000000, R14=0x000000000c1d0b00, R15=0x0000000000008000
RIP=0x000000000c8ae89b, EFLAGS=0x0000000000010206

Top of Stack: (sp=0x000000000bbaedc0)
0x000000000bbaedc0:   00000000004007a0 0000000000000000
0x000000000bbaedd0:   000000000000001f 000007fefecf69c5
0x000000000bbaede0:   0000000000000010 0000000000000000
0x000000000bbaedf0:   0000000077a903d0 0000000000000000
0x000000000bbaee00:   0000000000000050 0000000000540000
0x000000000bbaee10:   000000000000003f 028000000000003f
0x000000000bbaee20:   0000000000000000 00000000fffffff0
0x000000000bbaee30:   00000070fffffff0 000000000000003c
0x000000000bbaee40:   0000000000000000 000000000dce0fc1
0x000000000bbaee50:   0000000000000000 0000000000000000
0x000000000bbaee60:   000000000cbbc610 0000000000000000
0x000000000bbaee70:   0000000000000000 0000000002800000
0x000000000bbaee80:   000000000c02b6a0 000000000c1d23f8
0x000000000bbaee90:   000000000c1d2378 0000000000000002
0x000000000bbaeea0:   0000000077a903d0 0000000000000001
0x000000000bbaeeb0:   0000000000000050 0000000000540000 

Instructions: (pc=0x000000000c8ae89b)
0x000000000c8ae87b:   18 00 00 89 bc 24 98 00 00 00 49 8b be 10 10 00
0x000000000c8ae88b:   00 48 89 fa 48 89 bc 24 a0 00 00 00 4b 8d 3c 23
0x000000000c8ae89b:   3b 2f 74 4c 49 01 c4 8b 84 24 90 01 00 00 44 8b
0x000000000c8ae8ab:   8c 24 98 01 00 00 48 89 54 24 28 41 89 d8 89 f2 


Register to memory mapping:

RAX=0x0000000000000000 is an unknown value
RBX=0x0000000000000000 is an unknown value
RCX=0x0000000002800000 is an unknown value
RDX=0x000000000cbbc610 is an unknown value
RSP=0x000000000bbaedc0 is pointing into the stack for thread: 0x000000000b099800
RBP=0x0000000002800000 is an unknown value
RSI=0x0000000000000000 is an unknown value
RDI=0x0000000000000000 is an unknown value
R8 =0x0000000000000000 is an unknown value
R9 =0x00000000000000c0 is an unknown value
R10=0x0000000002800000 is an unknown value
R11=0x0000000000000000 is an unknown value
R12=0x0000000000000000 is an unknown value
R13=0x0000000000000000 is an unknown value
R14=0x000000000c1d0b00 is an unknown value
R15=0x0000000000008000 is an unknown value


Stack: [0x000000000bab0000,0x000000000bbb0000],  sp=0x000000000bbaedc0,  free space=1019k
Native frames: (J=compiled Java code, j=interpreted, Vv=VM code, C=native code)
C  [avcodec-56.dll+0x30e89b]
C  [avcodec-56.dll+0x311c54]
C  [avcodec-56.dll+0x35d075]
C  [avcodec-56.dll+0x490b5f]
C  [avcodec-56.dll+0x35e6f3]
C  [avcodec-56.dll+0x49194c]
C  [jniavcodec.dll+0x34d4b]
C  0x000000000f025e14

Java frames: (J=compiled Java code, j=interpreted, Vv=VM code)
j  org.bytedeco.javacpp.avcodec.avcodec_encode_video2(Lorg/bytedeco/javacpp/avcodec$AVCodecContext;Lorg/bytedeco/javacpp/avcodec$AVPacket;Lorg/bytedeco/javacpp/avutil$AVFrame;[I)I+0
j  org.bytedeco.javacv.FFmpegFrameRecorder.recordImage(IIIIII[Ljava/nio/Buffer;)Z+815
j  org.bytedeco.javacv.FFmpegFrameRecorder.record(Lorg/bytedeco/javacv/Frame;)V+70
j  JolleeB.BachelorT.DynamicVideoCreator.lambda$2([B)V+99
j  JolleeB.BachelorT.DynamicVideoCreator$$Lambda$1.run()V+8
J 954 C1 java.lang.Thread.run()V (17 bytes) @ 0x000000000f3ee53c [0x000000000f3ee400+0x13c]
v  ~StubRoutines::call_stub

---------------  P R O C E S S  ---------------

Java Threads: ( => current thread )
  0x000000000017f800 JavaThread "DestroyJavaVM" [_thread_blocked, id=7652, stack(0x00000000028c0000,0x00000000029c0000)]
=>0x000000000b099800 JavaThread "Thread-452" [_thread_in_native, id=6164, stack(0x000000000bab0000,0x000000000bbb0000)]
  0x000000000a2f3800 JavaThread "Service Thread" daemon [_thread_blocked, id=1812, stack(0x0000000009eb0000,0x0000000009fb0000)]
  0x000000000a276800 JavaThread "C1 CompilerThread2" daemon [_thread_blocked, id=2480, stack(0x000000000a920000,0x000000000aa20000)]
  0x000000000a273000 JavaThread "C2 CompilerThread1" daemon [_thread_blocked, id=1244, stack(0x000000000a710000,0x000000000a810000)]
  0x00000000089ed800 JavaThread "C2 CompilerThread0" daemon [_thread_blocked, id=5860, stack(0x000000000a170000,0x000000000a270000)]
  0x00000000089eb000 JavaThread "Attach Listener" daemon [_thread_blocked, id=5496, stack(0x0000000009fc0000,0x000000000a0c0000)]
  0x00000000089e7800 JavaThread "Signal Dispatcher" daemon [_thread_blocked, id=2976, stack(0x0000000009d80000,0x0000000009e80000)]
  0x0000000008987000 JavaThread "Finalizer" daemon [_thread_blocked, id=5400, stack(0x0000000009a70000,0x0000000009b70000)]
  0x0000000008980000 JavaThread "Reference Handler" daemon [_thread_blocked, id=7488, stack(0x0000000009b90000,0x0000000009c90000)]

Other Threads:
  0x000000000897c800 VMThread [stack: 0x0000000009970000,0x0000000009a70000] [id=5304]
  0x000000000a307800 WatcherThread [stack: 0x000000000aae0000,0x000000000abe0000] [id=296]

VM state:not at safepoint (normal execution)

VM Mutex/Monitor currently owned by a thread: None

Heap:
 PSYoungGen      total 664576K, used 550536K [0x00000000d5f80000, 0x0000000100000000, 0x0000000100000000)
  eden space 642560K, 82% used [0x00000000d5f80000,0x00000000f67d5908,0x00000000fd300000)
  from space 22016K, 80% used [0x00000000fe980000,0x00000000ffacc9a0,0x00000000fff00000)
  to   space 23040K, 0% used [0x00000000fd300000,0x00000000fd300000,0x00000000fe980000)
 ParOldGen       total 68608K, used 35583K [0x0000000081e00000, 0x0000000086100000, 0x00000000d5f80000)
  object space 68608K, 51% used [0x0000000081e00000,0x00000000840bfc38,0x0000000086100000)
 Metaspace       used 8358K, capacity 8524K, committed 8704K, reserved 1056768K
  class space    used 914K, capacity 984K, committed 1024K, reserved 1048576K

Card table byte_map: [0x0000000003050000,0x0000000003450000] byte_map_base: 0x0000000002c41000

Marking Bits: (ParMarkBitMap*) 0x000000005ff34040
 Begin Bits: [0x0000000003ce0000, 0x0000000005c68000)
 End Bits:   [0x0000000005c68000, 0x0000000007bf0000)

Polling page: 0x0000000000120000

CodeCache: size=245760Kb used=4079Kb max_used=4091Kb free=241680Kb
 bounds [0x000000000f010000, 0x000000000f410000, 0x000000001e010000]
 total_blobs=1469 nmethods=1013 adapters=369
 compilation: enabled

Compilation events (10 events):
Event: 7.264 Thread 0x000000000a276800 1007   !   3       sun.nio.cs.StreamEncoder::write (78 bytes)
Event: 7.264 Thread 0x000000000a276800 nmethod 1007 0x000000000f409810 code [0x000000000f4099e0, 0x000000000f40a0c8]
Event: 7.264 Thread 0x000000000a276800 1008       3       sun.nio.cs.StreamEncoder::ensureOpen (18 bytes)
Event: 7.264 Thread 0x000000000a276800 nmethod 1008 0x000000000f40a510 code [0x000000000f40a680, 0x000000000f40a8c8]
Event: 7.264 Thread 0x000000000a276800 1009       3       sun.nio.cs.StreamEncoder::implWrite (156 bytes)
Event: 7.265 Thread 0x000000000a276800 nmethod 1009 0x000000000f40a990 code [0x000000000f40ac00, 0x000000000f40ba48]
Event: 7.316 Thread 0x000000000a276800 1011       3       sun.awt.image.SunWritableRaster::stealData (11 bytes)
Event: 7.317 Thread 0x000000000a276800 nmethod 1011 0x000000000f40c290 code [0x000000000f40c400, 0x000000000f40c610]
Event: 7.317 Thread 0x000000000a276800 1012       3       java.awt.image.DataBuffer$1::getData (7 bytes)
Event: 7.317 Thread 0x000000000a276800 nmethod 1012 0x000000000f40c7d0 code [0x000000000f40c920, 0x000000000f40ca90]

GC Heap History (10 events):
Event: 5.613 GC heap before
{Heap before GC invocations=15 (full 0):
 PSYoungGen      total 663040K, used 646778K [0x00000000d5f80000, 0x0000000100000000, 0x0000000100000000)
  eden space 640000K, 100% used [0x00000000d5f80000,0x00000000fd080000,0x00000000fd080000)
  from space 23040K, 29% used [0x00000000fe700000,0x00000000fed9eb60,0x00000000ffd80000)
  to   space 23040K, 0% used [0x00000000fd080000,0x00000000fd080000,0x00000000fe700000)
 ParOldGen       total 87552K, used 70522K [0x0000000081e00000, 0x0000000087380000, 0x00000000d5f80000)
  object space 87552K, 80% used [0x0000000081e00000,0x00000000862deb48,0x0000000087380000)
 Metaspace       used 8339K, capacity 8524K, committed 8704K, reserved 1056768K
  class space    used 914K, capacity 984K, committed 1024K, reserved 1048576K
Event: 5.618 GC heap after
Heap after GC invocations=15 (full 0):
 PSYoungGen      total 663040K, used 13493K [0x00000000d5f80000, 0x00000000fff00000, 0x0000000100000000)
  eden space 640000K, 0% used [0x00000000d5f80000,0x00000000d5f80000,0x00000000fd080000)
  from space 23040K, 58% used [0x00000000fd080000,0x00000000fddad6c0,0x00000000fe700000)
  to   space 22528K, 0% used [0x00000000fe900000,0x00000000fe900000,0x00000000fff00000)
 ParOldGen       total 87552K, used 79044K [0x0000000081e00000, 0x0000000087380000, 0x00000000d5f80000)
  object space 87552K, 90% used [0x0000000081e00000,0x0000000086b31108,0x0000000087380000)
 Metaspace       used 8339K, capacity 8524K, committed 8704K, reserved 1056768K
  class space    used 914K, capacity 984K, committed 1024K, reserved 1048576K
}
Event: 5.618 GC heap before
{Heap before GC invocations=16 (full 1):
 PSYoungGen      total 663040K, used 13493K [0x00000000d5f80000, 0x00000000fff00000, 0x0000000100000000)
  eden space 640000K, 0% used [0x00000000d5f80000,0x00000000d5f80000,0x00000000fd080000)
  from space 23040K, 58% used [0x00000000fd080000,0x00000000fddad6c0,0x00000000fe700000)
  to   space 22528K, 0% used [0x00000000fe900000,0x00000000fe900000,0x00000000fff00000)
 ParOldGen       total 87552K, used 79044K [0x0000000081e00000, 0x0000000087380000, 0x00000000d5f80000)
  object space 87552K, 90% used [0x0000000081e00000,0x0000000086b31108,0x0000000087380000)
 Metaspace       used 8339K, capacity 8524K, committed 8704K, reserved 1056768K
  class space    used 914K, capacity 984K, committed 1024K, reserved 1048576K
Event: 5.631 GC heap after
Heap after GC invocations=16 (full 1):
 PSYoungGen      total 663040K, used 0K [0x00000000d5f80000, 0x00000000fff00000, 0x0000000100000000)
  eden space 640000K, 0% used [0x00000000d5f80000,0x00000000d5f80000,0x00000000fd080000)
  from space 23040K, 0% used [0x00000000fd080000,0x00000000fd080000,0x00000000fe700000)
  to   space 22528K, 0% used [0x00000000fe900000,0x00000000fe900000,0x00000000fff00000)
 ParOldGen       total 68608K, used 18345K [0x0000000081e00000, 0x0000000086100000, 0x00000000d5f80000)
  object space 68608K, 26% used [0x0000000081e00000,0x0000000082fea498,0x0000000086100000)
 Metaspace       used 8339K, capacity 8524K, committed 8704K, reserved 1056768K
  class space    used 914K, capacity 984K, committed 1024K, reserved 1048576K
}
Event: 6.140 GC heap before
{Heap before GC invocations=17 (full 1):
 PSYoungGen      total 663040K, used 640000K [0x00000000d5f80000, 0x00000000fff00000, 0x0000000100000000)
  eden space 640000K, 100% used [0x00000000d5f80000,0x00000000fd080000,0x00000000fd080000)
  from space 23040K, 0% used [0x00000000fd080000,0x00000000fd080000,0x00000000fe700000)
  to   space 22528K, 0% used [0x00000000fe900000,0x00000000fe900000,0x00000000fff00000)
 ParOldGen       total 68608K, used 18345K [0x0000000081e00000, 0x0000000086100000, 0x00000000d5f80000)
  object space 68608K, 26% used [0x0000000081e00000,0x0000000082fea498,0x0000000086100000)
 Metaspace       used 8340K, capacity 8524K, committed 8704K, reserved 1056768K
  class space    used 914K, capacity 984K, committed 1024K, reserved 1048576K
Event: 6.144 GC heap after
Heap after GC invocations=17 (full 1):
 PSYoungGen      total 665088K, used 14576K [0x00000000d5f80000, 0x00000000fff80000, 0x0000000100000000)
  eden space 642560K, 0% used [0x00000000d5f80000,0x00000000d5f80000,0x00000000fd300000)
  from space 22528K, 64% used [0x00000000fe900000,0x00000000ff73c010,0x00000000fff00000)
  to   space 22528K, 0% used [0x00000000fd300000,0x00000000fd300000,0x00000000fe900000)
 ParOldGen       total 68608K, used 18345K [0x0000000081e00000, 0x0000000086100000, 0x00000000d5f80000)
  object space 68608K, 26% used [0x0000000081e00000,0x0000000082fea498,0x0000000086100000)
 Metaspace       used 8340K, capacity 8524K, committed 8704K, reserved 1056768K
  class space    used 914K, capacity 984K, committed 1024K, reserved 1048576K
}
Event: 6.645 GC heap before
{Heap before GC invocations=18 (full 1):
 PSYoungGen      total 665088K, used 657136K [0x00000000d5f80000, 0x00000000fff80000, 0x0000000100000000)
  eden space 642560K, 100% used [0x00000000d5f80000,0x00000000fd300000,0x00000000fd300000)
  from space 22528K, 64% used [0x00000000fe900000,0x00000000ff73c010,0x00000000fff00000)
  to   space 22528K, 0% used [0x00000000fd300000,0x00000000fd300000,0x00000000fe900000)
 ParOldGen       total 68608K, used 18345K [0x0000000081e00000, 0x0000000086100000, 0x00000000d5f80000)
  object space 68608K, 26% used [0x0000000081e00000,0x0000000082fea498,0x0000000086100000)
 Metaspace       used 8342K, capacity 8524K, committed 8704K, reserved 1056768K
  class space    used 914K, capacity 984K, committed 1024K, reserved 1048576K
Event: 6.651 GC heap after
Heap after GC invocations=18 (full 1):
 PSYoungGen      total 665088K, used 9512K [0x00000000d5f80000, 0x00000000fff00000, 0x0000000100000000)
  eden space 642560K, 0% used [0x00000000d5f80000,0x00000000d5f80000,0x00000000fd300000)
  from space 22528K, 42% used [0x00000000fd300000,0x00000000fdc4a2f0,0x00000000fe900000)
  to   space 22016K, 0% used [0x00000000fe980000,0x00000000fe980000,0x00000000fff00000)
 ParOldGen       total 68608K, used 29187K [0x0000000081e00000, 0x0000000086100000, 0x00000000d5f80000)
  object space 68608K, 42% used [0x0000000081e00000,0x0000000083a80fe8,0x0000000086100000)
 Metaspace       used 8342K, capacity 8524K, committed 8704K, reserved 1056768K
  class space    used 914K, capacity 984K, committed 1024K, reserved 1048576K
}
Event: 7.154 GC heap before
{Heap before GC invocations=19 (full 1):
 PSYoungGen      total 665088K, used 651908K [0x00000000d5f80000, 0x00000000fff00000, 0x0000000100000000)
  eden space 642560K, 99% used [0x00000000d5f80000,0x00000000fd2d6eb8,0x00000000fd300000)
  from space 22528K, 42% used [0x00000000fd300000,0x00000000fdc4a2f0,0x00000000fe900000)
  to   space 22016K, 0% used [0x00000000fe980000,0x00000000fe980000,0x00000000fff00000)
 ParOldGen       total 68608K, used 29187K [0x0000000081e00000, 0x0000000086100000, 0x00000000d5f80000)
  object space 68608K, 42% used [0x0000000081e00000,0x0000000083a80fe8,0x0000000086100000)
 Metaspace       used 8350K, capacity 8524K, committed 8704K, reserved 1056768K
  class space    used 914K, capacity 984K, committed 1024K, reserved 1048576K
Event: 7.160 GC heap after
Heap after GC invocations=19 (full 1):
 PSYoungGen      total 664576K, used 17714K [0x00000000d5f80000, 0x0000000100000000, 0x0000000100000000)
  eden space 642560K, 0% used [0x00000000d5f80000,0x00000000d5f80000,0x00000000fd300000)
  from space 22016K, 80% used [0x00000000fe980000,0x00000000ffacc9a0,0x00000000fff00000)
  to   space 23040K, 0% used [0x00000000fd300000,0x00000000fd300000,0x00000000fe980000)
 ParOldGen       total 68608K, used 35583K [0x0000000081e00000, 0x0000000086100000, 0x00000000d5f80000)
  object space 68608K, 51% used [0x0000000081e00000,0x00000000840bfc38,0x0000000086100000)
 Metaspace       used 8350K, capacity 8524K, committed 8704K, reserved 1056768K
  class space    used 914K, capacity 984K, committed 1024K, reserved 1048576K
}

Deoptimization events (8 events):
Event: 0.888 Thread 0x000000000b021000 Uncommon trap: reason=unstable_if action=reinterpret pc=0x000000000f291d18 method=org.bytedeco.javacv.Java2DFrameConverter.flipCopyWithGamma(Ljava/nio/ByteBuffer;ILjava/nio/ByteBuffer;IZDZI)V @ 50
Event: 2.063 Thread 0x000000000b2e3800 Uncommon trap: reason=predicate action=maybe_recompile pc=0x000000000f29be98 method=org.bytedeco.javacv.Java2DFrameConverter.flipCopyWithGamma(Ljava/nio/ByteBuffer;ILjava/nio/ByteBuffer;IZDZI)V @ 491
Event: 2.123 Thread 0x000000000b2e3800 Uncommon trap: reason=speculate_class_check action=maybe_recompile pc=0x000000000f3cb174 method=org.bytedeco.javacv.Java2DFrameConverter.flipCopyWithGamma(Ljava/nio/ByteBuffer;ILjava/nio/ByteBuffer;IZDZI)V @ 492
Event: 2.153 Thread 0x000000000b2e3800 Uncommon trap: reason=speculate_class_check action=maybe_recompile pc=0x000000000f3cb174 method=org.bytedeco.javacv.Java2DFrameConverter.flipCopyWithGamma(Ljava/nio/ByteBuffer;ILjava/nio/ByteBuffer;IZDZI)V @ 492
Event: 2.181 Thread 0x000000000b2e3800 Uncommon trap: reason=speculate_class_check action=maybe_recompile pc=0x000000000f3cb174 method=org.bytedeco.javacv.Java2DFrameConverter.flipCopyWithGamma(Ljava/nio/ByteBuffer;ILjava/nio/ByteBuffer;IZDZI)V @ 492
Event: 2.210 Thread 0x000000000b2e3800 Uncommon trap: reason=speculate_class_check action=maybe_recompile pc=0x000000000f3cb174 method=org.bytedeco.javacv.Java2DFrameConverter.flipCopyWithGamma(Ljava/nio/ByteBuffer;ILjava/nio/ByteBuffer;IZDZI)V @ 492
Event: 2.244 Thread 0x000000000b2e4800 Uncommon trap: reason=speculate_class_check action=maybe_recompile pc=0x000000000f3cc598 method=org.bytedeco.javacv.Java2DFrameConverter.flipCopyWithGamma(Ljava/nio/ByteBuffer;ILjava/nio/ByteBuffer;IZDZI)V @ 582
Event: 2.272 Thread 0x000000000b2e4800 Uncommon trap: reason=speculate_class_check action=maybe_recompile pc=0x000000000f3cc598 method=org.bytedeco.javacv.Java2DFrameConverter.flipCopyWithGamma(Ljava/nio/ByteBuffer;ILjava/nio/ByteBuffer;IZDZI)V @ 582

Internal exceptions (10 events):
Event: 0.484 Thread 0x000000000017f800 Exception <a 'java/security/PrivilegedActionException'> (0x00000000d6bb05f0) thrown at [C:\re\workspace\8-2-build-windows-amd64-cygwin\jdk8u45\3457\hotspot\src\share\vm\prims\jvm.cpp, line 1382]
Event: 0.484 Thread 0x000000000017f800 Exception <a 'java/security/PrivilegedActionException'> (0x00000000d6bb1a38) thrown at [C:\re\workspace\8-2-build-windows-amd64-cygwin\jdk8u45\3457\hotspot\src\share\vm\prims\jvm.cpp, line 1382]
Event: 0.484 Thread 0x000000000017f800 Exception <a 'java/security/PrivilegedActionException'> (0x00000000d6bb1bf0) thrown at [C:\re\workspace\8-2-build-windows-amd64-cygwin\jdk8u45\3457\hotspot\src\share\vm\prims\jvm.cpp, line 1382]
Event: 0.484 Thread 0x000000000017f800 Exception <a 'java/security/PrivilegedActionException'> (0x00000000d6bb2f68) thrown at [C:\re\workspace\8-2-build-windows-amd64-cygwin\jdk8u45\3457\hotspot\src\share\vm\prims\jvm.cpp, line 1382]
Event: 0.484 Thread 0x000000000017f800 Exception <a 'java/security/PrivilegedActionException'> (0x00000000d6bb3120) thrown at [C:\re\workspace\8-2-build-windows-amd64-cygwin\jdk8u45\3457\hotspot\src\share\vm\prims\jvm.cpp, line 1382]
Event: 0.484 Thread 0x000000000017f800 Exception <a 'java/security/PrivilegedActionException'> (0x00000000d6bb4400) thrown at [C:\re\workspace\8-2-build-windows-amd64-cygwin\jdk8u45\3457\hotspot\src\share\vm\prims\jvm.cpp, line 1382]
Event: 0.484 Thread 0x000000000017f800 Exception <a 'java/security/PrivilegedActionException'> (0x00000000d6bb45b8) thrown at [C:\re\workspace\8-2-build-windows-amd64-cygwin\jdk8u45\3457\hotspot\src\share\vm\prims\jvm.cpp, line 1382]
Event: 0.868 Thread 0x000000000b021000 Exception <a 'java/io/FileNotFoundException'> (0x00000000d6f72120) thrown at [C:\re\workspace\8-2-build-windows-amd64-cygwin\jdk8u45\3457\hotspot\src\share\vm\prims\jni.cpp, line 709]
Event: 2.050 Thread 0x000000000017f800 Exception <a 'java/lang/NoSuchFieldError': method resolution failed> (0x00000000d729f840) thrown at [C:\re\workspace\8-2-build-windows-amd64-cygwin\jdk8u45\3457\hotspot\src\share\vm\prims\methodHandles.cpp, line 1125]
Event: 2.051 Thread 0x000000000017f800 Exception <a 'java/lang/NoSuchFieldError': method resolution failed> (0x00000000d72adeb0) thrown at [C:\re\workspace\8-2-build-windows-amd64-cygwin\jdk8u45\3457\hotspot\src\share\vm\prims\methodHandles.cpp, line 1125]

Events (10 events):
Event: 7.500 Thread 0x000000000b09a000 Thread exited: 0x000000000b09a000
Event: 7.525 Thread 0x000000000b099800 Thread added: 0x000000000b099800
Event: 7.525 Thread 0x000000000b09a000 Thread added: 0x000000000b09a000
Event: 7.525 Thread 0x000000000b099800 Thread exited: 0x000000000b099800
Event: 7.558 Thread 0x000000000b099800 Thread added: 0x000000000b099800
Event: 7.559 Thread 0x000000000b099800 Thread exited: 0x000000000b099800
Event: 10.961 Thread 0x000000000b09a000 Thread exited: 0x000000000b09a000
Event: 10.961 Thread 0x000000000b099800 Thread added: 0x000000000b099800
Event: 10.961 Thread 0x000000000b099800 Thread exited: 0x000000000b099800
Event: 10.987 Thread 0x000000000b099800 Thread added: 0x000000000b099800


Dynamic libraries:
0x000000013f5c0000 - 0x000000013f5f7000 	B:\Program Files\Java\jdk1.8.0_45\bin\javaw.exe
0x0000000077980000 - 0x0000000077b28000 	C:\Windows\SYSTEM32\ntdll.dll
0x0000000077760000 - 0x000000007787f000 	C:\Windows\system32\kernel32.dll
0x000007fefda10000 - 0x000007fefda7c000 	C:\Windows\system32\KERNELBASE.dll
0x000007fefe050000 - 0x000007fefe12b000 	C:\Windows\system32\ADVAPI32.dll
0x000007fefecc0000 - 0x000007fefed5f000 	C:\Windows\system32\msvcrt.dll
0x000007feffc00000 - 0x000007feffc1f000 	C:\Windows\SYSTEM32\sechost.dll
0x000007fefe5d0000 - 0x000007fefe6fd000 	C:\Windows\system32\RPCRT4.dll
0x0000000077880000 - 0x000000007797a000 	C:\Windows\system32\USER32.dll
0x000007feffc20000 - 0x000007feffc87000 	C:\Windows\system32\GDI32.dll
0x000007fefec30000 - 0x000007fefec3e000 	C:\Windows\system32\LPK.dll
0x000007fefdf80000 - 0x000007fefe049000 	C:\Windows\system32\USP10.dll
0x000007fefc030000 - 0x000007fefc224000 	C:\Windows\WinSxS\amd64_microsoft.windows.common-controls_6595b64144ccf1df_6.0.7601.18837_none_fa3b1e3d17594757\COMCTL32.dll
0x000007fefe310000 - 0x000007fefe381000 	C:\Windows\system32\SHLWAPI.dll
0x000007fefe4c0000 - 0x000007fefe4ee000 	C:\Windows\system32\IMM32.DLL
0x000007fefed60000 - 0x000007fefee69000 	C:\Windows\system32\MSCTF.dll
0x000007fefd650000 - 0x000007fefd696000 	C:\Windows\system32\nvinitx.dll
0x000000000f000000 - 0x000000000f006000 	C:\Program Files\NVIDIA Corporation\CoProcManager\_etoured.dll
0x000007fefa8a0000 - 0x000007fefa8f5000 	C:\Program Files\NVIDIA Corporation\CoProcManager\nvd3d9wrapx.dll
0x000007fefdaf0000 - 0x000007fefdcc7000 	C:\Windows\system32\SETUPAPI.dll
0x000007fefda80000 - 0x000007fefdab6000 	C:\Windows\system32\CFGMGR32.dll
0x000007fefe4f0000 - 0x000007fefe5c7000 	C:\Windows\system32\OLEAUT32.dll
0x000007fefdcd0000 - 0x000007fefded3000 	C:\Windows\system32\ole32.dll
0x000007fefd9d0000 - 0x000007fefd9ea000 	C:\Windows\system32\DEVOBJ.dll
0x000007fefa780000 - 0x000007fefa7bd000 	C:\Program Files\NVIDIA Corporation\CoProcManager\nvdxgiwrapx.dll
0x00000000603c0000 - 0x0000000060492000 	B:\Program Files\Java\jdk1.8.0_45\bin\msvcr100.dll
0x000000005f730000 - 0x000000005ffb3000 	B:\Program Files\Java\jdk1.8.0_45\bin\server\jvm.dll
0x000007fef82a0000 - 0x000007fef82a9000 	C:\Windows\system32\WSOCK32.dll
0x000007fefe130000 - 0x000007fefe17d000 	C:\Windows\system32\WS2_32.dll
0x000007fefe450000 - 0x000007fefe458000 	C:\Windows\system32\NSI.dll
0x000007fefa7c0000 - 0x000007fefa7fb000 	C:\Windows\system32\WINMM.dll
0x000007fefc600000 - 0x000007fefc60c000 	C:\Windows\system32\VERSION.dll
0x0000000077b40000 - 0x0000000077b47000 	C:\Windows\system32\PSAPI.DLL
0x0000000074650000 - 0x000000007465f000 	B:\Program Files\Java\jdk1.8.0_45\bin\verify.dll
0x0000000063880000 - 0x00000000638a9000 	B:\Program Files\Java\jdk1.8.0_45\bin\java.dll
0x00000000638c0000 - 0x00000000638d6000 	B:\Program Files\Java\jdk1.8.0_45\bin\zip.dll
0x000007fefee70000 - 0x000007feffbf9000 	C:\Windows\system32\SHELL32.dll
0x000007fefd730000 - 0x000007fefd73f000 	C:\Windows\system32\profapi.dll
0x00000000604a0000 - 0x0000000060571000 	C:\Users\Jolly94\AppData\Local\Temp\javacpp91167171911032\msvcr100.dll
0x000000005ecb0000 - 0x000000005ed48000 	C:\Users\Jolly94\AppData\Local\Temp\javacpp91167171911032\msvcp100.dll
0x000007fef9370000 - 0x000007fef95f0000 	C:\Users\Jolly94\AppData\Local\Temp\javacpp91167171911032\opencv_core2411.dll
0x000007feede60000 - 0x000007feee052000 	C:\Users\Jolly94\AppData\Local\Temp\javacpp91167171911032\jniopencv_core.dll
0x000007feeaec0000 - 0x000007feeb181000 	C:\Users\Jolly94\AppData\Local\Temp\javacpp91167171911032\opencv_imgproc2411.dll
0x000007fef92c0000 - 0x000007fef9368000 	C:\Users\Jolly94\AppData\Local\Temp\javacpp91167171911032\jniopencv_imgproc.dll
0x0000000066840000 - 0x00000000676b4000 	C:\Users\Jolly94\AppData\Local\Temp\javacpp91167171911032\opencv_ffmpeg2411_64.dll
0x000007fee9f00000 - 0x000007feea14e000 	C:\Users\Jolly94\AppData\Local\Temp\javacpp91167171911032\opencv_highgui2411.dll
0x000007fef9a70000 - 0x000007fef9a8f000 	C:\Windows\system32\AVIFIL32.dll
0x000007fef7e70000 - 0x000007fef7e88000 	C:\Windows\system32\MSACM32.dll
0x000007fef9a40000 - 0x000007fef9a69000 	C:\Windows\system32\MSVFW32.dll
0x000007fef9980000 - 0x000007fef9997000 	C:\Windows\system32\AVICAP32.dll
0x000007fef9920000 - 0x000007fef9971000 	C:\Users\Jolly94\AppData\Local\Temp\javacpp91167171911032\jniopencv_highgui.dll
0x000000005ea10000 - 0x000000005eba8000 	B:\Program Files\Java\jdk1.8.0_45\bin\awt.dll
0x000000005ec20000 - 0x000000005ecad000 	C:\Users\Jolly94\AppData\Local\Temp\javacpp91167171911032\avutil-54.dll
0x000007fef9230000 - 0x000007fef92b3000 	C:\Users\Jolly94\AppData\Local\Temp\javacpp91167171911032\jniavutil.dll
0x000000005e9b0000 - 0x000000005ea0e000 	C:\Users\Jolly94\AppData\Local\Temp\javacpp91167171911032\swresample-1.dll
0x000007fefb230000 - 0x000007fefb23f000 	C:\Users\Jolly94\AppData\Local\Temp\javacpp91167171911032\jniswresample.dll
0x000000000c5a0000 - 0x000000000e2ba000 	C:\Users\Jolly94\AppData\Local\Temp\javacpp91167171911032\avcodec-56.dll
0x000007fef91a0000 - 0x000007fef922a000 	C:\Users\Jolly94\AppData\Local\Temp\javacpp91167171911032\jniavcodec.dll
0x000000005e330000 - 0x000000005e9a8000 	C:\Users\Jolly94\AppData\Local\Temp\javacpp91167171911032\avformat-56.dll
0x000007fefd790000 - 0x000007fefd8fd000 	C:\Windows\system32\CRYPT32.dll
0x000007fefd740000 - 0x000007fefd74f000 	C:\Windows\system32\MSASN1.dll
0x000007fef8f60000 - 0x000007fef8fd0000 	C:\Users\Jolly94\AppData\Local\Temp\javacpp91167171911032\jniavformat.dll
0x000000005e2a0000 - 0x000000005e323000 	C:\Users\Jolly94\AppData\Local\Temp\javacpp91167171911032\swscale-3.dll
0x000007fef9880000 - 0x000007fef9895000 	C:\Users\Jolly94\AppData\Local\Temp\javacpp91167171911032\jniswscale.dll
0x000007fefcf20000 - 0x000007fefcf38000 	C:\Windows\system32\CRYPTSP.dll
0x000007fefcc20000 - 0x000007fefcc67000 	C:\Windows\system32\rsaenh.dll
0x000007fefd580000 - 0x000007fefd58f000 	C:\Windows\system32\CRYPTBASE.dll
0x000007fef7350000 - 0x000007fef7475000 	C:\Windows\system32\dbghelp.dll

VM Arguments:
jvm_args: -Dfile.encoding=UTF-8 
java_command: JolleeB.BachelorT.App
java_class_path (initial): B:\DevStff\BachelorThesis\Java\BachelorT\target\classes;C:\Users\Jolly94\.m2\repository\xuggle\xuggle-xuggler\5.4\xuggle-xuggler-5.4.jar;C:\Users\Jolly94\.m2\repository\org\slf4j\slf4j-api\1.6.4\slf4j-api-1.6.4.jar;C:\Users\Jolly94\.m2\repository\commons-cli\commons-cli\1.1\commons-cli-1.1.jar;C:\Users\Jolly94\.m2\repository\ch\qos\logback\logback-core\1.0.0\logback-core-1.0.0.jar;C:\Users\Jolly94\.m2\repository\ch\qos\logback\logback-classic\1.0.0\logback-classic-1.0.0.jar;C:\Users\Jolly94\.m2\repository\org\bytedeco\javacv\0.11\javacv-0.11.jar;C:\Users\Jolly94\.m2\repository\org\bytedeco\javacpp\0.11\javacpp-0.11.jar;C:\Users\Jolly94\.m2\repository\org\bytedeco\javacpp-presets\opencv\2.4.11-0.11\opencv-2.4.11-0.11.jar;C:\Users\Jolly94\.m2\repository\org\bytedeco\javacpp-presets\opencv\2.4.11-0.11\opencv-2.4.11-0.11-windows-x86_64.jar;C:\Users\Jolly94\.m2\repository\org\bytedeco\javacpp-presets\ffmpeg\2.6.1-0.11\ffmpeg-2.6.1-0.11.jar;C:\Users\Jolly94\.m2\repository\org\bytedeco\javacpp-presets\ffmpeg\2.6.1-0.11\ffmpeg-2.6.1-0.11-windows-x86_64.jar;C:\Users\Jolly94\.m2\repository\org\bytedeco\javacpp-presets\flycapture\2.7.3.19-0.11\flycapture-2.7.3.19-0.11.jar;C:\Users\Jolly94\.m2\repository\org\bytedeco\javacpp-presets\flycapture\2.7.3.19-0.11\flycapture-2.7.3.19-0.11-windows-x86_64.jar;C:\Users\Jolly94\.m2\repository\org\bytedeco\javacpp-presets\libdc1394\2.2.3-0.11\libdc1394-2.2.3-0.11.jar;C:\Users\Jolly94\.m2\repository\org\bytedeco\javacpp-presets\libdc1394\2.2.3-0.11\libdc1394-2.2.3-0.11-windows-x86_64.jar;C:\Users\Jolly94\.m2\repository\org\bytedeco\javacpp-presets\libfreenect\0.5.2-0.11\libfreenect-0.5.2-0.11.jar;C:\Users\Jolly94\.m2\repository\org\bytedeco\javacpp-presets\libfreenect\0.5.2-0.11\libfreenect-0.5.2-0.11-windows-x86_64.jar;C:\Users\Jolly94\.m2\repository\org\bytedeco\javacpp-presets\videoinput\0.200-0.11\videoinput-0.200-0.11.jar;C:\Users\Jolly94\.m2\repository\org\bytedeco\javacpp-presets\videoinput\0.200-0.11\vid
Launcher Type: SUN_STANDARD

Environment Variables:
PATH=B:/Program Files/Java/jdk1.8.0_45/bin/server;B:/Program Files/Java/jdk1.8.0_45/bin;B:/Program Files/Java/jdk1.8.0_45/lib/amd64;C:\ProgramData\Oracle\Java\javapath;C:\Program Files (x86)\NVIDIA Corporation\PhysX\Common;C:\Program Files (x86)\Intel\iCLS Client\;C:\Program Files\Intel\iCLS Client\;C:\Windows\system32;C:\Windows;C:\Windows\System32\Wbem;C:\Windows\System32\WindowsPowerShell\v1.0\;C:\Program Files\Intel\Intel(R) Management Engine Components\DAL;C:\Program Files\Intel\Intel(R) Management Engine Components\IPT;C:\Program Files (x86)\Intel\Intel(R) Management Engine Components\DAL;C:\Program Files (x86)\Intel\Intel(R) Management Engine Components\IPT;C:\Program Files (x86)\Intel\OpenCL SDK\3.0\bin\x86;C:\Program Files (x86)\Intel\OpenCL SDK\3.0\bin\x64;C:\Program Files (x86)\Autodesk\Backburner\;C:\Program Files\Microsoft SQL Server\110\Tools\Binn\;C:\Program Files (x86)\Microsoft SDKs\TypeScript\1.0\;C:\Program Files\Microsoft\Web Platform Installer\;B:\Program Files (x86)\nodejs\;C:\Program Files (x86)\Skype\Phone\;B:\RailsInstaller\Git\cmd;B:\RailsInstaller\Ruby1.9.3\bin;C:\Users\Jolly94\AppData\Roaming\npm;B:\Program Files\Java\jdk1.7.0_40\bin;.;;.;;C:\Users\Jolly94\java\eclipse;
USERNAME=Jolly94
OS=Windows_NT
PROCESSOR_IDENTIFIER=Intel64 Family 6 Model 60 Stepping 3, GenuineIntel



---------------  S Y S T E M  ---------------

OS: Windows 7 , 64 bit Build 7601 (6.1.7601.18847)

CPU:total 4 (4 cores per cpu, 1 threads per core) family 6 model 60 stepping 3, cmov, cx8, fxsr, mmx, sse, sse2, sse3, ssse3, sse4.1, sse4.2, popcnt, avx, avx2, aes, clmul, erms, rtm, lzcnt, tsc, tscinvbit, bmi1, bmi2

Memory: 4k page, physical 8264692k(3853100k free), swap 8985864k(3276332k free)

vm_info: Java HotSpot(TM) 64-Bit Server VM (25.45-b02) for windows-amd64 JRE (1.8.0_45-b14), built on Apr 10 2015 10:34:15 by "java_re" with MS VC++ 10.0 (VS2010)

time: Wed Jun 24 11:03:46 2015
elapsed time: 11 seconds (0d 0h 0m 11s)

