#
# A fatal error has been detected by the Java Runtime Environment:
#
#  EXCEPTION_ACCESS_VIOLATION (0xc0000005) at pc=0x000000005f766d49, pid=2024, tid=5328
#
# JRE version: Java(TM) SE Runtime Environment (8.0_45-b14) (build 1.8.0_45-b14)
# Java VM: Java HotSpot(TM) 64-Bit Server VM (25.45-b02 mixed mode windows-amd64 compressed oops)
# Problematic frame:
# C  [swscale-3.dll+0x46d49]
#
# Failed to write core dump. Minidumps are not enabled by default on client versions of Windows
#
# If you would like to submit a bug report, please visit:
#   http://bugreport.java.com/bugreport/crash.jsp
# The crash happened outside the Java Virtual Machine in native code.
# See problematic frame for where to report the bug.
#

---------------  T H R E A D  ---------------

Current thread (0x000000000b077000):  JavaThread "Thread-500" [_thread_in_native, id=5328, stack(0x000000000ba30000,0x000000000bb30000)]

siginfo: ExceptionCode=0xc0000005, writing address 0x000000000c187fb0

Registers:
RAX=0xfffffffffffffed0, RBX=0x000000000c1b2e80, RCX=0x000000000b3168e0, RDX=0xfffffffffffffc88
RSP=0x000000000bb2ead0, RBP=0x0000000000000a20, RSI=0x000000000c199c60, RDI=0x00000000000000d8
R8 =0x000000000b3168e0, R9 =0x000000000c187f30, R10=0x000000000c1a01a0, R11=0x000000000000005c
R12=0x0000000000000510, R13=0xfffffffffffffe50, R14=0x000000000b316df0, R15=0x000000000c1880e0
RIP=0x000000005f766d49, EFLAGS=0x0000000000010286

Top of Stack: (sp=0x000000000bb2ead0)
0x000000000bb2ead0:   0000000000000000 0000000000000000
0x000000000bb2eae0:   0000000000000000 0000000000000000
0x000000000bb2eaf0:   00000000000001b0 0000000000000002
0x000000000bb2eb00:   00000000000001b0 00000000000000d8
0x000000000bb2eb10:   0000000000000510 000000000c1b2e80
0x000000000bb2eb20:   0000000000000360 00000000000001b0
0x000000000bb2eb30:   ffffffffffffff28 000000000b2f9210
0x000000000bb2eb40:   000000000c17e240 000000000c1974b8
0x000000000bb2eb50:   000000000c19d9f8 000000ee000000ec
0x000000000bb2eb60:   000001b0000001b0 00000510000000d8
0x000000000bb2eb70:   0000000000000000 0000000000000000
0x000000000bb2eb80:   00000000000000f0 000000000bb2ed30
0x000000000bb2eb90:   000000000c1ad100 000000000bb2ed00
0x000000000bb2eba0:   000000000c1b2e80 0000000000000000
0x000000000bb2ebb0:   0000000000000000 000000005f7572ea
0x000000000bb2ebc0:   000000001e010b68 000000000f125919 

Instructions: (pc=0x000000005f766d49)
0x000000005f766d29:   6b e1 0f 6b d3 0f f5 e5 0f f5 d5 48 83 c2 18 0f
0x000000005f766d39:   6b e2 0f 71 e4 07 0f 67 c4 0f dc 05 4f 52 02 00
0x000000005f766d49:   41 0f e7 04 07 48 83 c0 08 0f 88 38 ff ff ff 4f
0x000000005f766d59:   8d 34 04 48 8b 44 24 60 0f 6f 2d 20 52 02 00 0f 


Register to memory mapping:

RAX=0xfffffffffffffed0 is an unknown value
RBX=0x000000000c1b2e80 is an unknown value
RCX=0x000000000b3168e0 is an unknown value
RDX=0xfffffffffffffc88 is an unknown value
RSP=0x000000000bb2ead0 is pointing into the stack for thread: 0x000000000b077000
RBP=0x0000000000000a20 is an unknown value
RSI=0x000000000c199c60 is an unknown value
RDI=0x00000000000000d8 is an unknown value
R8 =0x000000000b3168e0 is an unknown value
R9 =0x000000000c187f30 is an unknown value
R10=0x000000000c1a01a0 is an unknown value
R11=0x000000000000005c is an unknown value
R12=0x0000000000000510 is an unknown value
R13=0xfffffffffffffe50 is an unknown value
R14=0x000000000b316df0 is an unknown value
R15=0x000000000c1880e0 is an unknown value


Stack: [0x000000000ba30000,0x000000000bb30000],  sp=0x000000000bb2ead0,  free space=1018k
Native frames: (J=compiled Java code, j=interpreted, Vv=VM code, C=native code)
C  [swscale-3.dll+0x46d49]
C  [swscale-3.dll+0x372ea]
C  [swscale-3.dll+0x2c685]
C  [jniswscale.dll+0x52cf]
C  0x000000000f025e14

Java frames: (J=compiled Java code, j=interpreted, Vv=VM code)
j  org.bytedeco.javacpp.swscale.sws_scale(Lorg/bytedeco/javacpp/swscale$SwsContext;Lorg/bytedeco/javacpp/PointerPointer;Lorg/bytedeco/javacpp/IntPointer;IILorg/bytedeco/javacpp/PointerPointer;Lorg/bytedeco/javacpp/IntPointer;)I+0
j  org.bytedeco.javacv.FFmpegFrameRecorder.recordImage(IIIIII[Ljava/nio/Buffer;)Z+570
j  org.bytedeco.javacv.FFmpegFrameRecorder.record(Lorg/bytedeco/javacv/Frame;)V+70
j  JolleeB.BachelorT.DynamicVideoCreator.lambda$2([B)V+99
j  JolleeB.BachelorT.DynamicVideoCreator$$Lambda$1.run()V+8
J 1029 C1 java.lang.Thread.run()V (17 bytes) @ 0x000000000f4425fc [0x000000000f4424c0+0x13c]
v  ~StubRoutines::call_stub

---------------  P R O C E S S  ---------------

Java Threads: ( => current thread )
  0x000000000024f800 JavaThread "DestroyJavaVM" [_thread_blocked, id=2372, stack(0x00000000027e0000,0x00000000028e0000)]
=>0x000000000b077000 JavaThread "Thread-500" [_thread_in_native, id=5328, stack(0x000000000ba30000,0x000000000bb30000)]
  0x000000000a420000 JavaThread "Service Thread" daemon [_thread_blocked, id=5460, stack(0x000000000a9c0000,0x000000000aac0000)]
  0x000000000a3a0800 JavaThread "C1 CompilerThread2" daemon [_thread_blocked, id=3140, stack(0x000000000a830000,0x000000000a930000)]
  0x00000000087ee800 JavaThread "C2 CompilerThread1" daemon [_thread_blocked, id=5324, stack(0x000000000a2a0000,0x000000000a3a0000)]
  0x00000000087e9000 JavaThread "C2 CompilerThread0" daemon [_thread_blocked, id=1928, stack(0x000000000a150000,0x000000000a250000)]
  0x00000000087e6800 JavaThread "Attach Listener" daemon [_thread_blocked, id=2672, stack(0x0000000009f60000,0x000000000a060000)]
  0x00000000087e3800 JavaThread "Signal Dispatcher" daemon [_thread_blocked, id=2276, stack(0x0000000009d20000,0x0000000009e20000)]
  0x0000000008787000 JavaThread "Finalizer" daemon [_thread_blocked, id=2776, stack(0x0000000009bd0000,0x0000000009cd0000)]
  0x0000000008780000 JavaThread "Reference Handler" daemon [_thread_blocked, id=5956, stack(0x0000000009990000,0x0000000009a90000)]

Other Threads:
  0x000000000877c800 VMThread [stack: 0x0000000009800000,0x0000000009900000] [id=3788]
  0x000000000a428000 WatcherThread [stack: 0x0000000009e40000,0x0000000009f40000] [id=4388]

VM state:not at safepoint (normal execution)

VM Mutex/Monitor currently owned by a thread: None

Heap:
 PSYoungGen      total 27136K, used 5717K [0x00000000d5f80000, 0x00000000e9280000, 0x0000000100000000)
  eden space 26624K, 21% used [0x00000000d5f80000,0x00000000d6515528,0x00000000d7980000)
  from space 512K, 0% used [0x00000000e9200000,0x00000000e9200000,0x00000000e9280000)
  to   space 1536K, 0% used [0x00000000e8f80000,0x00000000e8f80000,0x00000000e9100000)
 ParOldGen       total 87552K, used 25010K [0x0000000081e00000, 0x0000000087380000, 0x00000000d5f80000)
  object space 87552K, 28% used [0x0000000081e00000,0x000000008366c820,0x0000000087380000)
 Metaspace       used 8331K, capacity 8460K, committed 8704K, reserved 1056768K
  class space    used 914K, capacity 984K, committed 1024K, reserved 1048576K

Card table byte_map: [0x0000000002f70000,0x0000000003370000] byte_map_base: 0x0000000002b61000

Marking Bits: (ParMarkBitMap*) 0x00000000605d4040
 Begin Bits: [0x0000000003ae0000, 0x0000000005a68000)
 End Bits:   [0x0000000005a68000, 0x00000000079f0000)

Polling page: 0x0000000000230000

CodeCache: size=245760Kb used=4318Kb max_used=4330Kb free=241441Kb
 bounds [0x000000000f010000, 0x000000000f450000, 0x000000001e010000]
 total_blobs=1486 nmethods=1031 adapters=368
 compilation: enabled

Compilation events (10 events):
Event: 27.908 Thread 0x000000000a3a0800 1036   !   3       java.lang.ThreadGroup::remove (94 bytes)
Event: 27.908 Thread 0x000000000a3a0800 nmethod 1036 0x000000000f444a50 code [0x000000000f444c00, 0x000000000f4452a8]
Event: 29.762 Thread 0x000000000a3a0800 1037       3       sun.nio.cs.UTF_8$Encoder::encodeArrayLoop (489 bytes)
Event: 29.764 Thread 0x000000000a3a0800 nmethod 1037 0x000000000f445610 code [0x000000000f445b80, 0x000000000f449128]
Event: 34.388 Thread 0x000000000a3a0800 1038       3       java.lang.invoke.DirectMethodHandle::internalMemberName (8 bytes)
Event: 34.388 Thread 0x000000000a3a0800 nmethod 1038 0x000000000f44b610 code [0x000000000f44b780, 0x000000000f44b9b0]
Event: 34.914 Thread 0x000000000a3a0800 1039       3       java.lang.Boolean::valueOf (14 bytes)
Event: 34.915 Thread 0x000000000a3a0800 nmethod 1039 0x000000000f112f10 code [0x000000000f113060, 0x000000000f1131f0]
Event: 36.038 Thread 0x00000000087e9000 1040  s    4       java.util.Vector::elementAt (48 bytes)
Event: 36.039 Thread 0x00000000087e9000 nmethod 1040 0x000000000f10fdd0 code [0x000000000f10ff20, 0x000000000f110178]

GC Heap History (10 events):
Event: 34.652 GC heap before
{Heap before GC invocations=96 (full 0):
 PSYoungGen      total 30208K, used 29855K [0x00000000d5f80000, 0x00000000e9580000, 0x0000000100000000)
  eden space 29184K, 100% used [0x00000000d5f80000,0x00000000d7c00000,0x00000000d7c00000)
  from space 1024K, 65% used [0x00000000e9300000,0x00000000e93a7e20,0x00000000e9400000)
  to   space 1536K, 0% used [0x00000000e9400000,0x00000000e9400000,0x00000000e9580000)
 ParOldGen       total 87552K, used 23155K [0x0000000081e00000, 0x0000000087380000, 0x00000000d5f80000)
  object space 87552K, 26% used [0x0000000081e00000,0x000000008349cdc0,0x0000000087380000)
 Metaspace       used 8330K, capacity 8460K, committed 8704K, reserved 1056768K
  class space    used 914K, capacity 984K, committed 1024K, reserved 1048576K
Event: 34.652 GC heap after
Heap after GC invocations=96 (full 0):
 PSYoungGen      total 29696K, used 671K [0x00000000d5f80000, 0x00000000e9500000, 0x0000000100000000)
  eden space 28672K, 0% used [0x00000000d5f80000,0x00000000d5f80000,0x00000000d7b80000)
  from space 1024K, 65% used [0x00000000e9400000,0x00000000e94a7e20,0x00000000e9500000)
  to   space 1536K, 0% used [0x00000000e9200000,0x00000000e9200000,0x00000000e9380000)
 ParOldGen       total 87552K, used 23459K [0x0000000081e00000, 0x0000000087380000, 0x00000000d5f80000)
  object space 87552K, 26% used [0x0000000081e00000,0x00000000834e8cd0,0x0000000087380000)
 Metaspace       used 8330K, capacity 8460K, committed 8704K, reserved 1056768K
  class space    used 914K, capacity 984K, committed 1024K, reserved 1048576K
}
Event: 34.741 GC heap before
{Heap before GC invocations=97 (full 0):
 PSYoungGen      total 29696K, used 29343K [0x00000000d5f80000, 0x00000000e9500000, 0x0000000100000000)
  eden space 28672K, 100% used [0x00000000d5f80000,0x00000000d7b80000,0x00000000d7b80000)
  from space 1024K, 65% used [0x00000000e9400000,0x00000000e94a7e20,0x00000000e9500000)
  to   space 1536K, 0% used [0x00000000e9200000,0x00000000e9200000,0x00000000e9380000)
 ParOldGen       total 87552K, used 23459K [0x0000000081e00000, 0x0000000087380000, 0x00000000d5f80000)
  object space 87552K, 26% used [0x0000000081e00000,0x00000000834e8cd0,0x0000000087380000)
 Metaspace       used 8330K, capacity 8460K, committed 8704K, reserved 1056768K
  class space    used 914K, capacity 984K, committed 1024K, reserved 1048576K
Event: 34.742 GC heap after
Heap after GC invocations=97 (full 0):
 PSYoungGen      total 28672K, used 32K [0x00000000d5f80000, 0x00000000e9480000, 0x0000000100000000)
  eden space 28160K, 0% used [0x00000000d5f80000,0x00000000d5f80000,0x00000000d7b00000)
  from space 512K, 6% used [0x00000000e9200000,0x00000000e9208000,0x00000000e9280000)
  to   space 1536K, 0% used [0x00000000e9300000,0x00000000e9300000,0x00000000e9480000)
 ParOldGen       total 87552K, used 24082K [0x0000000081e00000, 0x0000000087380000, 0x00000000d5f80000)
  object space 87552K, 27% used [0x0000000081e00000,0x0000000083584af0,0x0000000087380000)
 Metaspace       used 8330K, capacity 8460K, committed 8704K, reserved 1056768K
  class space    used 914K, capacity 984K, committed 1024K, reserved 1048576K
}
Event: 34.847 GC heap before
{Heap before GC invocations=98 (full 0):
 PSYoungGen      total 28672K, used 28192K [0x00000000d5f80000, 0x00000000e9480000, 0x0000000100000000)
  eden space 28160K, 100% used [0x00000000d5f80000,0x00000000d7b00000,0x00000000d7b00000)
  from space 512K, 6% used [0x00000000e9200000,0x00000000e9208000,0x00000000e9280000)
  to   space 1536K, 0% used [0x00000000e9300000,0x00000000e9300000,0x00000000e9480000)
 ParOldGen       total 87552K, used 24082K [0x0000000081e00000, 0x0000000087380000, 0x00000000d5f80000)
  object space 87552K, 27% used [0x0000000081e00000,0x0000000083584af0,0x0000000087380000)
 Metaspace       used 8330K, capacity 8460K, committed 8704K, reserved 1056768K
  class space    used 914K, capacity 984K, committed 1024K, reserved 1048576K
Event: 34.848 GC heap after
Heap after GC invocations=98 (full 0):
 PSYoungGen      total 28672K, used 671K [0x00000000d5f80000, 0x00000000e9400000, 0x0000000100000000)
  eden space 27648K, 0% used [0x00000000d5f80000,0x00000000d5f80000,0x00000000d7a80000)
  from space 1024K, 65% used [0x00000000e9300000,0x00000000e93a7e20,0x00000000e9400000)
  to   space 1536K, 0% used [0x00000000e9100000,0x00000000e9100000,0x00000000e9280000)
 ParOldGen       total 87552K, used 24082K [0x0000000081e00000, 0x0000000087380000, 0x00000000d5f80000)
  object space 87552K, 27% used [0x0000000081e00000,0x0000000083584af0,0x0000000087380000)
 Metaspace       used 8330K, capacity 8460K, committed 8704K, reserved 1056768K
  class space    used 914K, capacity 984K, committed 1024K, reserved 1048576K
}
Event: 35.934 GC heap before
{Heap before GC invocations=99 (full 0):
 PSYoungGen      total 28672K, used 28319K [0x00000000d5f80000, 0x00000000e9400000, 0x0000000100000000)
  eden space 27648K, 100% used [0x00000000d5f80000,0x00000000d7a80000,0x00000000d7a80000)
  from space 1024K, 65% used [0x00000000e9300000,0x00000000e93a7e20,0x00000000e9400000)
  to   space 1536K, 0% used [0x00000000e9100000,0x00000000e9100000,0x00000000e9280000)
 ParOldGen       total 87552K, used 24082K [0x0000000081e00000, 0x0000000087380000, 0x00000000d5f80000)
  object space 87552K, 27% used [0x0000000081e00000,0x0000000083584af0,0x0000000087380000)
 Metaspace       used 8330K, capacity 8460K, committed 8704K, reserved 1056768K
  class space    used 914K, capacity 984K, committed 1024K, reserved 1048576K
Event: 35.935 GC heap after
Heap after GC invocations=99 (full 0):
 PSYoungGen      total 28160K, used 671K [0x00000000d5f80000, 0x00000000e9380000, 0x0000000100000000)
  eden space 27136K, 0% used [0x00000000d5f80000,0x00000000d5f80000,0x00000000d7a00000)
  from space 1024K, 65% used [0x00000000e9100000,0x00000000e91a7e20,0x00000000e9200000)
  to   space 1536K, 0% used [0x00000000e9200000,0x00000000e9200000,0x00000000e9380000)
 ParOldGen       total 87552K, used 24386K [0x0000000081e00000, 0x0000000087380000, 0x00000000d5f80000)
  object space 87552K, 27% used [0x0000000081e00000,0x00000000835d0a00,0x0000000087380000)
 Metaspace       used 8330K, capacity 8460K, committed 8704K, reserved 1056768K
  class space    used 914K, capacity 984K, committed 1024K, reserved 1048576K
}
Event: 36.019 GC heap before
{Heap before GC invocations=100 (full 0):
 PSYoungGen      total 28160K, used 27807K [0x00000000d5f80000, 0x00000000e9380000, 0x0000000100000000)
  eden space 27136K, 100% used [0x00000000d5f80000,0x00000000d7a00000,0x00000000d7a00000)
  from space 1024K, 65% used [0x00000000e9100000,0x00000000e91a7e20,0x00000000e9200000)
  to   space 1536K, 0% used [0x00000000e9200000,0x00000000e9200000,0x00000000e9380000)
 ParOldGen       total 87552K, used 24386K [0x0000000081e00000, 0x0000000087380000, 0x00000000d5f80000)
  object space 87552K, 27% used [0x0000000081e00000,0x00000000835d0a00,0x0000000087380000)
 Metaspace       used 8330K, capacity 8460K, committed 8704K, reserved 1056768K
  class space    used 914K, capacity 984K, committed 1024K, reserved 1048576K
Event: 36.019 GC heap after
Heap after GC invocations=100 (full 0):
 PSYoungGen      total 27136K, used 0K [0x00000000d5f80000, 0x00000000e9280000, 0x0000000100000000)
  eden space 26624K, 0% used [0x00000000d5f80000,0x00000000d5f80000,0x00000000d7980000)
  from space 512K, 0% used [0x00000000e9200000,0x00000000e9200000,0x00000000e9280000)
  to   space 1536K, 0% used [0x00000000e8f80000,0x00000000e8f80000,0x00000000e9100000)
 ParOldGen       total 87552K, used 25010K [0x0000000081e00000, 0x0000000087380000, 0x00000000d5f80000)
  object space 87552K, 28% used [0x0000000081e00000,0x000000008366c820,0x0000000087380000)
 Metaspace       used 8330K, capacity 8460K, committed 8704K, reserved 1056768K
  class space    used 914K, capacity 984K, committed 1024K, reserved 1048576K
}

Deoptimization events (10 events):
Event: 2.211 Thread 0x000000000024f800 Uncommon trap: reason=intrinsic action=make_not_entrant pc=0x000000000f3df208 method=JolleeB.BachelorT.MOGAnalyzer.convertImage([B)[B @ 225
Event: 2.212 Thread 0x000000000024f800 Uncommon trap: reason=intrinsic action=make_not_entrant pc=0x000000000f3e3e10 method=JolleeB.BachelorT.MOGAnalyzer.convertImage([B)[B @ 225
Event: 2.212 Thread 0x000000000024f800 Uncommon trap: reason=intrinsic action=make_not_entrant pc=0x000000000f3e12f0 method=JolleeB.BachelorT.MOGAnalyzer.convertImage([B)[B @ 225
Event: 2.375 Thread 0x000000000024f800 Uncommon trap: reason=intrinsic action=make_not_entrant pc=0x000000000f3e614c method=JolleeB.BachelorT.MOGAnalyzer.convertImage([B)[B @ 225
Event: 2.375 Thread 0x000000000024f800 Uncommon trap: reason=unstable_if action=reinterpret pc=0x000000000f3e9ce0 method=JolleeB.BachelorT.MOGAnalyzer.convertImage([B)[B @ 433
Event: 2.380 Thread 0x000000000024f800 Uncommon trap: reason=unstable_if action=reinterpret pc=0x000000000f3ec69c method=JolleeB.BachelorT.MOGAnalyzer.convertImage([B)[B @ 433
Event: 3.220 Thread 0x000000000024f800 Uncommon trap: reason=unstable_if action=reinterpret pc=0x000000000f3f93b4 method=java.lang.StrictMath.floorOrCeil(DDDD)D @ 8
Event: 3.221 Thread 0x000000000024f800 Uncommon trap: reason=unstable_if action=reinterpret pc=0x000000000f3fb838 method=java.lang.StrictMath.floorOrCeil(DDDD)D @ 8
Event: 3.222 Thread 0x000000000024f800 Uncommon trap: reason=unstable_if action=reinterpret pc=0x000000000f3c9c0c method=java.lang.StrictMath.floorOrCeil(DDDD)D @ 8
Event: 3.223 Thread 0x000000000024f800 Uncommon trap: reason=unstable_if action=reinterpret pc=0x000000000f3c9f1c method=java.lang.StrictMath.floorOrCeil(DDDD)D @ 8

Internal exceptions (10 events):
Event: 0.507 Thread 0x000000000024f800 Exception <a 'java/security/PrivilegedActionException'> (0x00000000d6bb0b28) thrown at [C:\re\workspace\8-2-build-windows-amd64-cygwin\jdk8u45\3457\hotspot\src\share\vm\prims\jvm.cpp, line 1382]
Event: 0.508 Thread 0x000000000024f800 Exception <a 'java/security/PrivilegedActionException'> (0x00000000d6bb1f70) thrown at [C:\re\workspace\8-2-build-windows-amd64-cygwin\jdk8u45\3457\hotspot\src\share\vm\prims\jvm.cpp, line 1382]
Event: 0.508 Thread 0x000000000024f800 Exception <a 'java/security/PrivilegedActionException'> (0x00000000d6bb2128) thrown at [C:\re\workspace\8-2-build-windows-amd64-cygwin\jdk8u45\3457\hotspot\src\share\vm\prims\jvm.cpp, line 1382]
Event: 0.508 Thread 0x000000000024f800 Exception <a 'java/security/PrivilegedActionException'> (0x00000000d6bb34a0) thrown at [C:\re\workspace\8-2-build-windows-amd64-cygwin\jdk8u45\3457\hotspot\src\share\vm\prims\jvm.cpp, line 1382]
Event: 0.508 Thread 0x000000000024f800 Exception <a 'java/security/PrivilegedActionException'> (0x00000000d6bb3658) thrown at [C:\re\workspace\8-2-build-windows-amd64-cygwin\jdk8u45\3457\hotspot\src\share\vm\prims\jvm.cpp, line 1382]
Event: 0.508 Thread 0x000000000024f800 Exception <a 'java/security/PrivilegedActionException'> (0x00000000d6bb4938) thrown at [C:\re\workspace\8-2-build-windows-amd64-cygwin\jdk8u45\3457\hotspot\src\share\vm\prims\jvm.cpp, line 1382]
Event: 0.508 Thread 0x000000000024f800 Exception <a 'java/security/PrivilegedActionException'> (0x00000000d6bb4af0) thrown at [C:\re\workspace\8-2-build-windows-amd64-cygwin\jdk8u45\3457\hotspot\src\share\vm\prims\jvm.cpp, line 1382]
Event: 0.890 Thread 0x000000000b056800 Exception <a 'java/io/FileNotFoundException'> (0x00000000d6f71ce0) thrown at [C:\re\workspace\8-2-build-windows-amd64-cygwin\jdk8u45\3457\hotspot\src\share\vm\prims\jni.cpp, line 709]
Event: 2.057 Thread 0x000000000024f800 Exception <a 'java/lang/NoSuchFieldError': method resolution failed> (0x00000000d7370ba8) thrown at [C:\re\workspace\8-2-build-windows-amd64-cygwin\jdk8u45\3457\hotspot\src\share\vm\prims\methodHandles.cpp, line 1125]
Event: 2.058 Thread 0x000000000024f800 Exception <a 'java/lang/NoSuchFieldError': method resolution failed> (0x00000000d737f218) thrown at [C:\re\workspace\8-2-build-windows-amd64-cygwin\jdk8u45\3457\hotspot\src\share\vm\prims\methodHandles.cpp, line 1125]

Events (10 events):
Event: 35.909 Thread 0x000000005e01e000 Thread exited: 0x000000005e01e000
Event: 35.909 Thread 0x000000000b077000 Thread added: 0x000000000b077000
Event: 35.909 Thread 0x000000000b077000 Thread exited: 0x000000000b077000
Event: 35.934 Executing VM operation: ParallelGCFailedAllocation
Event: 35.935 Executing VM operation: ParallelGCFailedAllocation done
Event: 36.019 Executing VM operation: ParallelGCFailedAllocation
Event: 36.019 Executing VM operation: ParallelGCFailedAllocation done
Event: 36.035 Thread 0x000000000b077000 Thread added: 0x000000000b077000
Event: 36.038 Thread 0x000000000024f800 Thread exited: 0x000000000024f800
Event: 36.038 Thread 0x000000000024f800 Thread added: 0x000000000024f800


Dynamic libraries:
0x000000013f340000 - 0x000000013f377000 	B:\Program Files\Java\jdk1.8.0_45\bin\javaw.exe
0x00000000775c0000 - 0x0000000077768000 	C:\Windows\SYSTEM32\ntdll.dll
0x00000000773a0000 - 0x00000000774bf000 	C:\Windows\system32\kernel32.dll
0x000007fefd3d0000 - 0x000007fefd43c000 	C:\Windows\system32\KERNELBASE.dll
0x000007fefee60000 - 0x000007fefef3b000 	C:\Windows\system32\ADVAPI32.dll
0x000007feff170000 - 0x000007feff20f000 	C:\Windows\system32\msvcrt.dll
0x000007feff150000 - 0x000007feff16f000 	C:\Windows\SYSTEM32\sechost.dll
0x000007fefd850000 - 0x000007fefd97d000 	C:\Windows\system32\RPCRT4.dll
0x00000000774c0000 - 0x00000000775ba000 	C:\Windows\system32\USER32.dll
0x000007feff860000 - 0x000007feff8c7000 	C:\Windows\system32\GDI32.dll
0x000007feff4e0000 - 0x000007feff4ee000 	C:\Windows\system32\LPK.dll
0x000007fefda70000 - 0x000007fefdb39000 	C:\Windows\system32\USP10.dll
0x000007fefbc70000 - 0x000007fefbe64000 	C:\Windows\WinSxS\amd64_microsoft.windows.common-controls_6595b64144ccf1df_6.0.7601.18837_none_fa3b1e3d17594757\COMCTL32.dll
0x000007fefef40000 - 0x000007fefefb1000 	C:\Windows\system32\SHLWAPI.dll
0x000007fefeb20000 - 0x000007fefeb4e000 	C:\Windows\system32\IMM32.DLL
0x000007feff750000 - 0x000007feff859000 	C:\Windows\system32\MSCTF.dll
0x000007fefd290000 - 0x000007fefd2d6000 	C:\Windows\system32\nvinitx.dll
0x000000000f000000 - 0x000000000f006000 	C:\Program Files\NVIDIA Corporation\CoProcManager\_etoured.dll
0x000007fef9520000 - 0x000007fef9575000 	C:\Program Files\NVIDIA Corporation\CoProcManager\nvd3d9wrapx.dll
0x000007fefe8d0000 - 0x000007fefeaa7000 	C:\Windows\system32\SETUPAPI.dll
0x000007fefd610000 - 0x000007fefd646000 	C:\Windows\system32\CFGMGR32.dll
0x000007fefd990000 - 0x000007fefda67000 	C:\Windows\system32\OLEAUT32.dll
0x000007fefec50000 - 0x000007fefee53000 	C:\Windows\system32\ole32.dll
0x000007fefd3b0000 - 0x000007fefd3ca000 	C:\Windows\system32\DEVOBJ.dll
0x000007fef94e0000 - 0x000007fef951d000 	C:\Program Files\NVIDIA Corporation\CoProcManager\nvdxgiwrapx.dll
0x000000005fb60000 - 0x000000005fc32000 	B:\Program Files\Java\jdk1.8.0_45\bin\msvcr100.dll
0x000000005fdd0000 - 0x0000000060653000 	B:\Program Files\Java\jdk1.8.0_45\bin\server\jvm.dll
0x000007fef7db0000 - 0x000007fef7db9000 	C:\Windows\system32\WSOCK32.dll
0x000007fefead0000 - 0x000007fefeb1d000 	C:\Windows\system32\WS2_32.dll
0x000007fefd980000 - 0x000007fefd988000 	C:\Windows\system32\NSI.dll
0x000007fef9400000 - 0x000007fef943b000 	C:\Windows\system32\WINMM.dll
0x000007fefc3f0000 - 0x000007fefc3fc000 	C:\Windows\system32\VERSION.dll
0x0000000077790000 - 0x0000000077797000 	C:\Windows\system32\PSAPI.DLL
0x00000000742b0000 - 0x00000000742bf000 	B:\Program Files\Java\jdk1.8.0_45\bin\verify.dll
0x000000005fda0000 - 0x000000005fdc9000 	B:\Program Files\Java\jdk1.8.0_45\bin\java.dll
0x000000005fd80000 - 0x000000005fd96000 	B:\Program Files\Java\jdk1.8.0_45\bin\zip.dll
0x000007fefdb40000 - 0x000007fefe8c9000 	C:\Windows\system32\SHELL32.dll
0x000007fefd370000 - 0x000007fefd37f000 	C:\Windows\system32\profapi.dll
0x000000005fa80000 - 0x000000005fb51000 	C:\Users\Jolly94\AppData\Local\Temp\javacpp4709855709851\msvcr100.dll
0x000000005f9e0000 - 0x000000005fa78000 	C:\Users\Jolly94\AppData\Local\Temp\javacpp4709855709851\msvcp100.dll
0x000007feede30000 - 0x000007feee0b0000 	C:\Users\Jolly94\AppData\Local\Temp\javacpp4709855709851\opencv_core2411.dll
0x000007fefa880000 - 0x000007fefaa72000 	C:\Users\Jolly94\AppData\Local\Temp\javacpp4709855709851\jniopencv_core.dll
0x000007feed4a0000 - 0x000007feed761000 	C:\Users\Jolly94\AppData\Local\Temp\javacpp4709855709851\opencv_imgproc2411.dll
0x000007fefaed0000 - 0x000007fefaf78000 	C:\Users\Jolly94\AppData\Local\Temp\javacpp4709855709851\jniopencv_imgproc.dll
0x0000000066840000 - 0x00000000676b4000 	C:\Users\Jolly94\AppData\Local\Temp\javacpp4709855709851\opencv_ffmpeg2411_64.dll
0x000007fef1ee0000 - 0x000007fef212e000 	C:\Users\Jolly94\AppData\Local\Temp\javacpp4709855709851\opencv_highgui2411.dll
0x000007fefaeb0000 - 0x000007fefaecf000 	C:\Windows\system32\AVIFIL32.dll
0x000007fef7420000 - 0x000007fef7438000 	C:\Windows\system32\MSACM32.dll
0x000007fefae80000 - 0x000007fefaea9000 	C:\Windows\system32\MSVFW32.dll
0x000007fefb060000 - 0x000007fefb077000 	C:\Windows\system32\AVICAP32.dll
0x000007fefacb0000 - 0x000007fefad01000 	C:\Users\Jolly94\AppData\Local\Temp\javacpp4709855709851\jniopencv_highgui.dll
0x000000005f840000 - 0x000000005f9d8000 	B:\Program Files\Java\jdk1.8.0_45\bin\awt.dll
0x000000005f7b0000 - 0x000000005f83d000 	C:\Users\Jolly94\AppData\Local\Temp\javacpp4709855709851\avutil-54.dll
0x000007fefac20000 - 0x000007fefaca3000 	C:\Users\Jolly94\AppData\Local\Temp\javacpp4709855709851\jniavutil.dll
0x000000005fcc0000 - 0x000000005fd1e000 	C:\Users\Jolly94\AppData\Local\Temp\javacpp4709855709851\swresample-1.dll
0x000007fefae70000 - 0x000007fefae7f000 	C:\Users\Jolly94\AppData\Local\Temp\javacpp4709855709851\jniswresample.dll
0x000000000c440000 - 0x000000000e15a000 	C:\Users\Jolly94\AppData\Local\Temp\javacpp4709855709851\avcodec-56.dll
0x000007fef23a0000 - 0x000007fef242a000 	C:\Users\Jolly94\AppData\Local\Temp\javacpp4709855709851\jniavcodec.dll
0x000000000e160000 - 0x000000000e7d8000 	C:\Users\Jolly94\AppData\Local\Temp\javacpp4709855709851\avformat-56.dll
0x000007fefd4a0000 - 0x000007fefd60d000 	C:\Windows\system32\CRYPT32.dll
0x000007fefd380000 - 0x000007fefd38f000 	C:\Windows\system32\MSASN1.dll
0x000007fef2950000 - 0x000007fef29c0000 	C:\Users\Jolly94\AppData\Local\Temp\javacpp4709855709851\jniavformat.dll
0x000000005f720000 - 0x000000005f7a3000 	C:\Users\Jolly94\AppData\Local\Temp\javacpp4709855709851\swscale-3.dll
0x000007fefac00000 - 0x000007fefac15000 	C:\Users\Jolly94\AppData\Local\Temp\javacpp4709855709851\jniswscale.dll
0x000007fefcb60000 - 0x000007fefcb78000 	C:\Windows\system32\CRYPTSP.dll
0x000007fefc860000 - 0x000007fefc8a7000 	C:\Windows\system32\rsaenh.dll
0x000007fefd1c0000 - 0x000007fefd1cf000 	C:\Windows\system32\CRYPTBASE.dll
0x000007fef7450000 - 0x000007fef7575000 	C:\Windows\system32\dbghelp.dll

VM Arguments:
jvm_args: -Dfile.encoding=UTF-8 
java_command: JolleeB.BachelorT.App
java_class_path (initial): B:\DevStff\BachelorThesis\Java\BachelorT\target\classes;C:\Users\Jolly94\.m2\repository\xuggle\xuggle-xuggler\5.4\xuggle-xuggler-5.4.jar;C:\Users\Jolly94\.m2\repository\org\slf4j\slf4j-api\1.6.4\slf4j-api-1.6.4.jar;C:\Users\Jolly94\.m2\repository\commons-cli\commons-cli\1.1\commons-cli-1.1.jar;C:\Users\Jolly94\.m2\repository\ch\qos\logback\logback-core\1.0.0\logback-core-1.0.0.jar;C:\Users\Jolly94\.m2\repository\ch\qos\logback\logback-classic\1.0.0\logback-classic-1.0.0.jar;C:\Users\Jolly94\.m2\repository\org\bytedeco\javacv\0.11\javacv-0.11.jar;C:\Users\Jolly94\.m2\repository\org\bytedeco\javacpp\0.11\javacpp-0.11.jar;C:\Users\Jolly94\.m2\repository\org\bytedeco\javacpp-presets\opencv\2.4.11-0.11\opencv-2.4.11-0.11.jar;C:\Users\Jolly94\.m2\repository\org\bytedeco\javacpp-presets\opencv\2.4.11-0.11\opencv-2.4.11-0.11-windows-x86_64.jar;C:\Users\Jolly94\.m2\repository\org\bytedeco\javacpp-presets\ffmpeg\2.6.1-0.11\ffmpeg-2.6.1-0.11.jar;C:\Users\Jolly94\.m2\repository\org\bytedeco\javacpp-presets\ffmpeg\2.6.1-0.11\ffmpeg-2.6.1-0.11-windows-x86_64.jar;C:\Users\Jolly94\.m2\repository\org\bytedeco\javacpp-presets\flycapture\2.7.3.19-0.11\flycapture-2.7.3.19-0.11.jar;C:\Users\Jolly94\.m2\repository\org\bytedeco\javacpp-presets\flycapture\2.7.3.19-0.11\flycapture-2.7.3.19-0.11-windows-x86_64.jar;C:\Users\Jolly94\.m2\repository\org\bytedeco\javacpp-presets\libdc1394\2.2.3-0.11\libdc1394-2.2.3-0.11.jar;C:\Users\Jolly94\.m2\repository\org\bytedeco\javacpp-presets\libdc1394\2.2.3-0.11\libdc1394-2.2.3-0.11-windows-x86_64.jar;C:\Users\Jolly94\.m2\repository\org\bytedeco\javacpp-presets\libfreenect\0.5.2-0.11\libfreenect-0.5.2-0.11.jar;C:\Users\Jolly94\.m2\repository\org\bytedeco\javacpp-presets\libfreenect\0.5.2-0.11\libfreenect-0.5.2-0.11-windows-x86_64.jar;C:\Users\Jolly94\.m2\repository\org\bytedeco\javacpp-presets\videoinput\0.200-0.11\videoinput-0.200-0.11.jar;C:\Users\Jolly94\.m2\repository\org\bytedeco\javacpp-presets\videoinput\0.200-0.11\vid
Launcher Type: SUN_STANDARD

Environment Variables:
PATH=B:/Program Files/Java/jdk1.8.0_45/bin/server;B:/Program Files/Java/jdk1.8.0_45/bin;B:/Program Files/Java/jdk1.8.0_45/lib/amd64;C:\ProgramData\Oracle\Java\javapath;C:\Program Files (x86)\NVIDIA Corporation\PhysX\Common;C:\Program Files (x86)\Intel\iCLS Client\;C:\Program Files\Intel\iCLS Client\;C:\Windows\system32;C:\Windows;C:\Windows\System32\Wbem;C:\Windows\System32\WindowsPowerShell\v1.0\;C:\Program Files\Intel\Intel(R) Management Engine Components\DAL;C:\Program Files\Intel\Intel(R) Management Engine Components\IPT;C:\Program Files (x86)\Intel\Intel(R) Management Engine Components\DAL;C:\Program Files (x86)\Intel\Intel(R) Management Engine Components\IPT;C:\Program Files (x86)\Intel\OpenCL SDK\3.0\bin\x86;C:\Program Files (x86)\Intel\OpenCL SDK\3.0\bin\x64;C:\Program Files (x86)\Autodesk\Backburner\;C:\Program Files\Microsoft SQL Server\110\Tools\Binn\;C:\Program Files (x86)\Microsoft SDKs\TypeScript\1.0\;C:\Program Files\Microsoft\Web Platform Installer\;B:\Program Files (x86)\nodejs\;C:\Program Files (x86)\Skype\Phone\;B:\RailsInstaller\Git\cmd;B:\RailsInstaller\Ruby1.9.3\bin;C:\Users\Jolly94\AppData\Roaming\npm;B:\Program Files\Java\jdk1.7.0_40\bin;.;;.;;C:\Users\Jolly94\java\eclipse;
USERNAME=Jolly94
OS=Windows_NT
PROCESSOR_IDENTIFIER=Intel64 Family 6 Model 60 Stepping 3, GenuineIntel



---------------  S Y S T E M  ---------------

OS: Windows 7 , 64 bit Build 7601 (6.1.7601.18847)

CPU:total 4 (4 cores per cpu, 1 threads per core) family 6 model 60 stepping 3, cmov, cx8, fxsr, mmx, sse, sse2, sse3, ssse3, sse4.1, sse4.2, popcnt, avx, avx2, aes, clmul, erms, rtm, lzcnt, tsc, tscinvbit, bmi1, bmi2

Memory: 4k page, physical 8264692k(4695872k free), swap 8699992k(4450896k free)

vm_info: Java HotSpot(TM) 64-Bit Server VM (25.45-b02) for windows-amd64 JRE (1.8.0_45-b14), built on Apr 10 2015 10:34:15 by "java_re" with MS VC++ 10.0 (VS2010)

time: Tue Jun 30 10:15:24 2015
elapsed time: 36 seconds (0d 0h 0m 36s)

