#
# A fatal error has been detected by the Java Runtime Environment:
#
#  EXCEPTION_ACCESS_VIOLATION (0xc0000005) at pc=0x00000000562ea187, pid=6728, tid=5368
#
# JRE version: Java(TM) SE Runtime Environment (8.0_45-b14) (build 1.8.0_45-b14)
# Java VM: Java HotSpot(TM) 64-Bit Server VM (25.45-b02 mixed mode windows-amd64 compressed oops)
# Problematic frame:
# C  [avformat-56.dll+0x8a187]
#
# Failed to write core dump. Minidumps are not enabled by default on client versions of Windows
#
# If you would like to submit a bug report, please visit:
#   http://bugreport.java.com/bugreport/crash.jsp
# The crash happened outside the Java Virtual Machine in native code.
# See problematic frame for where to report the bug.
#

---------------  T H R E A D  ---------------

Current thread (0x0000000001def800):  JavaThread "main" [_thread_in_native, id=5368, stack(0x0000000002610000,0x0000000002710000)]

siginfo: ExceptionCode=0xc0000005, reading address 0x0000000000000040

Registers:
RAX=0x0000000000000001, RBX=0x0000000000000000, RCX=0x00000000004b1fc0, RDX=0x0000000000000000
RSP=0x000000000270f040, RBP=0x000000000270f410, RSI=0x0000000000000000, RDI=0x00000000004b1fc0
R8 =0x00000000566cb1c0, R9 =0x00000000d6b905a8, R10=0x0000000000000008, R11=0x000000006980acd8
R12=0x0000000000000000, R13=0x00000000004b1fc0, R14=0x0000000000000000, R15=0x0000000000000000
RIP=0x00000000562ea187, EFLAGS=0x0000000000010202

Top of Stack: (sp=0x000000000270f040)
0x000000000270f040:   0000000001ded390 00000000692236b5
0x000000000270f050:   0000000001def800 000000000270f0c0
0x000000000270f060:   000000013f420208 00000000d5fe1480
0x000000000270f070:   0000000001ded390 00000000690c93e8
0x000000000270f080:   0000000000000000 000000000270f110
0x000000000270f090:   0000000000000048 000000006907d7b1
0x000000000270f0a0:   0000000001defc18 0000000001010118
0x000000000270f0b0:   000000000270f108 000000000270f068
0x000000000270f0c0:   00000000695f9d58 000000000a6cd050
0x000000000270f0d0:   0000000000000058 0000000000000033
0x000000000270f0e0:   0000000000015335 000000000000000d
0x000000000270f0f0:   0000000008322618 0000000001def800
0x000000000270f100:   000000000270f210 0000000000000000
0x000000000270f110:   0000000000000000 00000000004b1fc0
0x000000000270f120:   000000000270f410 0000000000000000
0x000000000270f130:   00000000004b1fc0 0000000000000000 

Instructions: (pc=0x00000000562ea187)
0x00000000562ea167:   00 e8 e3 bf 0a 00 90 66 90 41 57 41 56 41 55 41
0x00000000562ea177:   54 55 57 56 53 48 81 ec c8 00 00 00 4c 8b 79 18
0x00000000562ea187:   41 8b 57 40 f6 c2 02 0f 84 b9 05 00 00 45 8b 57
0x00000000562ea197:   58 48 89 4c 24 70 45 85 d2 0f 84 4b 04 00 00 45 


Register to memory mapping:

RAX=0x0000000000000001 is an unknown value
RBX=0x0000000000000000 is an unknown value
RCX=0x00000000004b1fc0 is an unknown value
RDX=0x0000000000000000 is an unknown value
RSP=0x000000000270f040 is pointing into the stack for thread: 0x0000000001def800
RBP=0x000000000270f410 is pointing into the stack for thread: 0x0000000001def800
RSI=0x0000000000000000 is an unknown value
RDI=0x00000000004b1fc0 is an unknown value
R8 =0x00000000566cb1c0 is an unknown value
R9 =0x00000000d6b905a8 is an oop
org.bytedeco.javacpp.avformat$AVFormatContext 
 - klass: 'org/bytedeco/javacpp/avformat$AVFormatContext'
R10=0x0000000000000008 is an unknown value
R11=0x000000006980acd8 is an unknown value
R12=0x0000000000000000 is an unknown value
R13=0x00000000004b1fc0 is an unknown value
R14=0x0000000000000000 is an unknown value
R15=0x0000000000000000 is an unknown value


Stack: [0x0000000002610000,0x0000000002710000],  sp=0x000000000270f040,  free space=1020k
Native frames: (J=compiled Java code, j=interpreted, Vv=VM code, C=native code)
C  [avformat-56.dll+0x8a187]
C  [avformat-56.dll+0x8c2f9]
C  [avformat-56.dll+0xa3ee6]
C  [jniavformat.dll+0x2f6af]
C  0x000000000f025e34

Java frames: (J=compiled Java code, j=interpreted, Vv=VM code)
j  org.bytedeco.javacpp.avformat.av_write_frame(Lorg/bytedeco/javacpp/avformat$AVFormatContext;Lorg/bytedeco/javacpp/avcodec$AVPacket;)I+0
j  org.bytedeco.javacv.FFmpegFrameRecorder.stop()V+95
j  JolleeB.BachelorT.DynamicVideoCreator.stop()V+4
j  JolleeB.BachelorT.App.function2()V+198
j  JolleeB.BachelorT.App.main([Ljava/lang/String;)V+0
v  ~StubRoutines::call_stub

---------------  P R O C E S S  ---------------

Java Threads: ( => current thread )
  0x000000000a50e000 JavaThread "Service Thread" daemon [_thread_blocked, id=6768, stack(0x000000000a250000,0x000000000a350000)]
  0x000000000a490800 JavaThread "C1 CompilerThread2" daemon [_thread_blocked, id=4060, stack(0x000000000a8f0000,0x000000000a9f0000)]
  0x000000000882e800 JavaThread "C2 CompilerThread1" daemon [_thread_blocked, id=4548, stack(0x000000000a390000,0x000000000a490000)]
  0x0000000008829000 JavaThread "C2 CompilerThread0" daemon [_thread_blocked, id=5552, stack(0x000000000a130000,0x000000000a230000)]
  0x0000000008826800 JavaThread "Attach Listener" daemon [_thread_blocked, id=5460, stack(0x0000000009fc0000,0x000000000a0c0000)]
  0x0000000008823000 JavaThread "Signal Dispatcher" daemon [_thread_blocked, id=3404, stack(0x0000000009e80000,0x0000000009f80000)]
  0x00000000087c1800 JavaThread "Finalizer" daemon [_thread_blocked, id=6596, stack(0x0000000009cd0000,0x0000000009dd0000)]
  0x00000000087c0000 JavaThread "Reference Handler" daemon [_thread_blocked, id=2836, stack(0x0000000009af0000,0x0000000009bf0000)]
=>0x0000000001def800 JavaThread "main" [_thread_in_native, id=5368, stack(0x0000000002610000,0x0000000002710000)]

Other Threads:
  0x00000000087bc800 VMThread [stack: 0x0000000009910000,0x0000000009a10000] [id=4296]
  0x000000000a51d800 WatcherThread [stack: 0x000000000abb0000,0x000000000acb0000] [id=6896]

VM state:not at safepoint (normal execution)

VM Mutex/Monitor currently owned by a thread: None

Heap:
 PSYoungGen      total 38400K, used 15315K [0x00000000d5f80000, 0x00000000d8a00000, 0x0000000100000000)
  eden space 33280K, 46% used [0x00000000d5f80000,0x00000000d6e74d58,0x00000000d8000000)
  from space 5120K, 0% used [0x00000000d8500000,0x00000000d8500000,0x00000000d8a00000)
  to   space 5120K, 0% used [0x00000000d8000000,0x00000000d8000000,0x00000000d8500000)
 ParOldGen       total 87552K, used 0K [0x0000000081e00000, 0x0000000087380000, 0x00000000d5f80000)
  object space 87552K, 0% used [0x0000000081e00000,0x0000000081e00000,0x0000000087380000)
 Metaspace       used 5970K, capacity 6076K, committed 6144K, reserved 1056768K
  class space    used 675K, capacity 726K, committed 768K, reserved 1048576K

Card table byte_map: [0x0000000002e40000,0x0000000003240000] byte_map_base: 0x0000000002a31000

Marking Bits: (ParMarkBitMap*) 0x0000000069814040
 Begin Bits: [0x0000000003b20000, 0x0000000005aa8000)
 End Bits:   [0x0000000005aa8000, 0x0000000007a30000)

Polling page: 0x0000000000130000

CodeCache: size=245760Kb used=2709Kb max_used=2709Kb free=243050Kb
 bounds [0x000000000f010000, 0x000000000f2c0000, 0x000000001e010000]
 total_blobs=950 nmethods=612 adapters=251
 compilation: enabled

Compilation events (10 events):
Event: 1.341 Thread 0x000000000a490800  596       3       sun.invoke.util.VerifyType::isNullConversion (157 bytes)
Event: 1.342 Thread 0x000000000a490800 nmethod 596 0x000000000f2b04d0 code [0x000000000f2b07c0, 0x000000000f2b2778]
Event: 1.342 Thread 0x000000000a490800  609       3       java.lang.invoke.LambdaForm::signatureArity (28 bytes)
Event: 1.342 Thread 0x000000000a490800 nmethod 609 0x000000000f2aa110 code [0x000000000f2aa280, 0x000000000f2aa568]
Event: 1.342 Thread 0x000000000a490800  610       3       jdk.internal.org.objectweb.asm.ByteVector::<init> (13 bytes)
Event: 1.343 Thread 0x000000000a490800 nmethod 610 0x000000000f2b2e50 code [0x000000000f2b2fc0, 0x000000000f2b3210]
Event: 1.343 Thread 0x000000000a490800  611       3       jdk.internal.org.objectweb.asm.ByteVector::putByteArray (49 bytes)
Event: 1.343 Thread 0x000000000a490800 nmethod 611 0x000000000f2b32d0 code [0x000000000f2b3440, 0x000000000f2b3778]
Event: 1.345 Thread 0x000000000a490800  612       3       java.nio.Buffer::position (43 bytes)
Event: 1.346 Thread 0x000000000a490800 nmethod 612 0x000000000f2b5b90 code [0x000000000f2b5d00, 0x000000000f2b5fc8]

GC Heap History (0 events):
No events

Deoptimization events (0 events):
No events

Internal exceptions (10 events):
Event: 0.116 Thread 0x0000000001def800 Exception <a 'java/security/PrivilegedActionException'> (0x00000000d6349f70) thrown at [C:\re\workspace\8-2-build-windows-amd64-cygwin\jdk8u45\3457\hotspot\src\share\vm\prims\jvm.cpp, line 1382]
Event: 0.116 Thread 0x0000000001def800 Exception <a 'java/security/PrivilegedActionException'> (0x00000000d634b2c8) thrown at [C:\re\workspace\8-2-build-windows-amd64-cygwin\jdk8u45\3457\hotspot\src\share\vm\prims\jvm.cpp, line 1382]
Event: 0.116 Thread 0x0000000001def800 Exception <a 'java/security/PrivilegedActionException'> (0x00000000d634b480) thrown at [C:\re\workspace\8-2-build-windows-amd64-cygwin\jdk8u45\3457\hotspot\src\share\vm\prims\jvm.cpp, line 1382]
Event: 0.116 Thread 0x0000000001def800 Exception <a 'java/security/PrivilegedActionException'> (0x00000000d634c818) thrown at [C:\re\workspace\8-2-build-windows-amd64-cygwin\jdk8u45\3457\hotspot\src\share\vm\prims\jvm.cpp, line 1382]
Event: 0.116 Thread 0x0000000001def800 Exception <a 'java/security/PrivilegedActionException'> (0x00000000d634c9d0) thrown at [C:\re\workspace\8-2-build-windows-amd64-cygwin\jdk8u45\3457\hotspot\src\share\vm\prims\jvm.cpp, line 1382]
Event: 0.116 Thread 0x0000000001def800 Exception <a 'java/security/PrivilegedActionException'> (0x00000000d634dc58) thrown at [C:\re\workspace\8-2-build-windows-amd64-cygwin\jdk8u45\3457\hotspot\src\share\vm\prims\jvm.cpp, line 1382]
Event: 0.116 Thread 0x0000000001def800 Exception <a 'java/security/PrivilegedActionException'> (0x00000000d634de10) thrown at [C:\re\workspace\8-2-build-windows-amd64-cygwin\jdk8u45\3457\hotspot\src\share\vm\prims\jvm.cpp, line 1382]
Event: 1.309 Thread 0x000000000b2f8800 Exception <a 'java/lang/NullPointerException'> (0x00000000d6bdb2e8) thrown at [C:\re\workspace\8-2-build-windows-amd64-cygwin\jdk8u45\3457\hotspot\src\share\vm\interpreter\linkResolver.cpp, line 1178]
Event: 1.332 Thread 0x0000000001def800 Exception <a 'java/lang/NoSuchFieldError': method resolution failed> (0x00000000d6d0fd00) thrown at [C:\re\workspace\8-2-build-windows-amd64-cygwin\jdk8u45\3457\hotspot\src\share\vm\prims\methodHandles.cpp, line 1125]
Event: 1.333 Thread 0x0000000001def800 Exception <a 'java/lang/NoSuchFieldError': method resolution failed> (0x00000000d6d1e370) thrown at [C:\re\workspace\8-2-build-windows-amd64-cygwin\jdk8u45\3457\hotspot\src\share\vm\prims\methodHandles.cpp, line 1125]

Events (10 events):
Event: 1.345 loading class sun/java2d/StateTrackableDelegate done
Event: 1.345 loading class sun/java2d/StateTrackableDelegate$2
Event: 1.345 loading class sun/java2d/StateTrackableDelegate$2 done
Event: 1.345 loading class java/awt/Point
Event: 1.345 loading class java/awt/geom/Point2D
Event: 1.345 loading class java/awt/geom/Point2D done
Event: 1.345 loading class java/awt/Point done
Event: 1.345 loading class java/awt/image/PixelInterleavedSampleModel
Event: 1.345 loading class java/awt/image/PixelInterleavedSampleModel done
Event: 1.345 Thread 0x000000000ad96800 Thread exited: 0x000000000ad96800


Dynamic libraries:
0x000000013f3e0000 - 0x000000013f417000 	B:\Program Files\Java\jdk1.8.0_45\bin\javaw.exe
0x0000000077420000 - 0x00000000775c8000 	C:\Windows\SYSTEM32\ntdll.dll
0x0000000077300000 - 0x000000007741f000 	C:\Windows\system32\kernel32.dll
0x000007fefd310000 - 0x000007fefd37c000 	C:\Windows\system32\KERNELBASE.dll
0x000007fefdf90000 - 0x000007fefe06b000 	C:\Windows\system32\ADVAPI32.dll
0x000007fefe250000 - 0x000007fefe2ef000 	C:\Windows\system32\msvcrt.dll
0x000007fefe4d0000 - 0x000007fefe4ef000 	C:\Windows\SYSTEM32\sechost.dll
0x000007fefe4f0000 - 0x000007fefe61d000 	C:\Windows\system32\RPCRT4.dll
0x0000000077200000 - 0x00000000772fa000 	C:\Windows\system32\USER32.dll
0x000007fefd5c0000 - 0x000007fefd627000 	C:\Windows\system32\GDI32.dll
0x000007fefe170000 - 0x000007fefe17e000 	C:\Windows\system32\LPK.dll
0x000007fefe180000 - 0x000007fefe249000 	C:\Windows\system32\USP10.dll
0x000007fefbae0000 - 0x000007fefbcd4000 	C:\Windows\WinSxS\amd64_microsoft.windows.common-controls_6595b64144ccf1df_6.0.7601.18807_none_fa381d5f175bfb52\COMCTL32.dll
0x000007fefe070000 - 0x000007fefe0e1000 	C:\Windows\system32\SHLWAPI.dll
0x000007fefdf60000 - 0x000007fefdf8e000 	C:\Windows\system32\IMM32.DLL
0x000007fefdb60000 - 0x000007fefdc69000 	C:\Windows\system32\MSCTF.dll
0x000007fefd100000 - 0x000007fefd146000 	C:\Windows\system32\nvinitx.dll
0x000000000f000000 - 0x000000000f006000 	C:\Program Files\NVIDIA Corporation\CoProcManager\_etoured.dll
0x000007fefa250000 - 0x000007fefa2a5000 	C:\Program Files\NVIDIA Corporation\CoProcManager\nvd3d9wrapx.dll
0x000007fefe2f0000 - 0x000007fefe4c7000 	C:\Windows\system32\SETUPAPI.dll
0x000007fefd2d0000 - 0x000007fefd306000 	C:\Windows\system32\CFGMGR32.dll
0x000007fefd680000 - 0x000007fefd757000 	C:\Windows\system32\OLEAUT32.dll
0x000007fefd950000 - 0x000007fefdb53000 	C:\Windows\system32\ole32.dll
0x000007fefd260000 - 0x000007fefd27a000 	C:\Windows\system32\DEVOBJ.dll
0x000007fef9590000 - 0x000007fef95cd000 	C:\Program Files\NVIDIA Corporation\CoProcManager\nvdxgiwrapx.dll
0x0000000056940000 - 0x0000000056a12000 	B:\Program Files\Java\jdk1.8.0_45\bin\msvcr100.dll
0x0000000069010000 - 0x0000000069893000 	B:\Program Files\Java\jdk1.8.0_45\bin\server\jvm.dll
0x000007fef4570000 - 0x000007fef4579000 	C:\Windows\system32\WSOCK32.dll
0x000007fefd630000 - 0x000007fefd67d000 	C:\Windows\system32\WS2_32.dll
0x000007feff450000 - 0x000007feff458000 	C:\Windows\system32\NSI.dll
0x000007fef9550000 - 0x000007fef958b000 	C:\Windows\system32\WINMM.dll
0x000007fefc0b0000 - 0x000007fefc0bc000 	C:\Windows\system32\VERSION.dll
0x00000000775f0000 - 0x00000000775f7000 	C:\Windows\system32\PSAPI.DLL
0x0000000072e20000 - 0x0000000072e2f000 	B:\Program Files\Java\jdk1.8.0_45\bin\verify.dll
0x0000000072df0000 - 0x0000000072e19000 	B:\Program Files\Java\jdk1.8.0_45\bin\java.dll
0x0000000072dd0000 - 0x0000000072de6000 	B:\Program Files\Java\jdk1.8.0_45\bin\zip.dll
0x000007fefe6c0000 - 0x000007feff449000 	C:\Windows\system32\SHELL32.dll
0x000007fefd1e0000 - 0x000007fefd1ef000 	C:\Windows\system32\profapi.dll
0x0000000056a70000 - 0x0000000056afd000 	C:\Users\Jolly94\AppData\Local\Temp\javacpp11418307963725\avutil-54.dll
0x000007fef99b0000 - 0x000007fef9a33000 	C:\Users\Jolly94\AppData\Local\Temp\javacpp11418307963725\jniavutil.dll
0x00000000568e0000 - 0x000000005693e000 	C:\Users\Jolly94\AppData\Local\Temp\javacpp11418307963725\swresample-1.dll
0x000007fefafb0000 - 0x000007fefafbf000 	C:\Users\Jolly94\AppData\Local\Temp\javacpp11418307963725\jniswresample.dll
0x00000000538e0000 - 0x00000000555fa000 	C:\Users\Jolly94\AppData\Local\Temp\javacpp11418307963725\avcodec-56.dll
0x000007fef9920000 - 0x000007fef99aa000 	C:\Users\Jolly94\AppData\Local\Temp\javacpp11418307963725\jniavcodec.dll
0x0000000056260000 - 0x00000000568d8000 	C:\Users\Jolly94\AppData\Local\Temp\javacpp11418307963725\avformat-56.dll
0x000007fefd430000 - 0x000007fefd59d000 	C:\Windows\system32\CRYPT32.dll
0x000007fefd1f0000 - 0x000007fefd1ff000 	C:\Windows\system32\MSASN1.dll
0x000007fef96e0000 - 0x000007fef9750000 	C:\Users\Jolly94\AppData\Local\Temp\javacpp11418307963725\jniavformat.dll
0x00000000561d0000 - 0x0000000056253000 	C:\Users\Jolly94\AppData\Local\Temp\javacpp11418307963725\swscale-3.dll
0x000007fefa0f0000 - 0x000007fefa105000 	C:\Users\Jolly94\AppData\Local\Temp\javacpp11418307963725\jniswscale.dll
0x000007fefc990000 - 0x000007fefc9a8000 	C:\Windows\system32\CRYPTSP.dll
0x000007fefc690000 - 0x000007fefc6d7000 	C:\Windows\system32\rsaenh.dll
0x000007fefd030000 - 0x000007fefd03f000 	C:\Windows\system32\CRYPTBASE.dll
0x0000000056030000 - 0x00000000561c8000 	B:\Program Files\Java\jdk1.8.0_45\bin\awt.dll
0x000007fef75f0000 - 0x000007fef7715000 	C:\Windows\system32\dbghelp.dll

VM Arguments:
jvm_args: -Dfile.encoding=UTF-8 
java_command: JolleeB.BachelorT.App
java_class_path (initial): B:\DevStff\BachelorThesis\Java\BachelorT\target\classes;C:\Users\Jolly94\.m2\repository\xuggle\xuggle-xuggler\5.4\xuggle-xuggler-5.4.jar;C:\Users\Jolly94\.m2\repository\org\slf4j\slf4j-api\1.6.4\slf4j-api-1.6.4.jar;C:\Users\Jolly94\.m2\repository\commons-cli\commons-cli\1.1\commons-cli-1.1.jar;C:\Users\Jolly94\.m2\repository\ch\qos\logback\logback-core\1.0.0\logback-core-1.0.0.jar;C:\Users\Jolly94\.m2\repository\ch\qos\logback\logback-classic\1.0.0\logback-classic-1.0.0.jar;C:\Users\Jolly94\.m2\repository\org\bytedeco\javacv\0.11\javacv-0.11.jar;C:\Users\Jolly94\.m2\repository\org\bytedeco\javacpp\0.11\javacpp-0.11.jar;C:\Users\Jolly94\.m2\repository\org\bytedeco\javacpp-presets\opencv\2.4.11-0.11\opencv-2.4.11-0.11.jar;C:\Users\Jolly94\.m2\repository\org\bytedeco\javacpp-presets\opencv\2.4.11-0.11\opencv-2.4.11-0.11-windows-x86_64.jar;C:\Users\Jolly94\.m2\repository\org\bytedeco\javacpp-presets\ffmpeg\2.6.1-0.11\ffmpeg-2.6.1-0.11.jar;C:\Users\Jolly94\.m2\repository\org\bytedeco\javacpp-presets\ffmpeg\2.6.1-0.11\ffmpeg-2.6.1-0.11-windows-x86_64.jar;C:\Users\Jolly94\.m2\repository\org\bytedeco\javacpp-presets\flycapture\2.7.3.19-0.11\flycapture-2.7.3.19-0.11.jar;C:\Users\Jolly94\.m2\repository\org\bytedeco\javacpp-presets\flycapture\2.7.3.19-0.11\flycapture-2.7.3.19-0.11-windows-x86_64.jar;C:\Users\Jolly94\.m2\repository\org\bytedeco\javacpp-presets\libdc1394\2.2.3-0.11\libdc1394-2.2.3-0.11.jar;C:\Users\Jolly94\.m2\repository\org\bytedeco\javacpp-presets\libdc1394\2.2.3-0.11\libdc1394-2.2.3-0.11-windows-x86_64.jar;C:\Users\Jolly94\.m2\repository\org\bytedeco\javacpp-presets\libfreenect\0.5.2-0.11\libfreenect-0.5.2-0.11.jar;C:\Users\Jolly94\.m2\repository\org\bytedeco\javacpp-presets\libfreenect\0.5.2-0.11\libfreenect-0.5.2-0.11-windows-x86_64.jar;C:\Users\Jolly94\.m2\repository\org\bytedeco\javacpp-presets\videoinput\0.200-0.11\videoinput-0.200-0.11.jar;C:\Users\Jolly94\.m2\repository\org\bytedeco\javacpp-presets\videoinput\0.200-0.11\vid
Launcher Type: SUN_STANDARD

Environment Variables:
PATH=B:/Program Files/Java/jdk1.8.0_45/bin/server;B:/Program Files/Java/jdk1.8.0_45/bin;B:/Program Files/Java/jdk1.8.0_45/lib/amd64;C:\ProgramData\Oracle\Java\javapath;C:\Program Files (x86)\NVIDIA Corporation\PhysX\Common;C:\Program Files (x86)\Intel\iCLS Client\;C:\Program Files\Intel\iCLS Client\;C:\Windows\system32;C:\Windows;C:\Windows\System32\Wbem;C:\Windows\System32\WindowsPowerShell\v1.0\;C:\Program Files\Intel\Intel(R) Management Engine Components\DAL;C:\Program Files\Intel\Intel(R) Management Engine Components\IPT;C:\Program Files (x86)\Intel\Intel(R) Management Engine Components\DAL;C:\Program Files (x86)\Intel\Intel(R) Management Engine Components\IPT;C:\Program Files (x86)\Intel\OpenCL SDK\3.0\bin\x86;C:\Program Files (x86)\Intel\OpenCL SDK\3.0\bin\x64;C:\Program Files (x86)\Autodesk\Backburner\;C:\Program Files\Microsoft SQL Server\110\Tools\Binn\;C:\Program Files (x86)\Microsoft SDKs\TypeScript\1.0\;C:\Program Files\Microsoft\Web Platform Installer\;B:\Program Files (x86)\nodejs\;C:\Program Files (x86)\Skype\Phone\;B:\RailsInstaller\Git\cmd;B:\RailsInstaller\Ruby1.9.3\bin;C:\Users\Jolly94\AppData\Roaming\npm;B:\Program Files\Java\jdk1.7.0_40\bin;.;;.;;C:\Users\Jolly94\java\eclipse;
USERNAME=Jolly94
OS=Windows_NT
PROCESSOR_IDENTIFIER=Intel64 Family 6 Model 60 Stepping 3, GenuineIntel



---------------  S Y S T E M  ---------------

OS: Windows 7 , 64 bit Build 7601 (6.1.7601.18798)

CPU:total 4 (4 cores per cpu, 1 threads per core) family 6 model 60 stepping 3, cmov, cx8, fxsr, mmx, sse, sse2, sse3, ssse3, sse4.1, sse4.2, popcnt, avx, avx2, aes, clmul, erms, rtm, lzcnt, tsc, tscinvbit, bmi1, bmi2

Memory: 4k page, physical 8264692k(4008268k free), swap 14218592k(9032544k free)

vm_info: Java HotSpot(TM) 64-Bit Server VM (25.45-b02) for windows-amd64 JRE (1.8.0_45-b14), built on Apr 10 2015 10:34:15 by "java_re" with MS VC++ 10.0 (VS2010)

time: Tue Jun 02 12:26:49 2015
elapsed time: 1 seconds (0d 0h 0m 1s)

